This script was generated by crab (version 2.10.3).
Running /scratch/condor/execute/dir_7556/CREAM470044609/glide_IKIWVO/execute/dir_20457/condor_exec.exe with 2 positional parameters: 1 1
Today is Tue Mar 11 09:45:27 CET 2014
Job submitted on host wn77.cism.ucl.ac.be
Linux wn77.cism.ucl.ac.be 2.6.32-358.18.1.el6.x86_64 #1 SMP Tue Aug 27 14:23:09 CDT 2013 x86_64 x86_64 x86_64 GNU/Linux
>>> current directory (RUNTIME_AREA): /scratch/condor/execute/dir_7556/CREAM470044609/glide_IKIWVO/execute/dir_20457
>>> current user: uid=42618(cms118) gid=42000(cms) groups=42000(cms)
>>> directory permission set to 0700
>>> umask set to:  u=rwx,g=,o=
>>> stdout stderr permission set to 0704
>>> voms proxy information:
subject   : /DC=ch/DC=cern/OU=Organic Units/OU=Users/CN=yoshin/CN=742847/CN=Young Ho Shin/CN=794641100/CN=1370931988
issuer    : /DC=ch/DC=cern/OU=Organic Units/OU=Users/CN=yoshin/CN=742847/CN=Young Ho Shin/CN=794641100
identity  : /DC=ch/DC=cern/OU=Organic Units/OU=Users/CN=yoshin/CN=742847/CN=Young Ho Shin/CN=794641100
type      : RFC compliant proxy
strength  : 1024 bits
path      : /scratch/condor/execute/dir_7556/CREAM470044609/glide_IKIWVO/execute/dir_20457/x509up_u1112
timeleft  : 23:58:37
key usage : Digital Signature, Key Encipherment
=== VO cms extension information ===
VO        : cms
subject   : /DC=ch/DC=cern/OU=Organic Units/OU=Users/CN=yoshin/CN=742847/CN=Young Ho Shin
issuer    : /DC=ch/DC=cern/OU=computers/CN=voms.cern.ch
attribute : /cms/Role=NULL/Capability=NULL
attribute : /cms/uscms/Role=NULL/Capability=NULL
timeleft  : 191:33:02
uri       : voms.cern.ch:15002
WNHostName=wn77.cism.ucl.ac.be
>>> tar --no-same-permissions -xf /scratch/condor/execute/dir_7556/CREAM470044609/glide_IKIWVO/execute/dir_20457/default.tgz :
Successful untar
>>> Include /scratch/condor/execute/dir_7556/CREAM470044609/glide_IKIWVO/execute/dir_20457 in PYTHONPATH:
PYTHONPATH=/scratch/condor/execute/dir_7556/CREAM470044609/glide_IKIWVO/execute/dir_20457/:/nfs/soft/grid/EMI-20130903/usr/lib64/python2.6/site-packages
strip arguments
env var CRAB_UNIQUE_JOB_ID set to: yoshin_T_schan_5bs16z_1_1_Oag
out_files_1
>>> list of expected files on output sandbox
output files: crab_fjr_1.xml CMSSW_1.stdout CMSSW_1.stderr Watchdog_1.log.gz
>>> GridFlavour discovery: 
GridFlavour=LCG
>>> SyncSite discovery: 
SyncSite=T2_BE_UCL
>>> SyncCE discovery: 
getting SyncCE from CE_ID
SyncCE=ingrid.cism.ucl.ac.be:8443/cream-condor-cms
>>> info for dashboard:
***** Cat /scratch/condor/execute/dir_7556/CREAM470044609/glide_IKIWVO/execute/dir_20457/jobreport.txt *****
WNHostName=wn77.cism.ucl.ac.be
MonitorJobID=1_https://hcc-crabserver.unl.edu//140311//90049.0
SyncGridJobId=https://hcc-crabserver.unl.edu//140311//90049.0
MonitorID=yoshin_T_schan_5bs16z
GridFlavour=LCG
SyncSite=T2_BE_UCL
SyncCE=ingrid.cism.ucl.ac.be:8443/cream-condor-cms
***** End Cat jobreport *****
Parameters sent to Dashboard.
>>> setup environment
set SCRAM ARCH to slc5_amd64_gcc462
SCRAM_ARCH = slc5_amd64_gcc462
>>> setup CMS LCG environment:
set SCRAM ARCH and BUILD_ARCH to slc5_amd64_gcc462 ###
Sourcing environment... 
sourcing /cvmfs/cms.cern.ch/cmsset_default.sh
==> setup cms environment ok
>>> specific cmssw setup environment:
CMSSW_VERSION =  CMSSW_5_3_9_patch3
>>> current directory (SOFTWARE_DIR): /scratch/condor/execute/dir_7556/CREAM470044609/glide_IKIWVO/execute/dir_20457/CMSSW_5_3_9_patch3
PreserveSeeds: <>
IncrementSeeds:<>
{}
>>> info for dashboard:
***** Cat /scratch/condor/execute/dir_7556/CREAM470044609/glide_IKIWVO/execute/dir_20457/jobreport.txt *****
MonitorJobID=1_https://hcc-crabserver.unl.edu//140311//90049.0
MonitorID=yoshin_T_schan_5bs16z
***** End Cat jobreport *****
Parameters sent to Dashboard.
crabWatchdog started as process 21457
>>> moving CMSSW software directories in /scratch/condor/execute/dir_7556/CREAM470044609/glide_IKIWVO/execute/dir_20457/CMSSW_5_3_9_patch3
 
# LIMITS USED BY CRAB WATCHDOG:
# RSS  (KBytes)   : 2300000
# VSZ  (KBytes)   : 100000000
# DISK (MBytes)   : 19000
# CPU TIME        : 720h:0m:0s
mv: cannot stat `/scratch/condor/execute/dir_7556/CREAM470044609/glide_IKIWVO/execute/dir_20457/module/': No such file or directory
>>> Include /scratch/condor/execute/dir_7556/CREAM470044609/glide_IKIWVO/execute/dir_20457 in PYTHONPATH:
PYTHONPATH=/scratch/condor/execute/dir_7556/CREAM470044609/glide_IKIWVO/execute/dir_20457/:/scratch/condor/execute/dir_7556/CREAM470044609/glide_IKIWVO/execute/dir_20457/CMSSW_5_3_9_patch3/python:/scratch/condor/execute/dir_7556/CREAM470044609/glide_IKIWVO/execute/dir_20457/CMSSW_5_3_9_patch3/lib/slc5_amd64_gcc462:/cvmfs/cms.cern.ch/slc5_amd64_gcc462/cms/cmssw-patch/CMSSW_5_3_9_patch3/python:/cvmfs/cms.cern.ch/slc5_amd64_gcc462/cms/cmssw-patch/CMSSW_5_3_9_patch3/lib/slc5_amd64_gcc462:/cvmfs/cms.cern.ch/slc5_amd64_gcc462/cms/cmssw/CMSSW_5_3_9/bin/slc5_amd64_gcc462:/cvmfs/cms.cern.ch/slc5_amd64_gcc462/cms/cmssw/CMSSW_5_3_9/lib/slc5_amd64_gcc462:/cvmfs/cms.cern.ch/slc5_amd64_gcc462/cms/coral/CORAL_2_3_21-cms32/slc5_amd64_gcc462/python:/cvmfs/cms.cern.ch/slc5_amd64_gcc462/cms/coral/CORAL_2_3_21-cms32/slc5_amd64_gcc462/lib:/cvmfs/cms.cern.ch/slc5_amd64_gcc462/external/pyqt/4.8.1/lib/python2.6/site-packages:/cvmfs/cms.cern.ch/slc5_amd64_gcc462/external/py2-scipy/0.8.0/lib/python2.6/site-packages:/cvmfs/cms.cern.ch/slc5_amd64_gcc462/external/py2-matplotlib/1.0.1/lib/python2.6/site-packages:/cvmfs/cms.cern.ch/slc5_amd64_gcc462/external/python-ldap/2.3.5/lib/python2.6/site-packages:/cvmfs/cms.cern.ch/slc5_amd64_gcc462/external/sip/4.11.2/lib/python2.6/site-packages:/cvmfs/cms.cern.ch/slc5_amd64_gcc462/external/py2-pycurl/7.19.0/lib/python2.6/site-packages:/cvmfs/cms.cern.ch/slc5_amd64_gcc462/external/py2-numpy/1.6.1/lib/python2.6/site-packages:/cvmfs/cms.cern.ch/slc5_amd64_gcc462/external/py2-ipython/0.10/lib/python2.6/site-packages:/cvmfs/cms.cern.ch/slc5_amd64_gcc462/external/py2-cx-oracle/5.1-cms11/lib/python2.6/site-packages:/cvmfs/cms.cern.ch/slc5_amd64_gcc462/external/py2-cjson/1.0.5/lib/python2.6/site-packages:/cvmfs/cms.cern.ch/slc5_amd64_gcc462/cms/das-client/1.4.1-cms8/bin:/cvmfs/cms.cern.ch/slc5_amd64_gcc462/external/elementtree/1.2.6/share/lib/python2.6/site-packages:/cvmfs/cms.cern.ch/slc5_amd64_gcc462/external/rivet/1.8.2/lib/python2.6/site-packages:/cvmfs/cms.cern.ch/slc5_amd64_gcc462/external/pyminuit2/0.0.1-cms39/lib/python2.6/site-packages:/cvmfs/cms.cern.ch/slc5_amd64_gcc462/external/professor/1.0.0-cms40/lib/python2.6/site-packages:/cvmfs/cms.cern.ch/slc5_amd64_gcc462/lcg/root/5.32.00-cms21/lib:/cvmfs/cms.cern.ch/slc5_amd64_gcc462/cms/dbs-client/DBS_2_1_1_patch1_1/lib:/cvmfs/cms.cern.ch/slc5_amd64_gcc462/cms/dbs-client/DBS_2_1_1_patch1_1/lib/DBSAPI:/scratch/condor/execute/dir_7556/CREAM470044609/glide_IKIWVO/execute/dir_20457/:/nfs/soft/grid/EMI-20130903/usr/lib64/python2.6/site-packages
# WALL CLOCK TIME : 21h:50m:0s
 
3b2d66f5b8402c8a2046770a14ba6d4e
PSETHASH = 3b2d66f5b8402c8a2046770a14ba6d4e
/scratch/condor/execute/dir_7556/CREAM470044609/glide_IKIWVO/execute/dir_20457/writeCfg.py pset.py pset.py
Importing .py file
Setting parameters
inputBlocks=/T_s-channel_TuneZ2star_8TeV-powheg-tauola/Summer12_DR53X-PU_S10_START53_V7A-v1/AODSIM#62bd11c8-ea0b-11e1-b87d-003048f02c8a
inputFiles=/store/mc/Summer12_DR53X/T_s-channel_TuneZ2star_8TeV-powheg-tauola/AODSIM/PU_S10_START53_V7A-v1/0000/42246509-1CEA-E111-8E2A-003048FFD744.root;/store/mc/Summer12_DR53X/T_s-channel_TuneZ2star_8TeV-powheg-tauola/AODSIM/PU_S10_START53_V7A-v1/0000/B254E16D-18EA-E111-9961-003048678B70.root;/store/mc/Summer12_DR53X/T_s-channel_TuneZ2star_8TeV-powheg-tauola/AODSIM/PU_S10_START53_V7A-v1/0000/AE396C1A-19EA-E111-8747-0026189438F2.root
parentFiles=
lumisRange=
>>> Executable cmsRun
/cvmfs/cms.cern.ch/slc5_amd64_gcc462/cms/cmssw-patch/CMSSW_5_3_9_patch3/bin/slc5_amd64_gcc462/cmsRun
ok executable found
>>> info for dashboard:
***** Cat /scratch/condor/execute/dir_7556/CREAM470044609/glide_IKIWVO/execute/dir_20457/jobreport.txt *****
MonitorJobID=1_https://hcc-crabserver.unl.edu//140311//90049.0
MonitorID=yoshin_T_schan_5bs16z
ExeStart=cmsRun
***** End Cat jobreport *****
Parameters sent to Dashboard.
>>> cmsRun started at Tue Mar 11 08:46:07 UTC 2014
>>> cmsRun ended at Tue Mar 11 13:08:45 UTC 2014
>>> crab_fjr_*.xml  permission set to 0704
>>> info for dashboard:
***** Cat /scratch/condor/execute/dir_7556/CREAM470044609/glide_IKIWVO/execute/dir_20457/jobreport.txt *****
MonitorJobID=1_https://hcc-crabserver.unl.edu//140311//90049.0
MonitorID=yoshin_T_schan_5bs16z
ExeEnd=cmsRun
***** End Cat jobreport *****
Parameters sent to Dashboard.
TIME_EXE = 15758 sec
>>> cmsRun wrote 299 lines of stdout+stderr
>>> START OF printout of 299 lines from stdout+stderr
11-Mar-2014 09:46:41 CET  Initiating request to open file file:///storage/data/cms/store/mc/Summer12_DR53X/T_s-channel_TuneZ2star_8TeV-powheg-tauola/AODSIM/PU_S10_START53_V7A-v1/0000/42246509-1CEA-E111-8E2A-003048FFD744.root
11-Mar-2014 09:46:43 CET  Successfully opened file file:///storage/data/cms/store/mc/Summer12_DR53X/T_s-channel_TuneZ2star_8TeV-powheg-tauola/AODSIM/PU_S10_START53_V7A-v1/0000/42246509-1CEA-E111-8E2A-003048FFD744.root
Reading JEC parameters = SubTotalMC from file = /scratch/condor/execute/dir_7556/CREAM470044609/glide_IKIWVO/execute/dir_20457/CMSSW_5_3_9_patch3/src/PhysicsTools/PatUtils/data/Summer13_V1_DATA_UncertaintySources_AK5PF.txt.
Reading JEC parameters = SubTotalMC from file = /scratch/condor/execute/dir_7556/CREAM470044609/glide_IKIWVO/execute/dir_20457/CMSSW_5_3_9_patch3/src/PhysicsTools/PatUtils/data/Summer13_V1_DATA_UncertaintySources_AK5PF.txt.
Reading JEC parameters = SubTotalMC from file = /scratch/condor/execute/dir_7556/CREAM470044609/glide_IKIWVO/execute/dir_20457/CMSSW_5_3_9_patch3/src/PhysicsTools/PatUtils/data/Summer13_V1_DATA_UncertaintySources_AK5PF.txt.
Reading JEC parameters = SubTotalMC from file = /scratch/condor/execute/dir_7556/CREAM470044609/glide_IKIWVO/execute/dir_20457/CMSSW_5_3_9_patch3/src/PhysicsTools/PatUtils/data/Summer13_V1_DATA_UncertaintySources_AK5PF.txt.
Reading JEC parameters = SubTotalMC from file = /scratch/condor/execute/dir_7556/CREAM470044609/glide_IKIWVO/execute/dir_20457/CMSSW_5_3_9_patch3/src/PhysicsTools/PatUtils/data/Summer13_V1_DATA_UncertaintySources_AK5PF.txt.
Reading JEC parameters = SubTotalMC from file = /scratch/condor/execute/dir_7556/CREAM470044609/glide_IKIWVO/execute/dir_20457/CMSSW_5_3_9_patch3/src/PhysicsTools/PatUtils/data/Summer13_V1_DATA_UncertaintySources_AK5PF.txt.
Reading JEC parameters = SubTotalMC from file = /scratch/condor/execute/dir_7556/CREAM470044609/glide_IKIWVO/execute/dir_20457/CMSSW_5_3_9_patch3/src/PhysicsTools/PatUtils/data/Summer13_V1_DATA_UncertaintySources_AK5PF.txt.
Reading JEC parameters = SubTotalMC from file = /scratch/condor/execute/dir_7556/CREAM470044609/glide_IKIWVO/execute/dir_20457/CMSSW_5_3_9_patch3/src/PhysicsTools/PatUtils/data/Summer13_V1_DATA_UncertaintySources_AK5PF.txt.
 =============================== print selections
 selection :    e20M x 2     
 selection :    e20M x 1        m20M x 1     
 selection :    m20M x 2     
Reading JEC parameters = SubTotalMC from file = /scratch/condor/execute/dir_7556/CREAM470044609/glide_IKIWVO/execute/dir_20457/CMSSW_5_3_9_patch3/src/PhysicsTools/PatUtils/data/Summer13_V1_DATA_UncertaintySources_AK5PF.txt.
Reading JEC parameters = SubTotalMC from file = /scratch/condor/execute/dir_7556/CREAM470044609/glide_IKIWVO/execute/dir_20457/CMSSW_5_3_9_patch3/src/PhysicsTools/PatUtils/data/Summer13_V1_DATA_UncertaintySources_AK5PF.txt.
Reading JEC parameters = SubTotalMC from file = /scratch/condor/execute/dir_7556/CREAM470044609/glide_IKIWVO/execute/dir_20457/CMSSW_5_3_9_patch3/src/PhysicsTools/PatUtils/data/Summer13_V1_DATA_UncertaintySources_AK5PF.txt.
Reading JEC parameters = SubTotalMC from file = /scratch/condor/execute/dir_7556/CREAM470044609/glide_IKIWVO/execute/dir_20457/CMSSW_5_3_9_patch3/src/PhysicsTools/PatUtils/data/Summer13_V1_DATA_UncertaintySources_AK5PF.txt.
Reading JEC parameters = SubTotalMC from file = /scratch/condor/execute/dir_7556/CREAM470044609/glide_IKIWVO/execute/dir_20457/CMSSW_5_3_9_patch3/src/PhysicsTools/PatUtils/data/Summer13_V1_DATA_UncertaintySources_AK5PF.txt.
Reading JEC parameters = SubTotalMC from file = /scratch/condor/execute/dir_7556/CREAM470044609/glide_IKIWVO/execute/dir_20457/CMSSW_5_3_9_patch3/src/PhysicsTools/PatUtils/data/Summer13_V1_DATA_UncertaintySources_AK5PF.txt.
Reading JEC parameters = SubTotalMC from file = /scratch/condor/execute/dir_7556/CREAM470044609/glide_IKIWVO/execute/dir_20457/CMSSW_5_3_9_patch3/src/PhysicsTools/PatUtils/data/Summer13_V1_DATA_UncertaintySources_AK5PF.txt.
Reading JEC parameters = SubTotalMC from file = /scratch/condor/execute/dir_7556/CREAM470044609/glide_IKIWVO/execute/dir_20457/CMSSW_5_3_9_patch3/src/PhysicsTools/PatUtils/data/Summer13_V1_DATA_UncertaintySources_AK5PF.txt.
Begin processing the 1st record. Run 1, Event 54301, LumiSection 182 at 11-Mar-2014 09:47:12.244 CET
Reader booked
Reader booked
WARNING : did not find any valid track reference attached to the jet 
WARNING : did not find any valid track reference attached to the jet 
WARNING : did not find any valid track reference attached to the jet 
WARNING : did not find any valid track reference attached to the jet 
WARNING : did not find any valid track reference attached to the jet 
WARNING : did not find any valid track reference attached to the jet 
WARNING : did not find any valid track reference attached to the jet 
WARNING : did not find any valid track reference attached to the jet 
WARNING : did not find any valid track reference attached to the jet 
WARNING : did not find any valid track reference attached to the jet 
Reader booked
Reader booked
Reader booked
Reader booked
Reader booked
Reader booked
Reader booked
Reader booked
Reader booked
%MSG-w TkTransientTrackingRecHitBuilderESProducer:  GhmZeeAnalyzer:ZeeAnalyzer  11-Mar-2014 09:47:50 CET Run: 1 Event: 54317
 The tracking rec hit positions and errors are not a persistent in data formats.
 They are not available from disk.
 However, TkTransientTrackingRecHitBuilderESProducer::ComputeCoarseLocalPositionFromDisk=True 
 will make the coarse estimation of this position/error available without track refit.
 Position/error obtained from rechit with already defined position/error are not recomputed.
 Position/error obtained from track refit are precise.
%MSG
Begin processing the 101st record. Run 1, Event 54401, LumiSection 182 at 11-Mar-2014 09:48:58.278 CET
Begin processing the 201st record. Run 1, Event 54501, LumiSection 182 at 11-Mar-2014 09:50:21.393 CET
Begin processing the 301st record. Run 1, Event 87001, LumiSection 291 at 11-Mar-2014 09:51:49.020 CET
Begin processing the 401st record. Run 1, Event 87101, LumiSection 291 at 11-Mar-2014 09:53:14.946 CET
Begin processing the 501st record. Run 1, Event 87201, LumiSection 291 at 11-Mar-2014 09:54:42.014 CET
Begin processing the 601st record. Run 1, Event 86701, LumiSection 290 at 11-Mar-2014 09:56:12.204 CET
Begin processing the 701st record. Run 1, Event 86801, LumiSection 290 at 11-Mar-2014 09:57:41.766 CET
Begin processing the 801st record. Run 1, Event 86901, LumiSection 290 at 11-Mar-2014 09:59:04.432 CET
Begin processing the 901st record. Run 1, Event 91501, LumiSection 306 at 11-Mar-2014 10:00:25.881 CET
Begin processing the 1001st record. Run 1, Event 91601, LumiSection 306 at 11-Mar-2014 10:01:52.365 CET
Begin processing the 1101st record. Run 1, Event 91701, LumiSection 306 at 11-Mar-2014 10:03:11.406 CET
Begin processing the 1201st record. Run 1, Event 130201, LumiSection 435 at 11-Mar-2014 10:04:47.352 CET
Begin processing the 1301st record. Run 1, Event 130301, LumiSection 435 at 11-Mar-2014 10:06:21.544 CET
Begin processing the 1401st record. Run 1, Event 130401, LumiSection 435 at 11-Mar-2014 10:07:49.917 CET
Begin processing the 1501st record. Run 1, Event 132001, LumiSection 441 at 11-Mar-2014 10:09:14.446 CET
Begin processing the 1601st record. Run 1, Event 132101, LumiSection 441 at 11-Mar-2014 10:10:42.474 CET
Begin processing the 1701st record. Run 1, Event 132201, LumiSection 441 at 11-Mar-2014 10:12:10.254 CET
Begin processing the 1801st record. Run 1, Event 132601, LumiSection 443 at 11-Mar-2014 10:13:38.820 CET
Begin processing the 1901st record. Run 1, Event 132701, LumiSection 443 at 11-Mar-2014 10:15:08.146 CET
Begin processing the 2001st record. Run 1, Event 132801, LumiSection 443 at 11-Mar-2014 10:16:38.532 CET
Begin processing the 2101st record. Run 1, Event 144601, LumiSection 483 at 11-Mar-2014 10:18:04.945 CET
Begin processing the 2201st record. Run 1, Event 144701, LumiSection 483 at 11-Mar-2014 10:19:28.451 CET
Begin processing the 2301st record. Run 1, Event 144801, LumiSection 483 at 11-Mar-2014 10:20:53.469 CET
Begin processing the 2401st record. Run 1, Event 144901, LumiSection 484 at 11-Mar-2014 10:22:22.348 CET
Begin processing the 2501st record. Run 1, Event 145001, LumiSection 484 at 11-Mar-2014 10:23:43.441 CET
Begin processing the 2601st record. Run 1, Event 145101, LumiSection 484 at 11-Mar-2014 10:25:07.932 CET
Begin processing the 2701st record. Run 1, Event 145201, LumiSection 485 at 11-Mar-2014 10:26:31.456 CET
Begin processing the 2801st record. Run 1, Event 145302, LumiSection 485 at 11-Mar-2014 10:27:58.093 CET
Begin processing the 2901st record. Run 1, Event 145402, LumiSection 485 at 11-Mar-2014 10:29:24.474 CET
Begin processing the 3001st record. Run 1, Event 171302, LumiSection 572 at 11-Mar-2014 10:30:53.382 CET
Begin processing the 3101st record. Run 1, Event 171402, LumiSection 572 at 11-Mar-2014 10:32:17.028 CET
Begin processing the 3201st record. Run 1, Event 171502, LumiSection 572 at 11-Mar-2014 10:33:51.446 CET
Begin processing the 3301st record. Run 1, Event 172502, LumiSection 576 at 11-Mar-2014 10:35:14.695 CET
Begin processing the 3401st record. Run 1, Event 172602, LumiSection 576 at 11-Mar-2014 10:36:38.314 CET
Begin processing the 3501st record. Run 1, Event 172702, LumiSection 576 at 11-Mar-2014 10:38:09.899 CET
Begin processing the 3601st record. Run 1, Event 174302, LumiSection 582 at 11-Mar-2014 10:39:45.118 CET
Begin processing the 3701st record. Run 1, Event 174402, LumiSection 582 at 11-Mar-2014 10:41:14.537 CET
Begin processing the 3801st record. Run 1, Event 174502, LumiSection 582 at 11-Mar-2014 10:42:48.361 CET
Begin processing the 3901st record. Run 1, Event 187802, LumiSection 627 at 11-Mar-2014 10:44:17.359 CET
Begin processing the 4001st record. Run 1, Event 187902, LumiSection 627 at 11-Mar-2014 10:45:45.099 CET
Begin processing the 4101st record. Run 1, Event 188002, LumiSection 627 at 11-Mar-2014 10:47:15.431 CET
Begin processing the 4201st record. Run 1, Event 190202, LumiSection 635 at 11-Mar-2014 10:48:48.464 CET
Begin processing the 4301st record. Run 1, Event 190303, LumiSection 635 at 11-Mar-2014 10:50:17.794 CET
Begin processing the 4401st record. Run 1, Event 190403, LumiSection 635 at 11-Mar-2014 10:51:47.033 CET
Begin processing the 4501st record. Run 1, Event 192003, LumiSection 641 at 11-Mar-2014 10:53:16.818 CET
Begin processing the 4601st record. Run 1, Event 192103, LumiSection 641 at 11-Mar-2014 10:54:43.442 CET
Begin processing the 4701st record. Run 1, Event 192203, LumiSection 641 at 11-Mar-2014 10:56:05.816 CET
Begin processing the 4801st record. Run 1, Event 200403, LumiSection 669 at 11-Mar-2014 10:57:30.283 CET
Begin processing the 4901st record. Run 1, Event 200503, LumiSection 669 at 11-Mar-2014 10:58:54.361 CET
Begin processing the 5001st record. Run 1, Event 200603, LumiSection 669 at 11-Mar-2014 11:00:12.969 CET
Begin processing the 5101st record. Run 1, Event 224703, LumiSection 750 at 11-Mar-2014 11:01:30.230 CET
Begin processing the 5201st record. Run 1, Event 224803, LumiSection 750 at 11-Mar-2014 11:02:46.533 CET
Begin processing the 5301st record. Run 1, Event 224903, LumiSection 750 at 11-Mar-2014 11:04:07.459 CET
Begin processing the 5401st record. Run 1, Event 228003, LumiSection 761 at 11-Mar-2014 11:05:29.216 CET
Begin processing the 5501st record. Run 1, Event 228103, LumiSection 761 at 11-Mar-2014 11:06:52.143 CET
Begin processing the 5601st record. Run 1, Event 228203, LumiSection 761 at 11-Mar-2014 11:08:14.822 CET
Begin processing the 5701st record. Run 1, Event 206403, LumiSection 689 at 11-Mar-2014 11:09:38.804 CET
Begin processing the 5801st record. Run 1, Event 206503, LumiSection 689 at 11-Mar-2014 11:11:07.917 CET
Begin processing the 5901st record. Run 1, Event 206603, LumiSection 689 at 11-Mar-2014 11:12:30.369 CET
Begin processing the 6001st record. Run 1, Event 207603, LumiSection 693 at 11-Mar-2014 11:13:55.288 CET
Begin processing the 6101st record. Run 1, Event 207703, LumiSection 693 at 11-Mar-2014 11:15:15.754 CET
Begin processing the 6201st record. Run 1, Event 207803, LumiSection 693 at 11-Mar-2014 11:16:45.768 CET
Begin processing the 6301st record. Run 1, Event 208503, LumiSection 696 at 11-Mar-2014 11:18:04.796 CET
Begin processing the 6401st record. Run 1, Event 208603, LumiSection 696 at 11-Mar-2014 11:19:31.256 CET
Begin processing the 6501st record. Run 1, Event 208703, LumiSection 696 at 11-Mar-2014 11:20:53.068 CET
Begin processing the 6601st record. Run 1, Event 222303, LumiSection 742 at 11-Mar-2014 11:22:18.557 CET
Begin processing the 6701st record. Run 1, Event 222403, LumiSection 742 at 11-Mar-2014 11:23:42.663 CET
Begin processing the 6801st record. Run 1, Event 222503, LumiSection 742 at 11-Mar-2014 11:25:07.528 CET
Begin processing the 6901st record. Run 1, Event 222603, LumiSection 743 at 11-Mar-2014 11:26:30.483 CET
Begin processing the 7001st record. Run 1, Event 222703, LumiSection 743 at 11-Mar-2014 11:27:50.541 CET
Begin processing the 7101st record. Run 1, Event 222803, LumiSection 743 at 11-Mar-2014 11:29:13.349 CET
Begin processing the 7201st record. Run 1, Event 223203, LumiSection 745 at 11-Mar-2014 11:30:32.474 CET
Begin processing the 7301st record. Run 1, Event 223303, LumiSection 745 at 11-Mar-2014 11:31:55.730 CET
Begin processing the 7401st record. Run 1, Event 223403, LumiSection 745 at 11-Mar-2014 11:33:23.358 CET
Begin processing the 7501st record. Run 1, Event 233403, LumiSection 779 at 11-Mar-2014 11:34:50.022 CET
Begin processing the 7601st record. Run 1, Event 233503, LumiSection 779 at 11-Mar-2014 11:36:15.006 CET
Begin processing the 7701st record. Run 1, Event 233603, LumiSection 779 at 11-Mar-2014 11:37:30.936 CET
Begin processing the 7801st record. Run 1, Event 233703, LumiSection 780 at 11-Mar-2014 11:38:53.978 CET
Begin processing the 7901st record. Run 1, Event 233803, LumiSection 780 at 11-Mar-2014 11:40:14.872 CET
Begin processing the 8001st record. Run 1, Event 233903, LumiSection 780 at 11-Mar-2014 11:41:38.184 CET
Begin processing the 8101st record. Run 1, Event 234603, LumiSection 783 at 11-Mar-2014 11:42:55.039 CET
Begin processing the 8201st record. Run 1, Event 234703, LumiSection 783 at 11-Mar-2014 11:44:18.506 CET
Begin processing the 8301st record. Run 1, Event 234803, LumiSection 783 at 11-Mar-2014 11:45:39.136 CET
11-Mar-2014 11:46:55 CET  Closed file file:///storage/data/cms/store/mc/Summer12_DR53X/T_s-channel_TuneZ2star_8TeV-powheg-tauola/AODSIM/PU_S10_START53_V7A-v1/0000/42246509-1CEA-E111-8E2A-003048FFD744.root
11-Mar-2014 11:46:55 CET  Initiating request to open file file:///storage/data/cms/store/mc/Summer12_DR53X/T_s-channel_TuneZ2star_8TeV-powheg-tauola/AODSIM/PU_S10_START53_V7A-v1/0000/B254E16D-18EA-E111-9961-003048678B70.root
11-Mar-2014 11:46:55 CET  Successfully opened file file:///storage/data/cms/store/mc/Summer12_DR53X/T_s-channel_TuneZ2star_8TeV-powheg-tauola/AODSIM/PU_S10_START53_V7A-v1/0000/B254E16D-18EA-E111-9961-003048678B70.root
Begin processing the 8401st record. Run 1, Event 4803, LumiSection 17 at 11-Mar-2014 11:47:08.989 CET
Begin processing the 8501st record. Run 1, Event 4903, LumiSection 17 at 11-Mar-2014 11:48:24.195 CET
Begin processing the 8601st record. Run 1, Event 5003, LumiSection 17 at 11-Mar-2014 11:49:38.424 CET
Begin processing the 8701st record. Run 1, Event 8403, LumiSection 29 at 11-Mar-2014 11:50:52.159 CET
Begin processing the 8801st record. Run 1, Event 8503, LumiSection 29 at 11-Mar-2014 11:52:03.335 CET
Begin processing the 8901st record. Run 1, Event 8603, LumiSection 29 at 11-Mar-2014 11:53:16.894 CET
Begin processing the 9001st record. Run 1, Event 16803, LumiSection 57 at 11-Mar-2014 11:54:28.025 CET
Begin processing the 9101st record. Run 1, Event 16903, LumiSection 57 at 11-Mar-2014 11:55:38.994 CET
Begin processing the 9201st record. Run 1, Event 17003, LumiSection 57 at 11-Mar-2014 11:56:49.597 CET
Begin processing the 9301st record. Run 1, Event 5403, LumiSection 19 at 11-Mar-2014 11:57:54.527 CET
Begin processing the 9401st record. Run 1, Event 5503, LumiSection 19 at 11-Mar-2014 11:59:09.347 CET
Begin processing the 9501st record. Run 1, Event 5603, LumiSection 19 at 11-Mar-2014 12:00:24.923 CET
Begin processing the 9601st record. Run 1, Event 8703, LumiSection 30 at 11-Mar-2014 12:01:38.528 CET
Begin processing the 9701st record. Run 1, Event 8803, LumiSection 30 at 11-Mar-2014 12:02:46.109 CET
Begin processing the 9801st record. Run 1, Event 8903, LumiSection 30 at 11-Mar-2014 12:03:53.571 CET
Begin processing the 9901st record. Run 1, Event 9003, LumiSection 31 at 11-Mar-2014 12:05:11.607 CET
Begin processing the 10001st record. Run 1, Event 9103, LumiSection 31 at 11-Mar-2014 12:06:29.398 CET
Begin processing the 10101st record. Run 1, Event 9203, LumiSection 31 at 11-Mar-2014 12:07:40.085 CET
Begin processing the 10201st record. Run 1, Event 51003, LumiSection 171 at 11-Mar-2014 12:08:51.819 CET
Begin processing the 10301st record. Run 1, Event 51103, LumiSection 171 at 11-Mar-2014 12:10:05.249 CET
Begin processing the 10401st record. Run 1, Event 51203, LumiSection 171 at 11-Mar-2014 12:11:13.829 CET
Begin processing the 10501st record. Run 1, Event 54603, LumiSection 183 at 11-Mar-2014 12:12:24.661 CET
Begin processing the 10601st record. Run 1, Event 54703, LumiSection 183 at 11-Mar-2014 12:13:34.954 CET
Begin processing the 10701st record. Run 1, Event 54803, LumiSection 183 at 11-Mar-2014 12:14:49.596 CET
Begin processing the 10801st record. Run 1, Event 59703, LumiSection 200 at 11-Mar-2014 12:16:01.408 CET
Begin processing the 10901st record. Run 1, Event 59803, LumiSection 200 at 11-Mar-2014 12:17:14.447 CET
Begin processing the 11001st record. Run 1, Event 59903, LumiSection 200 at 11-Mar-2014 12:18:27.752 CET
Begin processing the 11101st record. Run 1, Event 80703, LumiSection 270 at 11-Mar-2014 12:19:50.096 CET
Begin processing the 11201st record. Run 1, Event 80803, LumiSection 270 at 11-Mar-2014 12:20:56.686 CET
Begin processing the 11301st record. Run 1, Event 80903, LumiSection 270 at 11-Mar-2014 12:22:08.610 CET
Begin processing the 11401st record. Run 1, Event 82503, LumiSection 276 at 11-Mar-2014 12:23:17.783 CET
Begin processing the 11501st record. Run 1, Event 82603, LumiSection 276 at 11-Mar-2014 12:24:31.116 CET
Begin processing the 11601st record. Run 1, Event 82703, LumiSection 276 at 11-Mar-2014 12:25:41.749 CET
Begin processing the 11701st record. Run 1, Event 84003, LumiSection 281 at 11-Mar-2014 12:27:00.390 CET
Begin processing the 11801st record. Run 1, Event 84103, LumiSection 281 at 11-Mar-2014 12:28:11.715 CET
Begin processing the 11901st record. Run 1, Event 84203, LumiSection 281 at 11-Mar-2014 12:29:25.993 CET
Begin processing the 12001st record. Run 1, Event 89703, LumiSection 300 at 11-Mar-2014 12:30:39.956 CET
Begin processing the 12101st record. Run 1, Event 89803, LumiSection 300 at 11-Mar-2014 12:32:00.911 CET
Begin processing the 12201st record. Run 1, Event 89903, LumiSection 300 at 11-Mar-2014 12:33:10.997 CET
Begin processing the 12301st record. Run 1, Event 93303, LumiSection 312 at 11-Mar-2014 12:34:25.329 CET
Begin processing the 12401st record. Run 1, Event 93403, LumiSection 312 at 11-Mar-2014 12:35:38.530 CET
Begin processing the 12501st record. Run 1, Event 93503, LumiSection 312 at 11-Mar-2014 12:36:48.208 CET
Begin processing the 12601st record. Run 1, Event 168303, LumiSection 562 at 11-Mar-2014 12:38:03.543 CET
Begin processing the 12701st record. Run 1, Event 168403, LumiSection 562 at 11-Mar-2014 12:39:13.234 CET
Begin processing the 12801st record. Run 1, Event 168503, LumiSection 562 at 11-Mar-2014 12:40:28.258 CET
Begin processing the 12901st record. Run 1, Event 96903, LumiSection 324 at 11-Mar-2014 12:41:43.037 CET
Begin processing the 13001st record. Run 1, Event 97003, LumiSection 324 at 11-Mar-2014 12:43:00.689 CET
Begin processing the 13101st record. Run 1, Event 97103, LumiSection 324 at 11-Mar-2014 12:44:14.492 CET
Begin processing the 13201st record. Run 1, Event 97503, LumiSection 326 at 11-Mar-2014 12:45:27.966 CET
Begin processing the 13301st record. Run 1, Event 97603, LumiSection 326 at 11-Mar-2014 12:46:40.584 CET
Begin processing the 13401st record. Run 1, Event 97703, LumiSection 326 at 11-Mar-2014 12:47:48.888 CET
Begin processing the 13501st record. Run 1, Event 100503, LumiSection 336 at 11-Mar-2014 12:48:59.275 CET
Begin processing the 13601st record. Run 1, Event 100603, LumiSection 336 at 11-Mar-2014 12:50:11.392 CET
Begin processing the 13701st record. Run 1, Event 100703, LumiSection 336 at 11-Mar-2014 12:51:22.684 CET
Begin processing the 13801st record. Run 1, Event 114603, LumiSection 383 at 11-Mar-2014 12:52:41.103 CET
Begin processing the 13901st record. Run 1, Event 114703, LumiSection 383 at 11-Mar-2014 12:53:49.873 CET
Begin processing the 14001st record. Run 1, Event 114803, LumiSection 383 at 11-Mar-2014 12:55:02.175 CET
Begin processing the 14101st record. Run 1, Event 115503, LumiSection 386 at 11-Mar-2014 12:56:16.742 CET
Begin processing the 14201st record. Run 1, Event 115603, LumiSection 386 at 11-Mar-2014 12:57:29.891 CET
Begin processing the 14301st record. Run 1, Event 115703, LumiSection 386 at 11-Mar-2014 12:58:38.391 CET
Begin processing the 14401st record. Run 1, Event 116403, LumiSection 389 at 11-Mar-2014 12:59:53.726 CET
Begin processing the 14501st record. Run 1, Event 116503, LumiSection 389 at 11-Mar-2014 13:01:03.627 CET
Begin processing the 14601st record. Run 1, Event 116603, LumiSection 389 at 11-Mar-2014 13:02:12.108 CET
Begin processing the 14701st record. Run 1, Event 123003, LumiSection 411 at 11-Mar-2014 13:03:28.752 CET
Begin processing the 14801st record. Run 1, Event 123103, LumiSection 411 at 11-Mar-2014 13:04:46.719 CET
Begin processing the 14901st record. Run 1, Event 123203, LumiSection 411 at 11-Mar-2014 13:06:01.684 CET
Begin processing the 15001st record. Run 1, Event 124203, LumiSection 415 at 11-Mar-2014 13:07:13.362 CET
Begin processing the 15101st record. Run 1, Event 124303, LumiSection 415 at 11-Mar-2014 13:08:30.389 CET
Begin processing the 15201st record. Run 1, Event 124403, LumiSection 415 at 11-Mar-2014 13:09:43.654 CET
Begin processing the 15301st record. Run 1, Event 124503, LumiSection 416 at 11-Mar-2014 13:10:57.814 CET
Begin processing the 15401st record. Run 1, Event 124603, LumiSection 416 at 11-Mar-2014 13:12:03.237 CET
Begin processing the 15501st record. Run 1, Event 124703, LumiSection 416 at 11-Mar-2014 13:13:19.903 CET
Begin processing the 15601st record. Run 1, Event 129903, LumiSection 434 at 11-Mar-2014 13:14:33.242 CET
Begin processing the 15701st record. Run 1, Event 130003, LumiSection 434 at 11-Mar-2014 13:15:50.113 CET
Begin processing the 15801st record. Run 1, Event 130103, LumiSection 434 at 11-Mar-2014 13:16:59.091 CET
Begin processing the 15901st record. Run 1, Event 130503, LumiSection 436 at 11-Mar-2014 13:18:08.553 CET
Begin processing the 16001st record. Run 1, Event 130603, LumiSection 436 at 11-Mar-2014 13:19:21.491 CET
Begin processing the 16101st record. Run 1, Event 130703, LumiSection 436 at 11-Mar-2014 13:20:37.624 CET
Begin processing the 16201st record. Run 1, Event 131103, LumiSection 438 at 11-Mar-2014 13:21:52.224 CET
Begin processing the 16301st record. Run 1, Event 131203, LumiSection 438 at 11-Mar-2014 13:23:04.175 CET
Begin processing the 16401st record. Run 1, Event 131303, LumiSection 438 at 11-Mar-2014 13:24:14.991 CET
Begin processing the 16501st record. Run 1, Event 132903, LumiSection 444 at 11-Mar-2014 13:25:25.774 CET
Begin processing the 16601st record. Run 1, Event 133003, LumiSection 444 at 11-Mar-2014 13:26:34.303 CET
Begin processing the 16701st record. Run 1, Event 133103, LumiSection 444 at 11-Mar-2014 13:27:50.931 CET
Begin processing the 16801st record. Run 1, Event 153603, LumiSection 513 at 11-Mar-2014 13:29:00.065 CET
Begin processing the 16901st record. Run 1, Event 153703, LumiSection 513 at 11-Mar-2014 13:30:12.357 CET
Begin processing the 17001st record. Run 1, Event 153803, LumiSection 513 at 11-Mar-2014 13:31:26.938 CET
Begin processing the 17101st record. Run 1, Event 159003, LumiSection 531 at 11-Mar-2014 13:32:47.862 CET
Begin processing the 17201st record. Run 1, Event 159103, LumiSection 531 at 11-Mar-2014 13:33:59.136 CET
Begin processing the 17301st record. Run 1, Event 159203, LumiSection 531 at 11-Mar-2014 13:35:12.053 CET
Begin processing the 17401st record. Run 1, Event 138603, LumiSection 463 at 11-Mar-2014 13:36:27.418 CET
Begin processing the 17501st record. Run 1, Event 138703, LumiSection 463 at 11-Mar-2014 13:37:36.299 CET
Begin processing the 17601st record. Run 1, Event 138803, LumiSection 463 at 11-Mar-2014 13:38:49.468 CET
Begin processing the 17701st record. Run 1, Event 139203, LumiSection 465 at 11-Mar-2014 13:39:58.589 CET
Begin processing the 17801st record. Run 1, Event 139303, LumiSection 465 at 11-Mar-2014 13:41:13.187 CET
Begin processing the 17901st record. Run 1, Event 139403, LumiSection 465 at 11-Mar-2014 13:42:30.486 CET
Begin processing the 18001st record. Run 1, Event 139803, LumiSection 467 at 11-Mar-2014 13:43:44.273 CET
Begin processing the 18101st record. Run 1, Event 139903, LumiSection 467 at 11-Mar-2014 13:44:56.597 CET
Begin processing the 18201st record. Run 1, Event 140003, LumiSection 467 at 11-Mar-2014 13:46:10.546 CET
Begin processing the 18301st record. Run 1, Event 162303, LumiSection 542 at 11-Mar-2014 13:47:24.128 CET
Begin processing the 18401st record. Run 1, Event 162403, LumiSection 542 at 11-Mar-2014 13:48:37.391 CET
%MSG-e NullTransverseMomentum:  FastjetJetProducer:kt6PFJets  11-Mar-2014 13:48:44 CET Run: 1 Event: 162414
dropping input candidate with pt=0
%MSG
%MSG-e NullTransverseMomentum:   FastjetJetProducer:kt6PFJetsForRhoComputationVoronoi 11-Mar-2014 13:48:44 CET  Run: 1 Event: 162414
dropping input candidate with pt=0
%MSG
Begin processing the 18501st record. Run 1, Event 162503, LumiSection 542 at 11-Mar-2014 13:49:39.519 CET
Begin processing the 18601st record. Run 1, Event 163203, LumiSection 545 at 11-Mar-2014 13:50:53.862 CET
Begin processing the 18701st record. Run 1, Event 163303, LumiSection 545 at 11-Mar-2014 13:52:10.867 CET
Begin processing the 18801st record. Run 1, Event 163403, LumiSection 545 at 11-Mar-2014 13:53:28.192 CET
Begin processing the 18901st record. Run 1, Event 163803, LumiSection 547 at 11-Mar-2014 13:54:45.275 CET
Begin processing the 19001st record. Run 1, Event 163903, LumiSection 547 at 11-Mar-2014 13:55:56.043 CET
Begin processing the 19101st record. Run 1, Event 164003, LumiSection 547 at 11-Mar-2014 13:57:10.642 CET
11-Mar-2014 13:58:23 CET  Closed file file:///storage/data/cms/store/mc/Summer12_DR53X/T_s-channel_TuneZ2star_8TeV-powheg-tauola/AODSIM/PU_S10_START53_V7A-v1/0000/B254E16D-18EA-E111-9961-003048678B70.root
11-Mar-2014 13:58:23 CET  Initiating request to open file file:///storage/data/cms/store/mc/Summer12_DR53X/T_s-channel_TuneZ2star_8TeV-powheg-tauola/AODSIM/PU_S10_START53_V7A-v1/0000/AE396C1A-19EA-E111-8747-0026189438F2.root
11-Mar-2014 13:58:23 CET  Successfully opened file file:///storage/data/cms/store/mc/Summer12_DR53X/T_s-channel_TuneZ2star_8TeV-powheg-tauola/AODSIM/PU_S10_START53_V7A-v1/0000/AE396C1A-19EA-E111-8747-0026189438F2.root
Begin processing the 19201st record. Run 1, Event 2103, LumiSection 8 at 11-Mar-2014 13:58:33.808 CET
Begin processing the 19301st record. Run 1, Event 2203, LumiSection 8 at 11-Mar-2014 13:59:53.124 CET
Begin processing the 19401st record. Run 1, Event 2303, LumiSection 8 at 11-Mar-2014 14:01:08.073 CET
Begin processing the 19501st record. Run 1, Event 2703, LumiSection 10 at 11-Mar-2014 14:02:24.196 CET
Begin processing the 19601st record. Run 1, Event 2803, LumiSection 10 at 11-Mar-2014 14:03:37.676 CET
Begin processing the 19701st record. Run 1, Event 2903, LumiSection 10 at 11-Mar-2014 14:04:52.619 CET
Begin processing the 19801st record. Run 1, Event 5103, LumiSection 18 at 11-Mar-2014 14:06:17.251 CET
Begin processing the 19901st record. Run 1, Event 5203, LumiSection 18 at 11-Mar-2014 14:07:31.416 CET
11-Mar-2014 14:08:44 CET  Closed file file:///storage/data/cms/store/mc/Summer12_DR53X/T_s-channel_TuneZ2star_8TeV-powheg-tauola/AODSIM/PU_S10_START53_V7A-v1/0000/AE396C1A-19EA-E111-8747-0026189438F2.root
 AdvLeptonFilter : number of event failed -> 19892 on local total number ->20000
 Detail of selection over 108 events (double counting allowed) :
2e20M_ 	 ---> 1
1e20M_1m20M_ 	 ---> 46
2m20M_ 	 ---> 63
Ghm -- Event Statistics 
	number of	analyzed	events:108 / 20000
	number of	selected	events:108 / 20000
 Cross Section begin 

=============================================

MessageLogger Summary

 type     category        sev    module        subroutine        count    total
 ---- -------------------- -- ---------------- ----------------  -----    -----
    1 TkTransientTrackingR -w GhmZeeAnalyzer:Z                       1        1
    2 NullTransverseMoment -e FastjetJetProduc                       1        1
    3 NullTransverseMoment -e FastjetJetProduc                       1        1
    4 fileAction           -s file_close                             3        3
    5 fileAction           -s file_open                              6        6

 type    category    Examples: run/evt        run/evt          run/evt
 ---- -------------------- ---------------- ---------------- ----------------
    1 TkTransientTrackingRecHitBuilderESProducer 1/54317                           
    2 NullTransverseMomentum 1/162414                          
    3 NullTransverseMomentum 1/162414                          
    4 fileAction           PostProcessEvent PostProcessEvent PostEndRun
    5 fileAction           pre-events       pre-events       PostProcessEvent

Severity    # Occurrences   Total Occurrences
--------    -------------   -----------------
Warning                 1                   1
Error                   2                   2
System                  9                   9
>>> END OF printout of 299 lines from stdout+stderr
>>> Parse FrameworkJobReport crab_fjr.xml
Result of parsing the FrameworkJobReport crab_fjr.xml: Popularity start
lumisRange : 1::17,19,29-31,57,171,183,200,270,276,281,300,312,324,326,336,383,386,389,411,415-416,434,436,438,444,463,465,467,513,531,542,545,547,562::1;1::8,10,18::2;1::182,290-291,306,435,441,443,483-485,572,576,582,627,635,641,669,689,693,696,742-743,745,750,761,779-780,783::3;
lumisParentRange : 
Basename : /store/mc/Summer12_DR53X/T_s-channel_TuneZ2star_8TeV-powheg-tauola/AODSIM/PU_S10_START53_V7A-v1/0000/
BasenameParent : 
parentFiles : 
inputBlocks : /T_s-channel_TuneZ2star_8TeV-powheg-tauola/Summer12_DR53X-PU_S10_START53_V7A-v1/AODSIM#62bd11c8-ea0b-11e1-b87d-003048f02c8a
inputFiles : B254E16D-18EA-E111-9961-003048678B70.root::1::EDM::Local::1;AE396C1A-19EA-E111-8747-0026189438F2.root::1::EDM::Local::2;42246509-1CEA-E111-8E2A-003048FFD744.root::1::EDM::Local::3;
Popularity stop
Extracted ExitStatus from FrameworkJobReport parsing output: 0
>>> Executable succeded  0
ExeExitCode=0
EXECUTABLE_EXIT_STATUS = 0
>>> current directory /scratch/condor/execute/dir_7556/CREAM470044609/glide_IKIWVO/execute/dir_20457/CMSSW_5_3_9_patch3
>>>  (SOFTWARE_DIR): /scratch/condor/execute/dir_7556/CREAM470044609/glide_IKIWVO/execute/dir_20457/CMSSW_5_3_9_patch3
>>> (WORKING_DIR): 
>>> current directory content:
total 9884
drwxr-xr-x  3 cms118 cms      48 Mar 11 09:45 .SCRAM
-rw-------  1 cms118 cms 3707019 Mar 11 09:45 CMSSW.py.pkl
-rw-------  1 cms118 cms 2652924 Mar 11 14:08 Ntuple.root
drwxr-xr-x  3 cms118 cms      30 Mar 11 09:45 bin
drwxr-xr-x  3 cms118 cms      30 Mar 11 09:45 cfipython
drwxr-xr-x  5 cms118 cms    4096 Mar 11 09:45 config
-rw-------  1 cms118 cms      20 Mar 11 14:08 cpu_timing.txt
drwxr-xr-x  2 cms118 cms       6 Mar 11 09:45 doc
-rw-------  1 cms118 cms   30104 Mar 11 14:08 executable.out
drwxr-xr-x  2 cms118 cms       6 Mar 11 09:45 include
drwx------  3 cms118 cms      30 Feb  6 17:17 lib
drwxr-xr-x  3 cms118 cms      30 Mar 11 09:45 logs
drwxr-xr-x  3 cms118 cms      30 Mar 11 09:45 objs
-rw-------  1 cms118 cms     104 Mar 11 09:46 pset.py
-rw-------  1 cms118 cms 3693703 Mar 11 09:46 pset.py.pkl
-rw-------  1 cms118 cms     289 Mar 11 09:46 pset.pyc
drwxr-xr-x  2 cms118 cms       6 Mar 11 09:45 python
-rw-------  1 cms118 cms     356 Mar 11 14:08 report.log
drwx------ 13 cms118 cms    4096 Mar 11 09:45 src
drwxr-xr-x  3 cms118 cms      30 Mar 11 09:45 test
drwxr-xr-x  3 cms118 cms      30 Mar 11 09:45 tmp
-rw-------  1 cms118 cms       5 Mar 11 14:08 tmpNEventProc.txt
>>> current directory /scratch/condor/execute/dir_7556/CREAM470044609/glide_IKIWVO/execute/dir_20457/CMSSW_5_3_9_patch3
>>> (SOFTWARE_DIR): /scratch/condor/execute/dir_7556/CREAM470044609/glide_IKIWVO/execute/dir_20457/CMSSW_5_3_9_patch3
>>> (WORKING_DIR): 
>>> current directory content:
total 9884
drwxr-xr-x  3 cms118 cms      48 Mar 11 09:45 .SCRAM
-rw-------  1 cms118 cms 3707019 Mar 11 09:45 CMSSW.py.pkl
-rw-------  1 cms118 cms 2652924 Mar 11 14:08 Ntuple_1_1_Oag.root
drwxr-xr-x  3 cms118 cms      30 Mar 11 09:45 bin
drwxr-xr-x  3 cms118 cms      30 Mar 11 09:45 cfipython
drwxr-xr-x  5 cms118 cms    4096 Mar 11 09:45 config
-rw-------  1 cms118 cms      20 Mar 11 14:08 cpu_timing.txt
drwxr-xr-x  2 cms118 cms       6 Mar 11 09:45 doc
-rw-------  1 cms118 cms   30104 Mar 11 14:08 executable.out
drwxr-xr-x  2 cms118 cms       6 Mar 11 09:45 include
drwx------  3 cms118 cms      30 Feb  6 17:17 lib
drwxr-xr-x  3 cms118 cms      30 Mar 11 09:45 logs
drwxr-xr-x  3 cms118 cms      30 Mar 11 09:45 objs
-rw-------  1 cms118 cms     104 Mar 11 09:46 pset.py
-rw-------  1 cms118 cms 3693703 Mar 11 09:46 pset.py.pkl
-rw-------  1 cms118 cms     289 Mar 11 09:46 pset.pyc
drwxr-xr-x  2 cms118 cms       6 Mar 11 09:45 python
-rw-------  1 cms118 cms     356 Mar 11 14:08 report.log
drwx------ 13 cms118 cms    4096 Mar 11 09:45 src
drwxr-xr-x  3 cms118 cms      30 Mar 11 09:45 test
drwxr-xr-x  3 cms118 cms      30 Mar 11 09:45 tmp
-rw-------  1 cms118 cms       5 Mar 11 14:08 tmpNEventProc.txt
>>> current directory (RUNTIME_AREA):  /scratch/condor/execute/dir_7556/CREAM470044609/glide_IKIWVO/execute/dir_20457
SE = hepcms-0.umd.edu
SE_PATH = /srm/v2/server?SFN=/hadoop/store/user/yoshin/DMNtuples//T_schan/
LFNBaseName = /T_schan/
USER = yoshin
endpoint = srm://hepcms-0.umd.edu:8443/srm/v2/server?SFN=/hadoop/store/user/yoshin/DMNtuples//T_schan/
>>> Copy output files from WN = wn77.cism.ucl.ac.be to /srm/v2/server?SFN=/hadoop/store/user/yoshin/DMNtuples//T_schan/ :
python cmscp.py  --destination srm://hepcms-0.umd.edu:8443/srm/v2/server?SFN=/hadoop/store/user/yoshin/DMNtuples//T_schan/ --inputFileList /scratch/condor/execute/dir_7556/CREAM470044609/glide_IKIWVO/execute/dir_20457/CMSSW_5_3_9_patch3/Ntuple_1_1_Oag.root --middleware LCG --se_name hepcms-0.umd.edu --for_lfn /T_schan/    
******************************************************
localSeName  =  ingrid-se02.cism.ucl.ac.be
remoteSeName =  hepcms-0.umd.edu
******************************************************
{"/scratch/condor/execute/dir_7556/CREAM470044609/glide_IKIWVO/execute/dir_20457/CMSSW_5_3_9_patch3/Ntuple_1_1_Oag.root": {"endpoint": "srm://hepcms-0.umd.edu:8443/srm/v2/server?SFN=/hadoop/store/user/yoshin/DMNtuples//T_schan/", "surl_for_grid": "", "reason": "ERROR: problems checking if file /scratch/condor/execute/dir_7556/CREAM470044609/glide_IKIWVO/execute/dir_20457/CMSSW_5_3_9_patch3/Ntuple_1_1_Oag.root already exist'Error checking [Ntuple_1_1_Oag.root]'", "erCode": "60307", "se_name": "hepcms-0.umd.edu", "for_lfn": "/copy_problem/"}}/scratch/condor/execute/dir_7556/CREAM470044609/glide_IKIWVO/execute/dir_20457
-------- cat /scratch/condor/execute/dir_7556/CREAM470044609/glide_IKIWVO/execute/dir_20457/cmscpReport.sh 
#!/bin/bash
echo "Report for File: /scratch/condor/execute/dir_7556/CREAM470044609/glide_IKIWVO/execute/dir_20457/CMSSW_5_3_9_patch3/Ntuple_1_1_Oag.root"
echo "LFN: /copy_problem/Ntuple_1_1_Oag.root"
echo "StorageElement: hepcms-0.umd.edu"
echo "StageOutExitStatusReason = 'ERROR: problems checking if file /scratch/condor/execute/dir_7556/CREAM470044609/glide_IKIWVO/execute/dir_20457/CMSSW_5_3_9_patch3/Ntuple_1_1_Oag.root already exist Error checking [Ntuple_1_1_Oag.root] '" | tee -a $RUNTIME_AREA/$repo
echo "StageOutSE = hepcms-0.umd.edu" >> $RUNTIME_AREA/$repo

export StageOutExitStatus=60307
echo "StageOutExitStatus = 60307" | tee -a $RUNTIME_AREA/$repo
-------- end of /scratch/condor/execute/dir_7556/CREAM470044609/glide_IKIWVO/execute/dir_20457/cmscpReport.sh 
Report for File: /scratch/condor/execute/dir_7556/CREAM470044609/glide_IKIWVO/execute/dir_20457/CMSSW_5_3_9_patch3/Ntuple_1_1_Oag.root
LFN: /copy_problem/Ntuple_1_1_Oag.root
StorageElement: hepcms-0.umd.edu
StageOutExitStatusReason = 'ERROR: problems checking if file /scratch/condor/execute/dir_7556/CREAM470044609/glide_IKIWVO/execute/dir_20457/CMSSW_5_3_9_patch3/Ntuple_1_1_Oag.root already exist Error checking [Ntuple_1_1_Oag.root] '
StageOutExitStatus = 60307
Problem copying file to hepcms-0.umd.edu /srm/v2/server?SFN=/hadoop/store/user/yoshin/DMNtuples//T_schan/
########## contents of SE interaction
2014-03-11 14:09:06.001496:
Executed:	unset LD_LIBRARY_PATH; unset GLITE_ENV_SET; export PATH=/usr/bin:/bin; source /etc/profile; source /scratch/condor/execute/dir_7556/CREAM470044609/glide_IKIWVO/execute/dir_20457/CacheEnv.sh ; lcg-ls -b -D srmv2  -t 2400 --verbose srm://hepcms-0.umd.edu:8443/srm/v2/server?SFN=/hadoop/store/user/yoshin/DMNtuples//T_schan/Ntuple_1_1_Oag.root
Done with exit code:	1
and output:
SE type: SRMv2
Warning: -t,--timeout is deprecated! Use --timeout-* options instead
[SE][Ls][] httpg://hepcms-0.umd.edu:8443/srm/v2/server: CGSI-gSOAP running on wn77.cism.ucl.ac.be reports Error initializing context
GSS Major Status: Authentication Failed

GSS Minor Status Error Chain:
globus_gsi_gssapi: SSLv3 handshake problems
OpenSSL Error: s3_clnt.c:1068: in library: SSL routines, function SSL3_GET_SERVER_CERTIFICATE: certificate verify failed
globus_gsi_callback_module: Could not verify credential
globus_gsi_callback_module: The certificate has expired: Credential with subject: /DC=org/DC=doegrids/OU=Services/CN=hepcms-0.umd.edu has expired.



#####################################
>>> current dir: /scratch/condor/execute/dir_7556/CREAM470044609/glide_IKIWVO/execute/dir_20457
>>> current dir content:
total 74512
-rw-------  1 cms118 cms     1073 Mar 11 14:09 .SEinteraction.log
-rwx------  1 cms118 cms     6558 Mar 11 09:45 .job.ad
-rwx------  1 cms118 cms    13636 Mar 11 09:45 .machine.ad
-rw-------  1 cms118 cms      105 Mar 11 09:18 CMSSW.py
-rw-------  1 cms118 cms  3707019 Mar 11 09:18 CMSSW.py.pkl
-rwx------  1 cms118 cms    27804 Mar 11 09:45 CMSSW.sh
drwxr-xr-x 15 cms118 cms     4096 Mar 11 14:08 CMSSW_5_3_9_patch3
-rw-------  1 cms118 cms      440 Mar 11 09:45 CacheEnv.sh
-rw-------  1 cms118 cms     7291 Feb 24 23:41 DashboardAPI.py
-rw-------  1 cms118 cms     6868 Mar 11 09:45 DashboardAPI.pyc
drwx------  2 cms118 cms     4096 Mar 11 14:08 IMProv
-rw-------  1 cms118 cms     2748 Feb 24 23:41 Logger.py
-rw-------  1 cms118 cms     3348 Mar 11 09:45 Logger.pyc
lrwxrwxrwx  1 cms118 cms      117 Mar 11 14:08 Ntuple.root -> /scratch/condor/execute/dir_7556/CREAM470044609/glide_IKIWVO/execute/dir_20457/CMSSW_5_3_9_patch3/Ntuple_1_1_Oag.root
-rw-------  1 cms118 cms    24524 Feb 24 23:41 ProcInfo.py
-rw-------  1 cms118 cms    23446 Mar 11 09:45 ProcInfo.pyc
drwx------  7 cms118 cms      122 Mar 11 09:46 ProdCommon
drwx------  3 cms118 cms       41 Mar 11 09:45 WMCore
-rw-------  1 cms118 cms     3860 Mar 11 14:09 Watchdog_1.log
-rwx------  1 cms118 cms        0 Mar 11 09:45 _condor_stderr
-rwx---r--  1 cms118 cms    47241 Mar 11 14:12 _condor_stdout
-rw-------  1 cms118 cms    32895 Feb 24 23:41 apmon.py
-rw-------  1 cms118 cms    28845 Mar 11 09:45 apmon.pyc
-rwx------  1 cms118 cms     9019 Mar 11 09:45 arguments.xml
-rwx------  1 cms118 cms    38515 Feb 24 23:41 cmscp.py
-rw-------  1 cms118 cms      664 Mar 11 14:12 cmscpReport.sh
-rwx------  1 cms118 cms    27804 Mar 11 09:45 condor_exec.exe
-rw-------  1 cms118 cms      687 Mar 11 09:18 crab.cfg
-rwx------  1 cms118 cms     8610 Feb 24 23:41 crabWatchdog.sh
-rwx---r--  1 cms118 cms   102505 Mar 11 14:08 crab_fjr_1.xml
-rwx------  1 cms118 cms 72018438 Mar 11 09:45 default.tgz
-rwx------  1 cms118 cms     4488 Feb 24 23:41 fillCrabFjr.py
-rw-------  1 cms118 cms      601 Mar 11 09:46 inputsReport.txt
-rw-------  1 cms118 cms      412 Mar 11 14:12 jobreport.txt
-rw-------  1 cms118 cms    17352 Feb 24 23:41 parseCrabFjr.py
-rw-------  1 cms118 cms      313 Mar 11 09:45 report.log
-rwx--x--x  1 cms118 cms     1497 Feb 24 23:41 report.py
-rw-------  1 cms118 cms      546 Mar 11 14:12 resultCopyFile
-rwx------  1 cms118 cms     8387 Feb 24 23:41 writeCfg.py
-rw-------  1 cms118 cms     9054 Mar 11 10:05 x509up_u1112
>>> Modify Job Report:
CMSSW_VERSION = CMSSW_5_3_9_patch3
/scratch/condor/execute/dir_7556/CREAM470044609/glide_IKIWVO/execute/dir_20457/ProdCommon/FwkJobRep/ModifyJobReport.py fjr /scratch/condor/execute/dir_7556/CREAM470044609/glide_IKIWVO/execute/dir_20457/crab_fjr_1.xml json /scratch/condor/execute/dir_7556/CREAM470044609/glide_IKIWVO/execute/dir_20457/resultCopyFile n_job 1_1_Oag PrimaryDataset T_s-channel_TuneZ2star_8TeV-powheg-tauola  ApplicationFamily cmsRun ApplicationName cmsRun cmssw_version CMSSW_5_3_9_patch3 psethash 3b2d66f5b8402c8a2046770a14ba6d4e
inputDict =  {u'/scratch/condor/execute/dir_7556/CREAM470044609/glide_IKIWVO/execute/dir_20457/CMSSW_5_3_9_patch3/Ntuple_1_1_Oag.root': {u'endpoint': u'srm://hepcms-0.umd.edu:8443/srm/v2/server?SFN=/hadoop/store/user/yoshin/DMNtuples//T_schan/', u'surl_for_grid': u'', u'reason': u"ERROR: problems checking if file /scratch/condor/execute/dir_7556/CREAM470044609/glide_IKIWVO/execute/dir_20457/CMSSW_5_3_9_patch3/Ntuple_1_1_Oag.root already exist'Error checking [Ntuple_1_1_Oag.root]'", u'erCode': u'60307', u'se_name': u'hepcms-0.umd.edu', u'for_lfn': u'/copy_problem/'}}
diz_filter =  {}
UserProcessedDataset =  
Warninig: no EDM_output file or NO_EDM_output to modify in the fjr
Adding a no EDM_output file
>>> crab_fjr_*.xml  permission set to 0704
Checking output files:  
will tar file crab_fjr_1.xml in  out_files_1
WARNING: output file CMSSW_1.stdout not found!
WARNING: output file CMSSW_1.stderr not found!
WARNING: output file Watchdog_1.log.gz not found!
>>> padding time: Wrapper lasting more than 600 seconds. No sleep required.
STOPPING WATCHDOG. CrabWatchdog PID is 21457
********** LAST 50 LINES OF WATCHDOG LOG
# RESOURCE USAGE SUMMARY FOR PROCESS ID 20825
USER       PID %CPU %MEM    VSZ   RSS TTY      STAT START   TIME COMMAND
cms118   20825  0.0  0.0  11568  1772 ?        SN   09:45   0:00 /bin/sh /scratch/condor/execute/dir_7556/CREAM470044609/glide_IKIWVO/execute/dir_20457/condor_exec.exe 1 1
 
# LIMITS USED BY CRAB WATCHDOG:
# RSS  (KBytes)   : 2300000
# VSZ  (KBytes)   : 100000000
# DISK (MBytes)   : 19000
# CPU TIME        : 720h:0m:0s
# WALL CLOCK TIME : 21h:50m:0s
 
# FOLLOWING PRINTOUT TRACKS MAXIMUM VALUES OF RESOURCES USE
# ONE LINE IS PRINTED EACH TIME A MAXIMUM CHANGES
# IF CHANGE WAS IN RSS OR VSZ ALSO PROCID AND COMMAND ARE PRINTED
# THERE IS NO PRINTOUT FOR CPU/WALL TIME INCREASE
 
# TIME			PID	RSS(KB)	VSZ(KB)	Dsk(MB)	tCPU(s)	tWALL(s)	COMMAND
 Mar 11 09:45:51 CET	20825	1772	11568	0	0	0	/bin/sh /scratch/condor/execute/dir_7556/CREAM470044609/glide_IKIWVO/execute/dir_20457/condor_exec.exe 1 1       
 Mar 11 09:45:51 CET	---	1772	11568	261	----	----	----
 Mar 11 09:46:51 CET	21707	384752	553528	261	14	61	cmsRun -j /scratch/condor/execute/dir_7556/CREAM470044609/glide_IKIWVO/execute/dir_20457/crab_fjr_1.xml -p pset.py      
 Mar 11 09:46:51 CET	---	384752	553528	265	----	----	----
 Mar 11 09:47:52 CET	21707	973972	1257808	265	69	121	cmsRun -j /scratch/condor/execute/dir_7556/CREAM470044609/glide_IKIWVO/execute/dir_20457/crab_fjr_1.xml -p pset.py      
 Mar 11 09:48:52 CET	21707	975932	1257808	265	128	182	cmsRun -j /scratch/condor/execute/dir_7556/CREAM470044609/glide_IKIWVO/execute/dir_20457/crab_fjr_1.xml -p pset.py      
 Mar 11 09:50:55 CET	21707	982236	1257808	265	245	304	cmsRun -j /scratch/condor/execute/dir_7556/CREAM470044609/glide_IKIWVO/execute/dir_20457/crab_fjr_1.xml -p pset.py      
 Mar 11 10:01:04 CET	21707	982644	1257808	265	831	914	cmsRun -j /scratch/condor/execute/dir_7556/CREAM470044609/glide_IKIWVO/execute/dir_20457/crab_fjr_1.xml -p pset.py      
 Mar 11 10:02:05 CET	21707	983328	1257808	265	890	975	cmsRun -j /scratch/condor/execute/dir_7556/CREAM470044609/glide_IKIWVO/execute/dir_20457/crab_fjr_1.xml -p pset.py      
 Mar 11 10:06:09 CET	21707	989516	1257808	265	1123	1219	cmsRun -j /scratch/condor/execute/dir_7556/CREAM470044609/glide_IKIWVO/execute/dir_20457/crab_fjr_1.xml -p pset.py      
 Mar 11 10:11:12 CET	21707	996132	1257808	265	1416	1521	cmsRun -j /scratch/condor/execute/dir_7556/CREAM470044609/glide_IKIWVO/execute/dir_20457/crab_fjr_1.xml -p pset.py      
 Mar 11 10:12:12 CET	21707	1011636	1257808	265	1474	1581	cmsRun -j /scratch/condor/execute/dir_7556/CREAM470044609/glide_IKIWVO/execute/dir_20457/crab_fjr_1.xml -p pset.py      
 Mar 11 10:13:12 CET	21707	1012260	1257808	265	1534	1642	cmsRun -j /scratch/condor/execute/dir_7556/CREAM470044609/glide_IKIWVO/execute/dir_20457/crab_fjr_1.xml -p pset.py      
 Mar 11 10:15:13 CET	21707	1035396	1257808	265	1650	1762	cmsRun -j /scratch/condor/execute/dir_7556/CREAM470044609/glide_IKIWVO/execute/dir_20457/crab_fjr_1.xml -p pset.py      
 Mar 11 10:16:13 CET	21707	1036512	1257808	265	1707	1822	cmsRun -j /scratch/condor/execute/dir_7556/CREAM470044609/glide_IKIWVO/execute/dir_20457/crab_fjr_1.xml -p pset.py      
 Mar 11 10:17:13 CET	21707	1037280	1257808	265	1766	1883	cmsRun -j /scratch/condor/execute/dir_7556/CREAM470044609/glide_IKIWVO/execute/dir_20457/crab_fjr_1.xml -p pset.py      
 Mar 11 10:18:14 CET	21707	1041908	1257808	265	1824	1943	cmsRun -j /scratch/condor/execute/dir_7556/CREAM470044609/glide_IKIWVO/execute/dir_20457/crab_fjr_1.xml -p pset.py      
 Mar 11 10:21:14 CET	21707	1042484	1257808	265	1999	2124	cmsRun -j /scratch/condor/execute/dir_7556/CREAM470044609/glide_IKIWVO/execute/dir_20457/crab_fjr_1.xml -p pset.py      
 Mar 11 11:09:45 CET	---	1042484	1257808	266	----	----	----
 Mar 11 12:43:28 CET	---	1042484	1257808	267	----	----	----
 Mar 11 14:09:31 CET	---	1042484	1257808	268	----	----	----
********** WATCHDOG LOG ENDED
ZIPPING WATCHDOG LOG
Disk space used:
du -sh /scratch/condor/execute/dir_7556/CREAM470044609/glide_IKIWVO/execute/dir_20457
268M	/scratch/condor/execute/dir_7556/CREAM470044609/glide_IKIWVO/execute/dir_20457
Found unusual stdout, rename for OSB
`/scratch/condor/execute/dir_7556/CREAM470044609/glide_IKIWVO/execute/dir_20457/_condor_stdout' -> `CMSSW_1.stdout'
Found unusual stderr, rename for OSB
`/scratch/condor/execute/dir_7556/CREAM470044609/glide_IKIWVO/execute/dir_20457/_condor_stdout' -> `CMSSW_1.stderr'
crab_fjr_1.xml
CMSSW_1.stdout
CMSSW_1.stderr
Watchdog_1.log.gz
Total Output dimension: 31913
WARNING: output files size limit is set to: 50000000
Total Output dimension 31913 is fine.
JOB_EXIT_STATUS = 60307
>>> info for dashboard:
***** Cat /scratch/condor/execute/dir_7556/CREAM470044609/glide_IKIWVO/execute/dir_20457/jobreport.txt *****
MonitorJobID=1_https://hcc-crabserver.unl.edu//140311//90049.0
MonitorID=yoshin_T_schan_5bs16z
ExeTime=15758
ExeExitCode=0
StageOutExitStatusReason = 'ERROR: problems checking if file /scratch/condor/execute/dir_7556/CREAM470044609/glide_IKIWVO/execute/dir_20457/CMSSW_5_3_9_patch3/Ntuple_1_1_Oag.root already exist Error checking [Ntuple_1_1_Oag.root] '
StageOutSE = hepcms-0.umd.edu
StageOutExitStatus = 60307
CrabUserCpuTime=14862.34
CrabSysCpuTime=323.85
CrabCpuPercentage=96%
CrabWrapperTime=16048
CrabStageoutTime=244
JobExitCode=60307
***** End Cat jobreport *****
Parameters sent to Dashboard.
