This script was generated by crab (version 2.10.3).
Running /scratch/grid/GsxNDmSB8ojnazHbxmBd5LqoABFKDmABFKDmM0LKDmBBFKDmhkezZn/glide_jMOgPG/execute/dir_17808/condor_exec.exe with 2 positional parameters: 139 4
Today is Tue Apr  1 10:28:09 EEST 2014
Job submitted on host comp-c-032
Linux comp-c-032 2.6.32-042stab076.8 #1 SMP Tue May 14 20:38:14 MSK 2013 x86_64 x86_64 x86_64 GNU/Linux
>>> current directory (RUNTIME_AREA): /scratch/grid/GsxNDmSB8ojnazHbxmBd5LqoABFKDmABFKDmM0LKDmBBFKDmhkezZn/glide_jMOgPG/execute/dir_17808
>>> current user: uid=11041(cms041) gid=1400(cms) groups=1400(cms)
>>> directory permission set to 0700
>>> umask set to:  u=rwx,g=,o=
>>> stdout stderr permission set to 0704
>>> voms proxy information:
subject   : /DC=ch/DC=cern/OU=Organic Units/OU=Users/CN=yoshin/CN=742847/CN=Young Ho Shin/CN=794641100/CN=114986938
issuer    : /DC=ch/DC=cern/OU=Organic Units/OU=Users/CN=yoshin/CN=742847/CN=Young Ho Shin/CN=794641100
identity  : /DC=ch/DC=cern/OU=Organic Units/OU=Users/CN=yoshin/CN=742847/CN=Young Ho Shin/CN=794641100
type      : RFC compliant proxy
strength  : 1024 bits
path      : /scratch/grid/GsxNDmSB8ojnazHbxmBd5LqoABFKDmABFKDmM0LKDmBBFKDmhkezZn/glide_jMOgPG/execute/dir_17808/x509up_u1112
timeleft  : 23:59:09
key usage : Digital Signature, Key Encipherment
=== VO cms extension information ===
VO        : cms
subject   : /DC=ch/DC=cern/OU=Organic Units/OU=Users/CN=yoshin/CN=742847/CN=Young Ho Shin
issuer    : /DC=ch/DC=cern/OU=computers/CN=lcg-voms.cern.ch
attribute : /cms/Role=NULL/Capability=NULL
attribute : /cms/uscms/Role=NULL/Capability=NULL
timeleft  : 176:29:42
uri       : lcg-voms.cern.ch:15002
WNHostName=comp-c-032
>>> tar --no-same-permissions -xf /scratch/grid/GsxNDmSB8ojnazHbxmBd5LqoABFKDmABFKDmM0LKDmBBFKDmhkezZn/glide_jMOgPG/execute/dir_17808/default.tgz :
Successful untar
>>> Include /scratch/grid/GsxNDmSB8ojnazHbxmBd5LqoABFKDmABFKDmM0LKDmBBFKDmhkezZn/glide_jMOgPG/execute/dir_17808 in PYTHONPATH:
strip arguments
env var CRAB_UNIQUE_JOB_ID set to: yoshin_WW_ak8e49_139_4_pt3
out_files_139
>>> list of expected files on output sandbox
output files: crab_fjr_139.xml CMSSW_139.stdout CMSSW_139.stderr Watchdog_139.log.gz
>>> GridFlavour discovery: 
GridFlavour=LCG
>>> SyncSite discovery: 
SyncSite=T2_EE_Estonia
>>> SyncCE discovery: 
getting SyncCE from GLIDEIN_Gaekeeper
SyncCE=cream3.hep.kbfi.ee
>>> info for dashboard:
***** Cat /scratch/grid/GsxNDmSB8ojnazHbxmBd5LqoABFKDmABFKDmM0LKDmBBFKDmhkezZn/glide_jMOgPG/execute/dir_17808/jobreport.txt *****
WNHostName=comp-c-032
MonitorJobID=139_https://submit-4.t2.ucsd.edu//140401//176924.0
SyncGridJobId=https://submit-4.t2.ucsd.edu//140401//176924.0
MonitorID=yoshin_WW_ak8e49
GridFlavour=LCG
SyncSite=T2_EE_Estonia
SyncCE=cream3.hep.kbfi.ee
***** End Cat jobreport *****
Parameters sent to Dashboard.
>>> setup environment
set SCRAM ARCH to slc5_amd64_gcc462
SCRAM_ARCH = slc5_amd64_gcc462
>>> setup CMS LCG environment:
set SCRAM ARCH and BUILD_ARCH to slc5_amd64_gcc462 ###
Sourcing environment... 
sourcing /cvmfs/cms.cern.ch/cmsset_default.sh
==> setup cms environment ok
>>> specific cmssw setup environment:
CMSSW_VERSION =  CMSSW_5_3_9_patch3
>>> current directory (SOFTWARE_DIR): /scratch/grid/GsxNDmSB8ojnazHbxmBd5LqoABFKDmABFKDmM0LKDmBBFKDmhkezZn/glide_jMOgPG/execute/dir_17808/CMSSW_5_3_9_patch3
PreserveSeeds: <>
IncrementSeeds:<>
{}
>>> info for dashboard:
***** Cat /scratch/grid/GsxNDmSB8ojnazHbxmBd5LqoABFKDmABFKDmM0LKDmBBFKDmhkezZn/glide_jMOgPG/execute/dir_17808/jobreport.txt *****
MonitorJobID=139_https://submit-4.t2.ucsd.edu//140401//176924.0
MonitorID=yoshin_WW_ak8e49
***** End Cat jobreport *****
Parameters sent to Dashboard.
crabWatchdog started as process 21693
>>> moving CMSSW software directories in /scratch/grid/GsxNDmSB8ojnazHbxmBd5LqoABFKDmABFKDmM0LKDmBBFKDmhkezZn/glide_jMOgPG/execute/dir_17808/CMSSW_5_3_9_patch3
mv: cannot stat `/scratch/grid/GsxNDmSB8ojnazHbxmBd5LqoABFKDmABFKDmM0LKDmBBFKDmhkezZn/glide_jMOgPG/execute/dir_17808/module/': No such file or directory
 
# LIMITS USED BY CRAB WATCHDOG:
>>> Include /scratch/grid/GsxNDmSB8ojnazHbxmBd5LqoABFKDmABFKDmM0LKDmBBFKDmhkezZn/glide_jMOgPG/execute/dir_17808 in PYTHONPATH:
PYTHONPATH=/scratch/grid/GsxNDmSB8ojnazHbxmBd5LqoABFKDmABFKDmM0LKDmBBFKDmhkezZn/glide_jMOgPG/execute/dir_17808/:/scratch/grid/GsxNDmSB8ojnazHbxmBd5LqoABFKDmABFKDmM0LKDmBBFKDmhkezZn/glide_jMOgPG/execute/dir_17808/CMSSW_5_3_9_patch3/python:/scratch/grid/GsxNDmSB8ojnazHbxmBd5LqoABFKDmABFKDmM0LKDmBBFKDmhkezZn/glide_jMOgPG/execute/dir_17808/CMSSW_5_3_9_patch3/lib/slc5_amd64_gcc462:/cvmfs/cms.cern.ch/slc5_amd64_gcc462/cms/cmssw-patch/CMSSW_5_3_9_patch3/python:/cvmfs/cms.cern.ch/slc5_amd64_gcc462/cms/cmssw-patch/CMSSW_5_3_9_patch3/lib/slc5_amd64_gcc462:/cvmfs/cms.cern.ch/slc5_amd64_gcc462/cms/cmssw/CMSSW_5_3_9/bin/slc5_amd64_gcc462:/cvmfs/cms.cern.ch/slc5_amd64_gcc462/cms/cmssw/CMSSW_5_3_9/lib/slc5_amd64_gcc462:/cvmfs/cms.cern.ch/slc5_amd64_gcc462/cms/coral/CORAL_2_3_21-cms32/slc5_amd64_gcc462/python:/cvmfs/cms.cern.ch/slc5_amd64_gcc462/cms/coral/CORAL_2_3_21-cms32/slc5_amd64_gcc462/lib:/cvmfs/cms.cern.ch/slc5_amd64_gcc462/external/pyqt/4.8.1/lib/python2.6/site-packages:/cvmfs/cms.cern.ch/slc5_amd64_gcc462/external/py2-scipy/0.8.0/lib/python2.6/site-packages:/cvmfs/cms.cern.ch/slc5_amd64_gcc462/external/py2-matplotlib/1.0.1/lib/python2.6/site-packages:/cvmfs/cms.cern.ch/slc5_amd64_gcc462/external/python-ldap/2.3.5/lib/python2.6/site-packages:/cvmfs/cms.cern.ch/slc5_amd64_gcc462/external/sip/4.11.2/lib/python2.6/site-packages:/cvmfs/cms.cern.ch/slc5_amd64_gcc462/external/py2-pycurl/7.19.0/lib/python2.6/site-packages:/cvmfs/cms.cern.ch/slc5_amd64_gcc462/external/py2-numpy/1.6.1/lib/python2.6/site-packages:/cvmfs/cms.cern.ch/slc5_amd64_gcc462/external/py2-ipython/0.10/lib/python2.6/site-packages:/cvmfs/cms.cern.ch/slc5_amd64_gcc462/external/py2-cx-oracle/5.1-cms11/lib/python2.6/site-packages:/cvmfs/cms.cern.ch/slc5_amd64_gcc462/external/py2-cjson/1.0.5/lib/python2.6/site-packages:/cvmfs/cms.cern.ch/slc5_amd64_gcc462/cms/das-client/1.4.1-cms8/bin:/cvmfs/cms.cern.ch/slc5_amd64_gcc462/external/elementtree/1.2.6/share/lib/python2.6/site-packages:/cvmfs/cms.cern.ch/slc5_amd64_gcc462/external/rivet/1.8.2/lib/python2.6/site-packages:/cvmfs/cms.cern.ch/slc5_amd64_gcc462/external/pyminuit2/0.0.1-cms39/lib/python2.6/site-packages:/cvmfs/cms.cern.ch/slc5_amd64_gcc462/external/professor/1.0.0-cms40/lib/python2.6/site-packages:/cvmfs/cms.cern.ch/slc5_amd64_gcc462/lcg/root/5.32.00-cms21/lib:/cvmfs/cms.cern.ch/slc5_amd64_gcc462/cms/dbs-client/DBS_2_1_1_patch1_1/lib:/cvmfs/cms.cern.ch/slc5_amd64_gcc462/cms/dbs-client/DBS_2_1_1_patch1_1/lib/DBSAPI:/scratch/grid/GsxNDmSB8ojnazHbxmBd5LqoABFKDmABFKDmM0LKDmBBFKDmhkezZn/glide_jMOgPG/execute/dir_17808/
# RSS  (KBytes)   : 2300000
# VSZ  (KBytes)   : 100000000
# DISK (MBytes)   : 19000
# CPU TIME        : 720h:0m:0s
# WALL CLOCK TIME : 21h:50m:0s
 
3b2d66f5b8402c8a2046770a14ba6d4e
PSETHASH = 3b2d66f5b8402c8a2046770a14ba6d4e
/scratch/grid/GsxNDmSB8ojnazHbxmBd5LqoABFKDmABFKDmM0LKDmBBFKDmhkezZn/glide_jMOgPG/execute/dir_17808/writeCfg.py pset.py pset.py
Importing .py file
Setting parameters
inputBlocks=/WW_TuneZ2star_8TeV_pythia6_tauola/Summer12_DR53X-PU_S10_START53_V7A-v1/AODSIM#650fdcce-fa61-11e1-b87d-003048f02c8a
inputFiles=/store/mc/Summer12_DR53X/WW_TuneZ2star_8TeV_pythia6_tauola/AODSIM/PU_S10_START53_V7A-v1/0000/58C60D64-6EFA-E111-966C-0024E876807F.root;/store/mc/Summer12_DR53X/WW_TuneZ2star_8TeV_pythia6_tauola/AODSIM/PU_S10_START53_V7A-v1/0000/78477768-6EFA-E111-B0E4-00266CF268B8.root;/store/mc/Summer12_DR53X/WW_TuneZ2star_8TeV_pythia6_tauola/AODSIM/PU_S10_START53_V7A-v1/0000/FC8F2278-6EFA-E111-BF32-008CFA008C94.root;/store/mc/Summer12_DR53X/WW_TuneZ2star_8TeV_pythia6_tauola/AODSIM/PU_S10_START53_V7A-v1/0000/4E1B165C-6EFA-E111-B2EA-00266CF25590.root
parentFiles=
lumisRange=
>>> Executable cmsRun
/cvmfs/cms.cern.ch/slc5_amd64_gcc462/cms/cmssw-patch/CMSSW_5_3_9_patch3/bin/slc5_amd64_gcc462/cmsRun
ok executable found
>>> info for dashboard:
***** Cat /scratch/grid/GsxNDmSB8ojnazHbxmBd5LqoABFKDmABFKDmM0LKDmBBFKDmhkezZn/glide_jMOgPG/execute/dir_17808/jobreport.txt *****
MonitorJobID=139_https://submit-4.t2.ucsd.edu//140401//176924.0
MonitorID=yoshin_WW_ak8e49
ExeStart=cmsRun
***** End Cat jobreport *****
Parameters sent to Dashboard.
>>> cmsRun started at Tue Apr  1 07:30:36 UTC 2014
>>> cmsRun ended at Tue Apr  1 12:53:57 UTC 2014
>>> crab_fjr_*.xml  permission set to 0704
>>> info for dashboard:
***** Cat /scratch/grid/GsxNDmSB8ojnazHbxmBd5LqoABFKDmABFKDmM0LKDmBBFKDmhkezZn/glide_jMOgPG/execute/dir_17808/jobreport.txt *****
MonitorJobID=139_https://submit-4.t2.ucsd.edu//140401//176924.0
MonitorID=yoshin_WW_ak8e49
ExeEnd=cmsRun
***** End Cat jobreport *****
Parameters sent to Dashboard.
TIME_EXE = 19401 sec
>>> cmsRun wrote 266 lines of stdout+stderr
>>> START OF printout of 266 lines from stdout+stderr
01-Apr-2014 10:33:35 EEST  Initiating request to open file file:/hdfs/cms/store/mc/Summer12_DR53X/WW_TuneZ2star_8TeV_pythia6_tauola/AODSIM/PU_S10_START53_V7A-v1/0000/58C60D64-6EFA-E111-966C-0024E876807F.root
01-Apr-2014 10:33:40 EEST  Successfully opened file file:/hdfs/cms/store/mc/Summer12_DR53X/WW_TuneZ2star_8TeV_pythia6_tauola/AODSIM/PU_S10_START53_V7A-v1/0000/58C60D64-6EFA-E111-966C-0024E876807F.root
Reading JEC parameters = SubTotalMC from file = /scratch/grid/GsxNDmSB8ojnazHbxmBd5LqoABFKDmABFKDmM0LKDmBBFKDmhkezZn/glide_jMOgPG/execute/dir_17808/CMSSW_5_3_9_patch3/src/PhysicsTools/PatUtils/data/Summer13_V1_DATA_UncertaintySources_AK5PF.txt.
Reading JEC parameters = SubTotalMC from file = /scratch/grid/GsxNDmSB8ojnazHbxmBd5LqoABFKDmABFKDmM0LKDmBBFKDmhkezZn/glide_jMOgPG/execute/dir_17808/CMSSW_5_3_9_patch3/src/PhysicsTools/PatUtils/data/Summer13_V1_DATA_UncertaintySources_AK5PF.txt.
Reading JEC parameters = SubTotalMC from file = /scratch/grid/GsxNDmSB8ojnazHbxmBd5LqoABFKDmABFKDmM0LKDmBBFKDmhkezZn/glide_jMOgPG/execute/dir_17808/CMSSW_5_3_9_patch3/src/PhysicsTools/PatUtils/data/Summer13_V1_DATA_UncertaintySources_AK5PF.txt.
Reading JEC parameters = SubTotalMC from file = /scratch/grid/GsxNDmSB8ojnazHbxmBd5LqoABFKDmABFKDmM0LKDmBBFKDmhkezZn/glide_jMOgPG/execute/dir_17808/CMSSW_5_3_9_patch3/src/PhysicsTools/PatUtils/data/Summer13_V1_DATA_UncertaintySources_AK5PF.txt.
Reading JEC parameters = SubTotalMC from file = /scratch/grid/GsxNDmSB8ojnazHbxmBd5LqoABFKDmABFKDmM0LKDmBBFKDmhkezZn/glide_jMOgPG/execute/dir_17808/CMSSW_5_3_9_patch3/src/PhysicsTools/PatUtils/data/Summer13_V1_DATA_UncertaintySources_AK5PF.txt.
Reading JEC parameters = SubTotalMC from file = /scratch/grid/GsxNDmSB8ojnazHbxmBd5LqoABFKDmABFKDmM0LKDmBBFKDmhkezZn/glide_jMOgPG/execute/dir_17808/CMSSW_5_3_9_patch3/src/PhysicsTools/PatUtils/data/Summer13_V1_DATA_UncertaintySources_AK5PF.txt.
Reading JEC parameters = SubTotalMC from file = /scratch/grid/GsxNDmSB8ojnazHbxmBd5LqoABFKDmABFKDmM0LKDmBBFKDmhkezZn/glide_jMOgPG/execute/dir_17808/CMSSW_5_3_9_patch3/src/PhysicsTools/PatUtils/data/Summer13_V1_DATA_UncertaintySources_AK5PF.txt.
Reading JEC parameters = SubTotalMC from file = /scratch/grid/GsxNDmSB8ojnazHbxmBd5LqoABFKDmABFKDmM0LKDmBBFKDmhkezZn/glide_jMOgPG/execute/dir_17808/CMSSW_5_3_9_patch3/src/PhysicsTools/PatUtils/data/Summer13_V1_DATA_UncertaintySources_AK5PF.txt.
 =============================== print selections
 selection :    e20M x 2     
 selection :    e20M x 1        m20M x 1     
 selection :    m20M x 2     
Reading JEC parameters = SubTotalMC from file = /scratch/grid/GsxNDmSB8ojnazHbxmBd5LqoABFKDmABFKDmM0LKDmBBFKDmhkezZn/glide_jMOgPG/execute/dir_17808/CMSSW_5_3_9_patch3/src/PhysicsTools/PatUtils/data/Summer13_V1_DATA_UncertaintySources_AK5PF.txt.
Reading JEC parameters = SubTotalMC from file = /scratch/grid/GsxNDmSB8ojnazHbxmBd5LqoABFKDmABFKDmM0LKDmBBFKDmhkezZn/glide_jMOgPG/execute/dir_17808/CMSSW_5_3_9_patch3/src/PhysicsTools/PatUtils/data/Summer13_V1_DATA_UncertaintySources_AK5PF.txt.
Reading JEC parameters = SubTotalMC from file = /scratch/grid/GsxNDmSB8ojnazHbxmBd5LqoABFKDmABFKDmM0LKDmBBFKDmhkezZn/glide_jMOgPG/execute/dir_17808/CMSSW_5_3_9_patch3/src/PhysicsTools/PatUtils/data/Summer13_V1_DATA_UncertaintySources_AK5PF.txt.
Reading JEC parameters = SubTotalMC from file = /scratch/grid/GsxNDmSB8ojnazHbxmBd5LqoABFKDmABFKDmM0LKDmBBFKDmhkezZn/glide_jMOgPG/execute/dir_17808/CMSSW_5_3_9_patch3/src/PhysicsTools/PatUtils/data/Summer13_V1_DATA_UncertaintySources_AK5PF.txt.
Reading JEC parameters = SubTotalMC from file = /scratch/grid/GsxNDmSB8ojnazHbxmBd5LqoABFKDmABFKDmM0LKDmBBFKDmhkezZn/glide_jMOgPG/execute/dir_17808/CMSSW_5_3_9_patch3/src/PhysicsTools/PatUtils/data/Summer13_V1_DATA_UncertaintySources_AK5PF.txt.
Reading JEC parameters = SubTotalMC from file = /scratch/grid/GsxNDmSB8ojnazHbxmBd5LqoABFKDmABFKDmM0LKDmBBFKDmhkezZn/glide_jMOgPG/execute/dir_17808/CMSSW_5_3_9_patch3/src/PhysicsTools/PatUtils/data/Summer13_V1_DATA_UncertaintySources_AK5PF.txt.
Reading JEC parameters = SubTotalMC from file = /scratch/grid/GsxNDmSB8ojnazHbxmBd5LqoABFKDmABFKDmM0LKDmBBFKDmhkezZn/glide_jMOgPG/execute/dir_17808/CMSSW_5_3_9_patch3/src/PhysicsTools/PatUtils/data/Summer13_V1_DATA_UncertaintySources_AK5PF.txt.
Reading JEC parameters = SubTotalMC from file = /scratch/grid/GsxNDmSB8ojnazHbxmBd5LqoABFKDmABFKDmM0LKDmBBFKDmhkezZn/glide_jMOgPG/execute/dir_17808/CMSSW_5_3_9_patch3/src/PhysicsTools/PatUtils/data/Summer13_V1_DATA_UncertaintySources_AK5PF.txt.
Begin processing the 1st record. Run 1, Event 875485, LumiSection 1613 at 01-Apr-2014 10:35:38.314 EEST
Reader booked
Reader booked
WARNING : did not find any valid track reference attached to the jet 
WARNING : did not find any valid track reference attached to the jet 
WARNING : did not find any valid track reference attached to the jet 
WARNING : did not find any valid track reference attached to the jet 
WARNING : did not find any valid track reference attached to the jet 
WARNING : did not find any valid track reference attached to the jet 
WARNING : did not find any valid track reference attached to the jet 
WARNING : did not find any valid track reference attached to the jet 
WARNING : did not find any valid track reference attached to the jet 
WARNING : did not find any valid track reference attached to the jet 
Reader booked
Reader booked
Reader booked
Reader booked
Reader booked
Reader booked
Reader booked
Reader booked
Reader booked
%MSG-w TkTransientTrackingRecHitBuilderESProducer:  GhmZeeAnalyzer:ZeeAnalyzer  01-Apr-2014 10:36:52 EEST Run: 1 Event: 875502
 The tracking rec hit positions and errors are not a persistent in data formats.
 They are not available from disk.
 However, TkTransientTrackingRecHitBuilderESProducer::ComputeCoarseLocalPositionFromDisk=True 
 will make the coarse estimation of this position/error available without track refit.
 Position/error obtained from rechit with already defined position/error are not recomputed.
 Position/error obtained from track refit are precise.
%MSG
Begin processing the 101st record. Run 1, Event 875585, LumiSection 1613 at 01-Apr-2014 10:38:44.499 EEST
Begin processing the 201st record. Run 1, Event 875685, LumiSection 1613 at 01-Apr-2014 10:40:55.532 EEST
Begin processing the 301st record. Run 1, Event 875785, LumiSection 1613 at 01-Apr-2014 10:43:02.048 EEST
Begin processing the 401st record. Run 1, Event 879686, LumiSection 1621 at 01-Apr-2014 10:45:22.466 EEST
Begin processing the 501st record. Run 1, Event 879786, LumiSection 1621 at 01-Apr-2014 10:47:48.251 EEST
Begin processing the 601st record. Run 1, Event 879886, LumiSection 1621 at 01-Apr-2014 10:50:06.975 EEST
Begin processing the 701st record. Run 1, Event 879986, LumiSection 1621 at 01-Apr-2014 10:52:53.548 EEST
Begin processing the 801st record. Run 1, Event 880086, LumiSection 1621 at 01-Apr-2014 10:55:06.747 EEST
Begin processing the 901st record. Run 1, Event 880186, LumiSection 1621 at 01-Apr-2014 10:57:20.212 EEST
Begin processing the 1001st record. Run 1, Event 926984, LumiSection 1708 at 01-Apr-2014 10:59:44.505 EEST
Begin processing the 1101st record. Run 1, Event 927084, LumiSection 1708 at 01-Apr-2014 11:02:08.317 EEST
Begin processing the 1201st record. Run 1, Event 927184, LumiSection 1708 at 01-Apr-2014 11:04:25.392 EEST
Begin processing the 1301st record. Run 1, Event 927284, LumiSection 1708 at 01-Apr-2014 11:06:22.065 EEST
Begin processing the 1401st record. Run 1, Event 927384, LumiSection 1708 at 01-Apr-2014 11:08:37.420 EEST
Begin processing the 1501st record. Run 1, Event 935086, LumiSection 1723 at 01-Apr-2014 11:10:50.589 EEST
Begin processing the 1601st record. Run 1, Event 935186, LumiSection 1723 at 01-Apr-2014 11:13:17.689 EEST
Begin processing the 1701st record. Run 1, Event 935286, LumiSection 1723 at 01-Apr-2014 11:15:28.299 EEST
Begin processing the 1801st record. Run 1, Event 935386, LumiSection 1723 at 01-Apr-2014 11:17:52.862 EEST
Begin processing the 1901st record. Run 1, Event 935486, LumiSection 1723 at 01-Apr-2014 11:20:13.756 EEST
Begin processing the 2001st record. Run 1, Event 935586, LumiSection 1723 at 01-Apr-2014 11:22:30.292 EEST
Begin processing the 2101st record. Run 1, Event 973696, LumiSection 1794 at 01-Apr-2014 11:24:43.111 EEST
Begin processing the 2201st record. Run 1, Event 973796, LumiSection 1794 at 01-Apr-2014 11:27:02.032 EEST
Begin processing the 2301st record. Run 1, Event 973896, LumiSection 1794 at 01-Apr-2014 11:29:15.928 EEST
Begin processing the 2401st record. Run 1, Event 973996, LumiSection 1794 at 01-Apr-2014 11:31:40.312 EEST
Begin processing the 2501st record. Run 1, Event 974096, LumiSection 1794 at 01-Apr-2014 11:34:02.453 EEST
Begin processing the 2601st record. Run 1, Event 975282, LumiSection 1797 at 01-Apr-2014 11:36:13.261 EEST
Begin processing the 2701st record. Run 1, Event 975382, LumiSection 1797 at 01-Apr-2014 11:38:19.126 EEST
Begin processing the 2801st record. Run 1, Event 975482, LumiSection 1797 at 01-Apr-2014 11:40:16.771 EEST
Begin processing the 2901st record. Run 1, Event 975582, LumiSection 1797 at 01-Apr-2014 11:42:21.822 EEST
Begin processing the 3001st record. Run 1, Event 975682, LumiSection 1797 at 01-Apr-2014 11:44:24.719 EEST
Begin processing the 3101st record. Run 1, Event 991529, LumiSection 1827 at 01-Apr-2014 11:46:24.012 EEST
Begin processing the 3201st record. Run 1, Event 991629, LumiSection 1827 at 01-Apr-2014 11:48:29.930 EEST
Begin processing the 3301st record. Run 1, Event 991729, LumiSection 1827 at 01-Apr-2014 11:50:25.277 EEST
Begin processing the 3401st record. Run 1, Event 991829, LumiSection 1827 at 01-Apr-2014 11:52:35.560 EEST
Begin processing the 3501st record. Run 1, Event 991929, LumiSection 1827 at 01-Apr-2014 11:54:49.419 EEST
Begin processing the 3601st record. Run 1, Event 992029, LumiSection 1827 at 01-Apr-2014 11:57:25.312 EEST
Begin processing the 3701st record. Run 1, Event 1074122, LumiSection 1979 at 01-Apr-2014 11:59:39.984 EEST
Begin processing the 3801st record. Run 1, Event 1074222, LumiSection 1979 at 01-Apr-2014 12:01:38.666 EEST
Begin processing the 3901st record. Run 1, Event 1074322, LumiSection 1979 at 01-Apr-2014 12:03:43.837 EEST
Begin processing the 4001st record. Run 1, Event 1074422, LumiSection 1979 at 01-Apr-2014 12:05:50.813 EEST
Begin processing the 4101st record. Run 1, Event 1074522, LumiSection 1979 at 01-Apr-2014 12:07:59.807 EEST
Begin processing the 4201st record. Run 1, Event 1094170, LumiSection 2016 at 01-Apr-2014 12:10:16.958 EEST
Begin processing the 4301st record. Run 1, Event 1094270, LumiSection 2016 at 01-Apr-2014 12:12:25.371 EEST
Begin processing the 4401st record. Run 1, Event 1094370, LumiSection 2016 at 01-Apr-2014 12:14:34.231 EEST
Begin processing the 4501st record. Run 1, Event 1094470, LumiSection 2016 at 01-Apr-2014 12:16:43.917 EEST
Begin processing the 4601st record. Run 1, Event 1094570, LumiSection 2016 at 01-Apr-2014 12:18:47.529 EEST
Begin processing the 4701st record. Run 1, Event 1094670, LumiSection 2016 at 01-Apr-2014 12:21:05.004 EEST
Begin processing the 4801st record. Run 1, Event 1111603, LumiSection 2048 at 01-Apr-2014 12:23:04.645 EEST
Begin processing the 4901st record. Run 1, Event 1111703, LumiSection 2048 at 01-Apr-2014 12:25:09.906 EEST
Begin processing the 5001st record. Run 1, Event 1111803, LumiSection 2048 at 01-Apr-2014 12:27:18.412 EEST
Begin processing the 5101st record. Run 1, Event 1111903, LumiSection 2048 at 01-Apr-2014 12:29:24.672 EEST
Begin processing the 5201st record. Run 1, Event 1112003, LumiSection 2048 at 01-Apr-2014 12:31:32.238 EEST
Begin processing the 5301st record. Run 1, Event 1118619, LumiSection 2061 at 01-Apr-2014 12:33:27.753 EEST
Begin processing the 5401st record. Run 1, Event 1118719, LumiSection 2061 at 01-Apr-2014 12:35:29.846 EEST
Begin processing the 5501st record. Run 1, Event 1118819, LumiSection 2061 at 01-Apr-2014 12:37:35.577 EEST
Begin processing the 5601st record. Run 1, Event 1118919, LumiSection 2061 at 01-Apr-2014 12:39:34.787 EEST
Begin processing the 5701st record. Run 1, Event 1119019, LumiSection 2061 at 01-Apr-2014 12:41:35.621 EEST
Begin processing the 5801st record. Run 1, Event 1119119, LumiSection 2061 at 01-Apr-2014 12:43:32.228 EEST
Begin processing the 5901st record. Run 1, Event 1152342, LumiSection 2123 at 01-Apr-2014 12:45:47.909 EEST
Begin processing the 6001st record. Run 1, Event 1152442, LumiSection 2123 at 01-Apr-2014 12:47:46.714 EEST
Begin processing the 6101st record. Run 1, Event 1152542, LumiSection 2123 at 01-Apr-2014 12:49:53.660 EEST
Begin processing the 6201st record. Run 1, Event 1152642, LumiSection 2123 at 01-Apr-2014 12:52:03.623 EEST
Begin processing the 6301st record. Run 1, Event 1152742, LumiSection 2123 at 01-Apr-2014 12:54:05.305 EEST
Begin processing the 6401st record. Run 1, Event 1156643, LumiSection 2131 at 01-Apr-2014 12:56:20.961 EEST
Begin processing the 6501st record. Run 1, Event 1156743, LumiSection 2131 at 01-Apr-2014 12:58:34.431 EEST
Begin processing the 6601st record. Run 1, Event 1156843, LumiSection 2131 at 01-Apr-2014 13:00:34.017 EEST
Begin processing the 6701st record. Run 1, Event 1156943, LumiSection 2131 at 01-Apr-2014 13:02:36.462 EEST
Begin processing the 6801st record. Run 1, Event 1157043, LumiSection 2131 at 01-Apr-2014 13:04:36.032 EEST
01-Apr-2014 13:06:30 EEST  Closed file file:/hdfs/cms/store/mc/Summer12_DR53X/WW_TuneZ2star_8TeV_pythia6_tauola/AODSIM/PU_S10_START53_V7A-v1/0000/58C60D64-6EFA-E111-966C-0024E876807F.root
01-Apr-2014 13:06:30 EEST  Initiating request to open file file:/hdfs/cms/store/mc/Summer12_DR53X/WW_TuneZ2star_8TeV_pythia6_tauola/AODSIM/PU_S10_START53_V7A-v1/0000/78477768-6EFA-E111-B0E4-00266CF268B8.root
01-Apr-2014 13:06:38 EEST  Successfully opened file file:/hdfs/cms/store/mc/Summer12_DR53X/WW_TuneZ2star_8TeV_pythia6_tauola/AODSIM/PU_S10_START53_V7A-v1/0000/78477768-6EFA-E111-B0E4-00266CF268B8.root
Begin processing the 6901st record. Run 1, Event 2661796, LumiSection 4903 at 01-Apr-2014 13:07:03.408 EEST
Begin processing the 7001st record. Run 1, Event 2661896, LumiSection 4903 at 01-Apr-2014 13:08:44.498 EEST
Begin processing the 7101st record. Run 1, Event 2661996, LumiSection 4903 at 01-Apr-2014 13:10:26.641 EEST
Begin processing the 7201st record. Run 1, Event 2662096, LumiSection 4903 at 01-Apr-2014 13:12:00.253 EEST
Begin processing the 7301st record. Run 1, Event 2662196, LumiSection 4903 at 01-Apr-2014 13:13:42.675 EEST
Begin processing the 7401st record. Run 1, Event 2662296, LumiSection 4903 at 01-Apr-2014 13:15:16.096 EEST
Begin processing the 7501st record. Run 1, Event 2669998, LumiSection 4918 at 01-Apr-2014 13:17:02.883 EEST
Begin processing the 7601st record. Run 1, Event 2670098, LumiSection 4918 at 01-Apr-2014 13:18:42.387 EEST
Begin processing the 7701st record. Run 1, Event 2670198, LumiSection 4918 at 01-Apr-2014 13:20:11.707 EEST
Begin processing the 7801st record. Run 1, Event 2670298, LumiSection 4918 at 01-Apr-2014 13:21:42.264 EEST
Begin processing the 7901st record. Run 1, Event 2670398, LumiSection 4918 at 01-Apr-2014 13:23:18.728 EEST
Begin processing the 8001st record. Run 1, Event 2700363, LumiSection 4974 at 01-Apr-2014 13:25:00.033 EEST
Begin processing the 8101st record. Run 1, Event 2700463, LumiSection 4974 at 01-Apr-2014 13:26:46.088 EEST
Begin processing the 8201st record. Run 1, Event 2700563, LumiSection 4974 at 01-Apr-2014 13:28:28.167 EEST
Begin processing the 8301st record. Run 1, Event 2700663, LumiSection 4974 at 01-Apr-2014 13:29:58.583 EEST
Begin processing the 8401st record. Run 1, Event 2700763, LumiSection 4974 at 01-Apr-2014 13:31:32.657 EEST
Begin processing the 8501st record. Run 1, Event 2700863, LumiSection 4974 at 01-Apr-2014 13:33:05.915 EEST
Begin processing the 8601st record. Run 1, Event 2709651, LumiSection 4991 at 01-Apr-2014 13:34:50.380 EEST
Begin processing the 8701st record. Run 1, Event 2709751, LumiSection 4991 at 01-Apr-2014 13:36:31.040 EEST
Begin processing the 8801st record. Run 1, Event 2709851, LumiSection 4991 at 01-Apr-2014 13:38:12.323 EEST
Begin processing the 8901st record. Run 1, Event 2709951, LumiSection 4991 at 01-Apr-2014 13:39:47.473 EEST
Begin processing the 9001st record. Run 1, Event 2710051, LumiSection 4991 at 01-Apr-2014 13:41:27.133 EEST
Begin processing the 9101st record. Run 1, Event 2716667, LumiSection 5004 at 01-Apr-2014 13:43:09.526 EEST
Begin processing the 9201st record. Run 1, Event 2716767, LumiSection 5004 at 01-Apr-2014 13:44:38.319 EEST
Begin processing the 9301st record. Run 1, Event 2716867, LumiSection 5004 at 01-Apr-2014 13:46:06.209 EEST
Begin processing the 9401st record. Run 1, Event 2716967, LumiSection 5004 at 01-Apr-2014 13:47:42.041 EEST
Begin processing the 9501st record. Run 1, Event 2717067, LumiSection 5004 at 01-Apr-2014 13:49:19.077 EEST
Begin processing the 9601st record. Run 1, Event 2717167, LumiSection 5004 at 01-Apr-2014 13:50:54.064 EEST
Begin processing the 9701st record. Run 1, Event 2731928, LumiSection 5032 at 01-Apr-2014 13:52:28.481 EEST
Begin processing the 9801st record. Run 1, Event 2732028, LumiSection 5032 at 01-Apr-2014 13:53:59.607 EEST
Begin processing the 9901st record. Run 1, Event 2732128, LumiSection 5032 at 01-Apr-2014 13:55:39.892 EEST
Begin processing the 10001st record. Run 1, Event 2732228, LumiSection 5032 at 01-Apr-2014 13:57:28.062 EEST
Begin processing the 10101st record. Run 1, Event 2732328, LumiSection 5032 at 01-Apr-2014 13:59:03.279 EEST
Begin processing the 10201st record. Run 1, Event 2733514, LumiSection 5035 at 01-Apr-2014 14:00:33.145 EEST
Begin processing the 10301st record. Run 1, Event 2733614, LumiSection 5035 at 01-Apr-2014 14:02:21.661 EEST
Begin processing the 10401st record. Run 1, Event 2733714, LumiSection 5035 at 01-Apr-2014 14:03:57.167 EEST
Begin processing the 10501st record. Run 1, Event 2733814, LumiSection 5035 at 01-Apr-2014 14:05:52.371 EEST
Begin processing the 10601st record. Run 1, Event 2733914, LumiSection 5035 at 01-Apr-2014 14:07:32.188 EEST
Begin processing the 10701st record. Run 1, Event 2763336, LumiSection 5090 at 01-Apr-2014 14:09:14.984 EEST
Begin processing the 10801st record. Run 1, Event 2763436, LumiSection 5090 at 01-Apr-2014 14:10:35.436 EEST
Begin processing the 10901st record. Run 1, Event 2763536, LumiSection 5090 at 01-Apr-2014 14:12:22.511 EEST
Begin processing the 11001st record. Run 1, Event 2763636, LumiSection 5090 at 01-Apr-2014 14:13:58.394 EEST
Begin processing the 11101st record. Run 1, Event 2763736, LumiSection 5090 at 01-Apr-2014 14:16:14.989 EEST
Begin processing the 11201st record. Run 1, Event 2763836, LumiSection 5090 at 01-Apr-2014 14:17:57.585 EEST
Begin processing the 11301st record. Run 1, Event 2793801, LumiSection 5146 at 01-Apr-2014 14:19:32.369 EEST
Begin processing the 11401st record. Run 1, Event 2793901, LumiSection 5146 at 01-Apr-2014 14:21:16.763 EEST
Begin processing the 11501st record. Run 1, Event 2794001, LumiSection 5146 at 01-Apr-2014 14:22:49.458 EEST
Begin processing the 11601st record. Run 1, Event 2794101, LumiSection 5146 at 01-Apr-2014 14:24:26.554 EEST
Begin processing the 11701st record. Run 1, Event 2794201, LumiSection 5146 at 01-Apr-2014 14:26:07.696 EEST
Begin processing the 11801st record. Run 1, Event 2892041, LumiSection 5327 at 01-Apr-2014 14:27:44.266 EEST
Begin processing the 11901st record. Run 1, Event 2892141, LumiSection 5327 at 01-Apr-2014 14:29:36.929 EEST
Begin processing the 12001st record. Run 1, Event 2892241, LumiSection 5327 at 01-Apr-2014 14:31:27.944 EEST
Begin processing the 12101st record. Run 1, Event 2892341, LumiSection 5327 at 01-Apr-2014 14:33:11.083 EEST
Begin processing the 12201st record. Run 1, Event 2892441, LumiSection 5327 at 01-Apr-2014 14:34:58.519 EEST
Begin processing the 12301st record. Run 1, Event 2892541, LumiSection 5327 at 01-Apr-2014 14:36:45.347 EEST
Begin processing the 12401st record. Run 1, Event 2974634, LumiSection 5479 at 01-Apr-2014 14:38:23.383 EEST
Begin processing the 12501st record. Run 1, Event 2974734, LumiSection 5479 at 01-Apr-2014 14:40:05.636 EEST
Begin processing the 12601st record. Run 1, Event 2974834, LumiSection 5479 at 01-Apr-2014 14:41:50.623 EEST
Begin processing the 12701st record. Run 1, Event 2974934, LumiSection 5479 at 01-Apr-2014 14:43:28.520 EEST
Begin processing the 12801st record. Run 1, Event 2975034, LumiSection 5479 at 01-Apr-2014 14:45:04.144 EEST
Begin processing the 12901st record. Run 1, Event 2981107, LumiSection 5491 at 01-Apr-2014 14:46:46.156 EEST
Begin processing the 13001st record. Run 1, Event 2981207, LumiSection 5491 at 01-Apr-2014 14:48:30.527 EEST
Begin processing the 13101st record. Run 1, Event 2981307, LumiSection 5491 at 01-Apr-2014 14:50:09.953 EEST
Begin processing the 13201st record. Run 1, Event 2981407, LumiSection 5491 at 01-Apr-2014 14:51:44.323 EEST
Begin processing the 13301st record. Run 1, Event 2981507, LumiSection 5491 at 01-Apr-2014 14:53:28.253 EEST
Begin processing the 13401st record. Run 1, Event 2981607, LumiSection 5491 at 01-Apr-2014 14:55:12.447 EEST
01-Apr-2014 14:55:18 EEST  Closed file file:/hdfs/cms/store/mc/Summer12_DR53X/WW_TuneZ2star_8TeV_pythia6_tauola/AODSIM/PU_S10_START53_V7A-v1/0000/78477768-6EFA-E111-B0E4-00266CF268B8.root
01-Apr-2014 14:55:18 EEST  Initiating request to open file file:/hdfs/cms/store/mc/Summer12_DR53X/WW_TuneZ2star_8TeV_pythia6_tauola/AODSIM/PU_S10_START53_V7A-v1/0000/FC8F2278-6EFA-E111-BF32-008CFA008C94.root
01-Apr-2014 14:55:19 EEST  Successfully opened file file:/hdfs/cms/store/mc/Summer12_DR53X/WW_TuneZ2star_8TeV_pythia6_tauola/AODSIM/PU_S10_START53_V7A-v1/0000/FC8F2278-6EFA-E111-BF32-008CFA008C94.root
Begin processing the 13501st record. Run 1, Event 638119, LumiSection 1176 at 01-Apr-2014 14:57:06.051 EEST
Begin processing the 13601st record. Run 1, Event 638219, LumiSection 1176 at 01-Apr-2014 14:58:39.524 EEST
Begin processing the 13701st record. Run 1, Event 638319, LumiSection 1176 at 01-Apr-2014 15:00:18.556 EEST
Begin processing the 13801st record. Run 1, Event 638419, LumiSection 1176 at 01-Apr-2014 15:02:04.130 EEST
Begin processing the 13901st record. Run 1, Event 638519, LumiSection 1176 at 01-Apr-2014 15:03:44.488 EEST
Begin processing the 14001st record. Run 1, Event 647850, LumiSection 1194 at 01-Apr-2014 15:05:28.193 EEST
Begin processing the 14101st record. Run 1, Event 647950, LumiSection 1194 at 01-Apr-2014 15:07:13.843 EEST
Begin processing the 14201st record. Run 1, Event 648050, LumiSection 1194 at 01-Apr-2014 15:08:46.243 EEST
Begin processing the 14301st record. Run 1, Event 648150, LumiSection 1194 at 01-Apr-2014 15:10:27.125 EEST
Begin processing the 14401st record. Run 1, Event 648250, LumiSection 1194 at 01-Apr-2014 15:12:11.043 EEST
Begin processing the 14501st record. Run 1, Event 652151, LumiSection 1202 at 01-Apr-2014 15:13:50.902 EEST
Begin processing the 14601st record. Run 1, Event 652251, LumiSection 1202 at 01-Apr-2014 15:15:26.151 EEST
Begin processing the 14701st record. Run 1, Event 652351, LumiSection 1202 at 01-Apr-2014 15:17:14.429 EEST
Begin processing the 14801st record. Run 1, Event 652451, LumiSection 1202 at 01-Apr-2014 15:18:55.989 EEST
Begin processing the 14901st record. Run 1, Event 652551, LumiSection 1202 at 01-Apr-2014 15:20:44.349 EEST
Begin processing the 15001st record. Run 1, Event 652651, LumiSection 1202 at 01-Apr-2014 15:22:34.722 EEST
Begin processing the 15101st record. Run 1, Event 689132, LumiSection 1270 at 01-Apr-2014 15:24:27.507 EEST
Begin processing the 15201st record. Run 1, Event 689232, LumiSection 1270 at 01-Apr-2014 15:26:14.795 EEST
Begin processing the 15301st record. Run 1, Event 689332, LumiSection 1270 at 01-Apr-2014 15:28:08.694 EEST
Begin processing the 15401st record. Run 1, Event 689432, LumiSection 1270 at 01-Apr-2014 15:29:43.910 EEST
Begin processing the 15501st record. Run 1, Event 689532, LumiSection 1270 at 01-Apr-2014 15:31:31.459 EEST
Begin processing the 15601st record. Run 1, Event 702121, LumiSection 1294 at 01-Apr-2014 15:33:06.948 EEST
Begin processing the 15701st record. Run 1, Event 702221, LumiSection 1294 at 01-Apr-2014 15:34:51.645 EEST
Begin processing the 15801st record. Run 1, Event 702321, LumiSection 1294 at 01-Apr-2014 15:36:31.059 EEST
Begin processing the 15901st record. Run 1, Event 702421, LumiSection 1294 at 01-Apr-2014 15:38:12.949 EEST
Begin processing the 16001st record. Run 1, Event 702521, LumiSection 1294 at 01-Apr-2014 15:40:11.416 EEST
Begin processing the 16101st record. Run 1, Event 702621, LumiSection 1294 at 01-Apr-2014 15:41:50.327 EEST
Begin processing the 16201st record. Run 1, Event 714667, LumiSection 1317 at 01-Apr-2014 15:43:45.649 EEST
Begin processing the 16301st record. Run 1, Event 714767, LumiSection 1317 at 01-Apr-2014 15:45:29.274 EEST
Begin processing the 16401st record. Run 1, Event 714867, LumiSection 1317 at 01-Apr-2014 15:47:27.226 EEST
Begin processing the 16501st record. Run 1, Event 714967, LumiSection 1317 at 01-Apr-2014 15:49:14.623 EEST
Begin processing the 16601st record. Run 1, Event 715067, LumiSection 1317 at 01-Apr-2014 15:51:01.396 EEST
Begin processing the 16701st record. Run 1, Event 728742, LumiSection 1343 at 01-Apr-2014 15:52:40.868 EEST
----- Begin Fatal Exception 01-Apr-2014 15:53:53 EEST-----------------------
An exception of category 'SimpleJetCorrectionUncertainty' occurred while
   [0] Processing run: 1 lumi: 1343 event: 728805
   [1] Running path 'p'
   [2] Calling event method for module ShiftedPATJetProducer/'shiftedPatJetsEnUpForRawMEtSmeared'
Exception Message:
 bin variables out of range
----- End Fatal Exception -------------------------------------------------
01-Apr-2014 15:53:53 EEST  Closed file file:/hdfs/cms/store/mc/Summer12_DR53X/WW_TuneZ2star_8TeV_pythia6_tauola/AODSIM/PU_S10_START53_V7A-v1/0000/FC8F2278-6EFA-E111-BF32-008CFA008C94.root
 AdvLeptonFilter : number of event failed -> 16462 on local total number ->16763
 Detail of selection over 301 events (double counting allowed) :
2e20M_ 	 ---> 67
1e20M_1m20M_ 	 ---> 149
2m20M_ 	 ---> 85
Ghm -- Event Statistics 
	number of	analyzed	events:301 / 16764
	number of	selected	events:301 / 16764
 Cross Section begin 

=============================================

MessageLogger Summary

 type     category        sev    module        subroutine        count    total
 ---- -------------------- -- ---------------- ----------------  -----    -----
    1 TkTransientTrackingR -w GhmZeeAnalyzer:Z                       1        1
    2 Fatal Exception      -s PostProcessPath                        1        1
    3 fileAction           -s file_close                             3        3
    4 fileAction           -s file_open                              6        6

 type    category    Examples: run/evt        run/evt          run/evt
 ---- -------------------- ---------------- ---------------- ----------------
    1 TkTransientTrackingRecHitBuilderESProducer 1/875502                          
    2 Fatal Exception      1/728805                          
    3 fileAction           PostProcessEvent PostProcessEvent PostEndRun
    4 fileAction           pre-events       pre-events       PostProcessEvent

Severity    # Occurrences   Total Occurrences
--------    -------------   -----------------
Warning                 1                   1
System                 10                  10
>>> END OF printout of 266 lines from stdout+stderr
>>> ERROR: Fatal Exception from CMSSW:
----- Begin Fatal Exception 01-Apr-2014 15:53:53 EEST-----------------------
An exception of category 'SimpleJetCorrectionUncertainty' occurred while
   [0] Processing run: 1 lumi: 1343 event: 728805
   [1] Running path 'p'
   [2] Calling event method for module ShiftedPATJetProducer/'shiftedPatJetsEnUpForRawMEtSmeared'
Exception Message:
 bin variables out of range
----- End Fatal Exception -------------------------------------------------
>>> Parse FrameworkJobReport crab_fjr.xml
Result of parsing the FrameworkJobReport crab_fjr.xml: Popularity start
lumisRange : 1::1176,1194,1202,1270,1294,1317,1343::1;1::4903,4918,4974,4991,5004,5032,5035,5090,5146,5327,5479,5491::2;1::1613,1621,1708,1723,1794,1797,1827,1979,2016,2048,2061,2123,2131::3;
lumisParentRange : 
Basename : /store/mc/Summer12_DR53X/WW_TuneZ2star_8TeV_pythia6_tauola/AODSIM/PU_S10_START53_V7A-v1/0000/
BasenameParent : 
parentFiles : 
inputBlocks : /WW_TuneZ2star_8TeV_pythia6_tauola/Summer12_DR53X-PU_S10_START53_V7A-v1/AODSIM#650fdcce-fa61-11e1-b87d-003048f02c8a
inputFiles : FC8F2278-6EFA-E111-BF32-008CFA008C94.root::1::EDM::Local::1;78477768-6EFA-E111-B0E4-00266CF268B8.root::1::EDM::Local::2;58C60D64-6EFA-E111-966C-0024E876807F.root::1::EDM::Local::3;4E1B165C-6EFA-E111-B2EA-00266CF25590.root::2::Unknown::Unknown::Unknown;
Popularity stop
Extracted ExitStatus from FrameworkJobReport parsing output: 8001
>>> Executable failed  8001
ExeExitCode=8001
EXECUTABLE_EXIT_STATUS = 8001
Checking output files:  
will tar file crab_fjr_139.xml in  out_files_139
WARNING: output file CMSSW_139.stdout not found!
WARNING: output file CMSSW_139.stderr not found!
WARNING: output file Watchdog_139.log.gz not found!
>>> padding time: Wrapper lasting more than 600 seconds. No sleep required.
STOPPING WATCHDOG. CrabWatchdog PID is 21693
********** LAST 50 LINES OF WATCHDOG LOG
# RESOURCE USAGE SUMMARY FOR PROCESS ID 20036
USER       PID %CPU %MEM    VSZ   RSS TTY      STAT START   TIME COMMAND
cms041   20036  0.1  0.0   9472  1680 ?        S    10:28   0:00 /bin/sh /scratch/grid/GsxNDmSB8ojnazHbxmBd5LqoABFKDmABFKDmM0LKDmBBFKDmhkezZn/glide_jMOgPG/execute/dir_17808/condor_exec.exe 139 4
 
# LIMITS USED BY CRAB WATCHDOG:
# RSS  (KBytes)   : 2300000
# VSZ  (KBytes)   : 100000000
# DISK (MBytes)   : 19000
# CPU TIME        : 720h:0m:0s
# WALL CLOCK TIME : 21h:50m:0s
 
# FOLLOWING PRINTOUT TRACKS MAXIMUM VALUES OF RESOURCES USE
# ONE LINE IS PRINTED EACH TIME A MAXIMUM CHANGES
# IF CHANGE WAS IN RSS OR VSZ ALSO PROCID AND COMMAND ARE PRINTED
# THERE IS NO PRINTOUT FOR CPU/WALL TIME INCREASE
 
# TIME			PID	RSS(KB)	VSZ(KB)	Dsk(MB)	tCPU(s)	tWALL(s)	COMMAND
 Apr 01 10:28:55 EEST	20036	1680	9472	0	0	1	/bin/sh /scratch/grid/GsxNDmSB8ojnazHbxmBd5LqoABFKDmABFKDmM0LKDmBBFKDmhkezZn/glide_jMOgPG/execute/dir_17808/condor_exec.exe 139 4       
 Apr 01 10:28:55 EEST	21771	21452	82192	0	0	3	edmConfigHash pset.py         
 Apr 01 10:28:55 EEST	---	21452	82192	262	----	----	----
 Apr 01 10:31:03 EEST	24947	52888	147656	262	5	131	cmsRun -j /scratch/grid/GsxNDmSB8ojnazHbxmBd5LqoABFKDmABFKDmM0LKDmBBFKDmhkezZn/glide_jMOgPG/execute/dir_17808/crab_fjr_139.xml -p pset.py      
 Apr 01 10:31:03 EEST	---	52888	147656	265	----	----	----
 Apr 01 10:32:07 EEST	24947	53864	148072	265	8	196	cmsRun -j /scratch/grid/GsxNDmSB8ojnazHbxmBd5LqoABFKDmABFKDmM0LKDmBBFKDmhkezZn/glide_jMOgPG/execute/dir_17808/crab_fjr_139.xml -p pset.py      
 Apr 01 10:33:12 EEST	24947	165980	282444	265	15	261	cmsRun -j /scratch/grid/GsxNDmSB8ojnazHbxmBd5LqoABFKDmABFKDmM0LKDmBBFKDmhkezZn/glide_jMOgPG/execute/dir_17808/crab_fjr_139.xml -p pset.py      
 Apr 01 10:34:18 EEST	24947	393560	564236	265	27	326	cmsRun -j /scratch/grid/GsxNDmSB8ojnazHbxmBd5LqoABFKDmABFKDmM0LKDmBBFKDmhkezZn/glide_jMOgPG/execute/dir_17808/crab_fjr_139.xml -p pset.py      
 Apr 01 10:34:18 EEST	---	393560	564236	266	----	----	----
 Apr 01 10:35:23 EEST	24947	508924	718348	266	50	392	cmsRun -j /scratch/grid/GsxNDmSB8ojnazHbxmBd5LqoABFKDmABFKDmM0LKDmBBFKDmhkezZn/glide_jMOgPG/execute/dir_17808/crab_fjr_139.xml -p pset.py      
 Apr 01 10:36:29 EEST	24947	716848	963072	266	79	460	cmsRun -j /scratch/grid/GsxNDmSB8ojnazHbxmBd5LqoABFKDmABFKDmM0LKDmBBFKDmhkezZn/glide_jMOgPG/execute/dir_17808/crab_fjr_139.xml -p pset.py      
 Apr 01 10:37:37 EEST	24947	979508	1237216	266	136	528	cmsRun -j /scratch/grid/GsxNDmSB8ojnazHbxmBd5LqoABFKDmABFKDmM0LKDmBBFKDmhkezZn/glide_jMOgPG/execute/dir_17808/crab_fjr_139.xml -p pset.py      
 Apr 01 10:39:50 EEST	24947	979804	1238496	266	240	660	cmsRun -j /scratch/grid/GsxNDmSB8ojnazHbxmBd5LqoABFKDmABFKDmM0LKDmBBFKDmhkezZn/glide_jMOgPG/execute/dir_17808/crab_fjr_139.xml -p pset.py      
 Apr 01 10:40:56 EEST	24947	983400	1242592	266	294	727	cmsRun -j /scratch/grid/GsxNDmSB8ojnazHbxmBd5LqoABFKDmABFKDmM0LKDmBBFKDmhkezZn/glide_jMOgPG/execute/dir_17808/crab_fjr_139.xml -p pset.py      
 Apr 01 10:45:35 EEST	24947	985956	1244640	266	507	1005	cmsRun -j /scratch/grid/GsxNDmSB8ojnazHbxmBd5LqoABFKDmABFKDmM0LKDmBBFKDmhkezZn/glide_jMOgPG/execute/dir_17808/crab_fjr_139.xml -p pset.py      
 Apr 01 10:49:53 EEST	24947	988052	1249248	266	707	1261	cmsRun -j /scratch/grid/GsxNDmSB8ojnazHbxmBd5LqoABFKDmABFKDmM0LKDmBBFKDmhkezZn/glide_jMOgPG/execute/dir_17808/crab_fjr_139.xml -p pset.py      
 Apr 01 11:48:38 EEST	24947	988052	1249504	266	3524	4788	cmsRun -j /scratch/grid/GsxNDmSB8ojnazHbxmBd5LqoABFKDmABFKDmM0LKDmBBFKDmhkezZn/glide_jMOgPG/execute/dir_17808/crab_fjr_139.xml -p pset.py      
 Apr 01 12:15:34 EEST	---	988052	1249504	267	----	----	----
 Apr 01 12:37:14 EEST	24947	988052	1251808	267	6006	7703	cmsRun -j /scratch/grid/GsxNDmSB8ojnazHbxmBd5LqoABFKDmABFKDmM0LKDmBBFKDmhkezZn/glide_jMOgPG/execute/dir_17808/crab_fjr_139.xml -p pset.py      
 Apr 01 12:51:18 EEST	24947	988052	1256928	267	6733	8547	cmsRun -j /scratch/grid/GsxNDmSB8ojnazHbxmBd5LqoABFKDmABFKDmM0LKDmBBFKDmhkezZn/glide_jMOgPG/execute/dir_17808/crab_fjr_139.xml -p pset.py      
 Apr 01 13:24:56 EEST	---	988052	1256928	268	----	----	----
 Apr 01 14:31:06 EEST	---	988052	1256928	269	----	----	----
 Apr 01 15:41:34 EEST	---	988052	1256928	270	----	----	----
 Apr 01 15:54:35 EEST	---	988052	1256928	271	----	----	----
********** WATCHDOG LOG ENDED
ZIPPING WATCHDOG LOG
Disk space used:
du -sh /scratch/grid/GsxNDmSB8ojnazHbxmBd5LqoABFKDmABFKDmM0LKDmBBFKDmhkezZn/glide_jMOgPG/execute/dir_17808
271M	/scratch/grid/GsxNDmSB8ojnazHbxmBd5LqoABFKDmABFKDmM0LKDmBBFKDmhkezZn/glide_jMOgPG/execute/dir_17808
Found unusual stdout, rename for OSB
`/scratch/grid/GsxNDmSB8ojnazHbxmBd5LqoABFKDmABFKDmM0LKDmBBFKDmhkezZn/glide_jMOgPG/execute/dir_17808/_condor_stdout' -> `CMSSW_139.stdout'
Found unusual stderr, rename for OSB
`/scratch/grid/GsxNDmSB8ojnazHbxmBd5LqoABFKDmABFKDmM0LKDmBBFKDmhkezZn/glide_jMOgPG/execute/dir_17808/_condor_stdout' -> `CMSSW_139.stderr'
crab_fjr_139.xml
CMSSW_139.stdout
CMSSW_139.stderr
Watchdog_139.log.gz
Total Output dimension: 23691
WARNING: output files size limit is set to: 50000000
Total Output dimension 23691 is fine.
JOB_EXIT_STATUS = 8001
>>> info for dashboard:
***** Cat /scratch/grid/GsxNDmSB8ojnazHbxmBd5LqoABFKDmABFKDmM0LKDmBBFKDmhkezZn/glide_jMOgPG/execute/dir_17808/jobreport.txt *****
MonitorJobID=139_https://submit-4.t2.ucsd.edu//140401//176924.0
MonitorID=yoshin_WW_ak8e49
ExeTime=19401
ExeExitCode=8001
CrabUserCpuTime=15906.58
CrabSysCpuTime=325.30
CrabCpuPercentage=83%
CrabWrapperTime=19632
CrabStageoutTime=NULL
JobExitCode=8001
***** End Cat jobreport *****
Parameters sent to Dashboard.
