This script was generated by crab (version 2.10.3).
Running /scratch/grid/hCjLDmTB8ojnazHbxmBd5LqoABFKDmABFKDmM0LKDmCBFKDm8RHlgm/glide_KRrXwN/execute/dir_27414/condor_exec.exe with 2 positional parameters: 28 4
Today is Tue Apr  1 10:27:39 EEST 2014
Job submitted on host comp-c-031
Linux comp-c-031 2.6.32-042stab076.8 #1 SMP Tue May 14 20:38:14 MSK 2013 x86_64 x86_64 x86_64 GNU/Linux
>>> current directory (RUNTIME_AREA): /scratch/grid/hCjLDmTB8ojnazHbxmBd5LqoABFKDmABFKDmM0LKDmCBFKDm8RHlgm/glide_KRrXwN/execute/dir_27414
>>> current user: uid=11041(cms041) gid=1400(cms) groups=1400(cms)
>>> directory permission set to 0700
>>> umask set to:  u=rwx,g=,o=
>>> stdout stderr permission set to 0704
>>> voms proxy information:
subject   : /DC=ch/DC=cern/OU=Organic Units/OU=Users/CN=yoshin/CN=742847/CN=Young Ho Shin/CN=794641100/CN=539111326
issuer    : /DC=ch/DC=cern/OU=Organic Units/OU=Users/CN=yoshin/CN=742847/CN=Young Ho Shin/CN=794641100
identity  : /DC=ch/DC=cern/OU=Organic Units/OU=Users/CN=yoshin/CN=742847/CN=Young Ho Shin/CN=794641100
type      : RFC compliant proxy
strength  : 1024 bits
path      : /scratch/grid/hCjLDmTB8ojnazHbxmBd5LqoABFKDmABFKDmM0LKDmCBFKDm8RHlgm/glide_KRrXwN/execute/dir_27414/x509up_u1112
timeleft  : 23:59:41
key usage : Digital Signature, Key Encipherment
=== VO cms extension information ===
VO        : cms
subject   : /DC=ch/DC=cern/OU=Organic Units/OU=Users/CN=yoshin/CN=742847/CN=Young Ho Shin
issuer    : /DC=ch/DC=cern/OU=computers/CN=lcg-voms.cern.ch
attribute : /cms/Role=NULL/Capability=NULL
attribute : /cms/uscms/Role=NULL/Capability=NULL
timeleft  : 176:30:12
uri       : lcg-voms.cern.ch:15002
WNHostName=comp-c-031
>>> tar --no-same-permissions -xf /scratch/grid/hCjLDmTB8ojnazHbxmBd5LqoABFKDmABFKDmM0LKDmCBFKDm8RHlgm/glide_KRrXwN/execute/dir_27414/default.tgz :
Successful untar
>>> Include /scratch/grid/hCjLDmTB8ojnazHbxmBd5LqoABFKDmABFKDmM0LKDmCBFKDm8RHlgm/glide_KRrXwN/execute/dir_27414 in PYTHONPATH:
strip arguments
env var CRAB_UNIQUE_JOB_ID set to: yoshin_WZ_a862sp_28_4_ymN
out_files_28
>>> list of expected files on output sandbox
output files: crab_fjr_28.xml CMSSW_28.stdout CMSSW_28.stderr Watchdog_28.log.gz
>>> GridFlavour discovery: 
GridFlavour=LCG
>>> SyncSite discovery: 
SyncSite=T2_EE_Estonia
>>> SyncCE discovery: 
getting SyncCE from GLIDEIN_Gaekeeper
SyncCE=cream3.hep.kbfi.ee
>>> info for dashboard:
***** Cat /scratch/grid/hCjLDmTB8ojnazHbxmBd5LqoABFKDmABFKDmM0LKDmCBFKDm8RHlgm/glide_KRrXwN/execute/dir_27414/jobreport.txt *****
WNHostName=comp-c-031
MonitorJobID=28_https://submit-6.t2.ucsd.edu//140401//125290.0
SyncGridJobId=https://submit-6.t2.ucsd.edu//140401//125290.0
MonitorID=yoshin_WZ_a862sp
GridFlavour=LCG
SyncSite=T2_EE_Estonia
SyncCE=cream3.hep.kbfi.ee
***** End Cat jobreport *****
Parameters sent to Dashboard.
>>> setup environment
set SCRAM ARCH to slc5_amd64_gcc462
SCRAM_ARCH = slc5_amd64_gcc462
>>> setup CMS LCG environment:
set SCRAM ARCH and BUILD_ARCH to slc5_amd64_gcc462 ###
Sourcing environment... 
sourcing /cvmfs/cms.cern.ch/cmsset_default.sh
==> setup cms environment ok
>>> specific cmssw setup environment:
CMSSW_VERSION =  CMSSW_5_3_9_patch3
>>> current directory (SOFTWARE_DIR): /scratch/grid/hCjLDmTB8ojnazHbxmBd5LqoABFKDmABFKDmM0LKDmCBFKDm8RHlgm/glide_KRrXwN/execute/dir_27414/CMSSW_5_3_9_patch3
PreserveSeeds: <>
IncrementSeeds:<>
{}
>>> info for dashboard:
***** Cat /scratch/grid/hCjLDmTB8ojnazHbxmBd5LqoABFKDmABFKDmM0LKDmCBFKDm8RHlgm/glide_KRrXwN/execute/dir_27414/jobreport.txt *****
MonitorJobID=28_https://submit-6.t2.ucsd.edu//140401//125290.0
MonitorID=yoshin_WZ_a862sp
***** End Cat jobreport *****
Parameters sent to Dashboard.
crabWatchdog started as process 30192
>>> moving CMSSW software directories in /scratch/grid/hCjLDmTB8ojnazHbxmBd5LqoABFKDmABFKDmM0LKDmCBFKDm8RHlgm/glide_KRrXwN/execute/dir_27414/CMSSW_5_3_9_patch3
mv: cannot stat `/scratch/grid/hCjLDmTB8ojnazHbxmBd5LqoABFKDmABFKDmM0LKDmCBFKDm8RHlgm/glide_KRrXwN/execute/dir_27414/module/': No such file or directory
 
>>> Include /scratch/grid/hCjLDmTB8ojnazHbxmBd5LqoABFKDmABFKDmM0LKDmCBFKDm8RHlgm/glide_KRrXwN/execute/dir_27414 in PYTHONPATH:
PYTHONPATH=/scratch/grid/hCjLDmTB8ojnazHbxmBd5LqoABFKDmABFKDmM0LKDmCBFKDm8RHlgm/glide_KRrXwN/execute/dir_27414/:/scratch/grid/hCjLDmTB8ojnazHbxmBd5LqoABFKDmABFKDmM0LKDmCBFKDm8RHlgm/glide_KRrXwN/execute/dir_27414/CMSSW_5_3_9_patch3/python:/scratch/grid/hCjLDmTB8ojnazHbxmBd5LqoABFKDmABFKDmM0LKDmCBFKDm8RHlgm/glide_KRrXwN/execute/dir_27414/CMSSW_5_3_9_patch3/lib/slc5_amd64_gcc462:/cvmfs/cms.cern.ch/slc5_amd64_gcc462/cms/cmssw-patch/CMSSW_5_3_9_patch3/python:/cvmfs/cms.cern.ch/slc5_amd64_gcc462/cms/cmssw-patch/CMSSW_5_3_9_patch3/lib/slc5_amd64_gcc462:/cvmfs/cms.cern.ch/slc5_amd64_gcc462/cms/cmssw/CMSSW_5_3_9/bin/slc5_amd64_gcc462:/cvmfs/cms.cern.ch/slc5_amd64_gcc462/cms/cmssw/CMSSW_5_3_9/lib/slc5_amd64_gcc462:/cvmfs/cms.cern.ch/slc5_amd64_gcc462/cms/coral/CORAL_2_3_21-cms32/slc5_amd64_gcc462/python:/cvmfs/cms.cern.ch/slc5_amd64_gcc462/cms/coral/CORAL_2_3_21-cms32/slc5_amd64_gcc462/lib:/cvmfs/cms.cern.ch/slc5_amd64_gcc462/external/pyqt/4.8.1/lib/python2.6/site-packages:/cvmfs/cms.cern.ch/slc5_amd64_gcc462/external/py2-scipy/0.8.0/lib/python2.6/site-packages:/cvmfs/cms.cern.ch/slc5_amd64_gcc462/external/py2-matplotlib/1.0.1/lib/python2.6/site-packages:/cvmfs/cms.cern.ch/slc5_amd64_gcc462/external/python-ldap/2.3.5/lib/python2.6/site-packages:/cvmfs/cms.cern.ch/slc5_amd64_gcc462/external/sip/4.11.2/lib/python2.6/site-packages:/cvmfs/cms.cern.ch/slc5_amd64_gcc462/external/py2-pycurl/7.19.0/lib/python2.6/site-packages:/cvmfs/cms.cern.ch/slc5_amd64_gcc462/external/py2-numpy/1.6.1/lib/python2.6/site-packages:/cvmfs/cms.cern.ch/slc5_amd64_gcc462/external/py2-ipython/0.10/lib/python2.6/site-packages:/cvmfs/cms.cern.ch/slc5_amd64_gcc462/external/py2-cx-oracle/5.1-cms11/lib/python2.6/site-packages:/cvmfs/cms.cern.ch/slc5_amd64_gcc462/external/py2-cjson/1.0.5/lib/python2.6/site-packages:/cvmfs/cms.cern.ch/slc5_amd64_gcc462/cms/das-client/1.4.1-cms8/bin:/cvmfs/cms.cern.ch/slc5_amd64_gcc462/external/elementtree/1.2.6/share/lib/python2.6/site-packages:/cvmfs/cms.cern.ch/slc5_amd64_gcc462/external/rivet/1.8.2/lib/python2.6/site-packages:/cvmfs/cms.cern.ch/slc5_amd64_gcc462/external/pyminuit2/0.0.1-cms39/lib/python2.6/site-packages:/cvmfs/cms.cern.ch/slc5_amd64_gcc462/external/professor/1.0.0-cms40/lib/python2.6/site-packages:/cvmfs/cms.cern.ch/slc5_amd64_gcc462/lcg/root/5.32.00-cms21/lib:/cvmfs/cms.cern.ch/slc5_amd64_gcc462/cms/dbs-client/DBS_2_1_1_patch1_1/lib:/cvmfs/cms.cern.ch/slc5_amd64_gcc462/cms/dbs-client/DBS_2_1_1_patch1_1/lib/DBSAPI:/scratch/grid/hCjLDmTB8ojnazHbxmBd5LqoABFKDmABFKDmM0LKDmCBFKDm8RHlgm/glide_KRrXwN/execute/dir_27414/
# LIMITS USED BY CRAB WATCHDOG:
# RSS  (KBytes)   : 2300000
# VSZ  (KBytes)   : 100000000
# DISK (MBytes)   : 19000
# CPU TIME        : 720h:0m:0s
# WALL CLOCK TIME : 21h:50m:0s
 
3b2d66f5b8402c8a2046770a14ba6d4e
PSETHASH = 3b2d66f5b8402c8a2046770a14ba6d4e
/scratch/grid/hCjLDmTB8ojnazHbxmBd5LqoABFKDmABFKDmM0LKDmCBFKDm8RHlgm/glide_KRrXwN/execute/dir_27414/writeCfg.py pset.py pset.py
Importing .py file
Setting parameters
inputBlocks=/WZ_TuneZ2star_8TeV_pythia6_tauola/Summer12_DR53X-PU_S10_START53_V7A-v1/AODSIM#62eadc0a-ce29-11e1-b975-003048f02c8a
inputFiles=/store/mc/Summer12_DR53X/WZ_TuneZ2star_8TeV_pythia6_tauola/AODSIM/PU_S10_START53_V7A-v1/0000/BA628329-5CCE-E111-B4EE-0024E8769965.root;/store/mc/Summer12_DR53X/WZ_TuneZ2star_8TeV_pythia6_tauola/AODSIM/PU_S10_START53_V7A-v1/0000/8CBE577C-5CCE-E111-8A76-848F69FD2919.root;/store/mc/Summer12_DR53X/WZ_TuneZ2star_8TeV_pythia6_tauola/AODSIM/PU_S10_START53_V7A-v1/0000/4CC67F36-5DCE-E111-9B5F-848F69FD45A4.root;/store/mc/Summer12_DR53X/WZ_TuneZ2star_8TeV_pythia6_tauola/AODSIM/PU_S10_START53_V7A-v1/0000/48862D36-5DCE-E111-A821-00A0D1EEF364.root
parentFiles=
lumisRange=
>>> Executable cmsRun
/cvmfs/cms.cern.ch/slc5_amd64_gcc462/cms/cmssw-patch/CMSSW_5_3_9_patch3/bin/slc5_amd64_gcc462/cmsRun
ok executable found
>>> info for dashboard:
***** Cat /scratch/grid/hCjLDmTB8ojnazHbxmBd5LqoABFKDmABFKDmM0LKDmCBFKDm8RHlgm/glide_KRrXwN/execute/dir_27414/jobreport.txt *****
MonitorJobID=28_https://submit-6.t2.ucsd.edu//140401//125290.0
MonitorID=yoshin_WZ_a862sp
ExeStart=cmsRun
***** End Cat jobreport *****
Parameters sent to Dashboard.
>>> cmsRun started at Tue Apr  1 07:29:44 UTC 2014
>>> cmsRun ended at Tue Apr  1 14:49:42 UTC 2014
>>> crab_fjr_*.xml  permission set to 0704
>>> info for dashboard:
***** Cat /scratch/grid/hCjLDmTB8ojnazHbxmBd5LqoABFKDmABFKDmM0LKDmCBFKDm8RHlgm/glide_KRrXwN/execute/dir_27414/jobreport.txt *****
MonitorJobID=28_https://submit-6.t2.ucsd.edu//140401//125290.0
MonitorID=yoshin_WZ_a862sp
ExeEnd=cmsRun
***** End Cat jobreport *****
Parameters sent to Dashboard.
TIME_EXE = 26398 sec
>>> cmsRun wrote 352 lines of stdout+stderr
>>> START OF printout of 352 lines from stdout+stderr
01-Apr-2014 10:32:10 EEST  Initiating request to open file file:/hdfs/cms/store/mc/Summer12_DR53X/WZ_TuneZ2star_8TeV_pythia6_tauola/AODSIM/PU_S10_START53_V7A-v1/0000/BA628329-5CCE-E111-B4EE-0024E8769965.root
01-Apr-2014 10:32:14 EEST  Successfully opened file file:/hdfs/cms/store/mc/Summer12_DR53X/WZ_TuneZ2star_8TeV_pythia6_tauola/AODSIM/PU_S10_START53_V7A-v1/0000/BA628329-5CCE-E111-B4EE-0024E8769965.root
Reading JEC parameters = SubTotalMC from file = /scratch/grid/hCjLDmTB8ojnazHbxmBd5LqoABFKDmABFKDmM0LKDmCBFKDm8RHlgm/glide_KRrXwN/execute/dir_27414/CMSSW_5_3_9_patch3/src/PhysicsTools/PatUtils/data/Summer13_V1_DATA_UncertaintySources_AK5PF.txt.
Reading JEC parameters = SubTotalMC from file = /scratch/grid/hCjLDmTB8ojnazHbxmBd5LqoABFKDmABFKDmM0LKDmCBFKDm8RHlgm/glide_KRrXwN/execute/dir_27414/CMSSW_5_3_9_patch3/src/PhysicsTools/PatUtils/data/Summer13_V1_DATA_UncertaintySources_AK5PF.txt.
Reading JEC parameters = SubTotalMC from file = /scratch/grid/hCjLDmTB8ojnazHbxmBd5LqoABFKDmABFKDmM0LKDmCBFKDm8RHlgm/glide_KRrXwN/execute/dir_27414/CMSSW_5_3_9_patch3/src/PhysicsTools/PatUtils/data/Summer13_V1_DATA_UncertaintySources_AK5PF.txt.
Reading JEC parameters = SubTotalMC from file = /scratch/grid/hCjLDmTB8ojnazHbxmBd5LqoABFKDmABFKDmM0LKDmCBFKDm8RHlgm/glide_KRrXwN/execute/dir_27414/CMSSW_5_3_9_patch3/src/PhysicsTools/PatUtils/data/Summer13_V1_DATA_UncertaintySources_AK5PF.txt.
Reading JEC parameters = SubTotalMC from file = /scratch/grid/hCjLDmTB8ojnazHbxmBd5LqoABFKDmABFKDmM0LKDmCBFKDm8RHlgm/glide_KRrXwN/execute/dir_27414/CMSSW_5_3_9_patch3/src/PhysicsTools/PatUtils/data/Summer13_V1_DATA_UncertaintySources_AK5PF.txt.
Reading JEC parameters = SubTotalMC from file = /scratch/grid/hCjLDmTB8ojnazHbxmBd5LqoABFKDmABFKDmM0LKDmCBFKDm8RHlgm/glide_KRrXwN/execute/dir_27414/CMSSW_5_3_9_patch3/src/PhysicsTools/PatUtils/data/Summer13_V1_DATA_UncertaintySources_AK5PF.txt.
Reading JEC parameters = SubTotalMC from file = /scratch/grid/hCjLDmTB8ojnazHbxmBd5LqoABFKDmABFKDmM0LKDmCBFKDm8RHlgm/glide_KRrXwN/execute/dir_27414/CMSSW_5_3_9_patch3/src/PhysicsTools/PatUtils/data/Summer13_V1_DATA_UncertaintySources_AK5PF.txt.
Reading JEC parameters = SubTotalMC from file = /scratch/grid/hCjLDmTB8ojnazHbxmBd5LqoABFKDmABFKDmM0LKDmCBFKDm8RHlgm/glide_KRrXwN/execute/dir_27414/CMSSW_5_3_9_patch3/src/PhysicsTools/PatUtils/data/Summer13_V1_DATA_UncertaintySources_AK5PF.txt.
 =============================== print selections
 selection :    e20M x 2     
 selection :    e20M x 1        m20M x 1     
 selection :    m20M x 2     
Reading JEC parameters = SubTotalMC from file = /scratch/grid/hCjLDmTB8ojnazHbxmBd5LqoABFKDmABFKDmM0LKDmCBFKDm8RHlgm/glide_KRrXwN/execute/dir_27414/CMSSW_5_3_9_patch3/src/PhysicsTools/PatUtils/data/Summer13_V1_DATA_UncertaintySources_AK5PF.txt.
Reading JEC parameters = SubTotalMC from file = /scratch/grid/hCjLDmTB8ojnazHbxmBd5LqoABFKDmABFKDmM0LKDmCBFKDm8RHlgm/glide_KRrXwN/execute/dir_27414/CMSSW_5_3_9_patch3/src/PhysicsTools/PatUtils/data/Summer13_V1_DATA_UncertaintySources_AK5PF.txt.
Reading JEC parameters = SubTotalMC from file = /scratch/grid/hCjLDmTB8ojnazHbxmBd5LqoABFKDmABFKDmM0LKDmCBFKDm8RHlgm/glide_KRrXwN/execute/dir_27414/CMSSW_5_3_9_patch3/src/PhysicsTools/PatUtils/data/Summer13_V1_DATA_UncertaintySources_AK5PF.txt.
Reading JEC parameters = SubTotalMC from file = /scratch/grid/hCjLDmTB8ojnazHbxmBd5LqoABFKDmABFKDmM0LKDmCBFKDm8RHlgm/glide_KRrXwN/execute/dir_27414/CMSSW_5_3_9_patch3/src/PhysicsTools/PatUtils/data/Summer13_V1_DATA_UncertaintySources_AK5PF.txt.
Reading JEC parameters = SubTotalMC from file = /scratch/grid/hCjLDmTB8ojnazHbxmBd5LqoABFKDmABFKDmM0LKDmCBFKDm8RHlgm/glide_KRrXwN/execute/dir_27414/CMSSW_5_3_9_patch3/src/PhysicsTools/PatUtils/data/Summer13_V1_DATA_UncertaintySources_AK5PF.txt.
Reading JEC parameters = SubTotalMC from file = /scratch/grid/hCjLDmTB8ojnazHbxmBd5LqoABFKDmABFKDmM0LKDmCBFKDm8RHlgm/glide_KRrXwN/execute/dir_27414/CMSSW_5_3_9_patch3/src/PhysicsTools/PatUtils/data/Summer13_V1_DATA_UncertaintySources_AK5PF.txt.
Reading JEC parameters = SubTotalMC from file = /scratch/grid/hCjLDmTB8ojnazHbxmBd5LqoABFKDmABFKDmM0LKDmCBFKDm8RHlgm/glide_KRrXwN/execute/dir_27414/CMSSW_5_3_9_patch3/src/PhysicsTools/PatUtils/data/Summer13_V1_DATA_UncertaintySources_AK5PF.txt.
Reading JEC parameters = SubTotalMC from file = /scratch/grid/hCjLDmTB8ojnazHbxmBd5LqoABFKDmABFKDmM0LKDmCBFKDm8RHlgm/glide_KRrXwN/execute/dir_27414/CMSSW_5_3_9_patch3/src/PhysicsTools/PatUtils/data/Summer13_V1_DATA_UncertaintySources_AK5PF.txt.
Begin processing the 1st record. Run 1, Event 4581354, LumiSection 8760 at 01-Apr-2014 10:33:50.364 EEST
Reader booked
Reader booked
WARNING : did not find any valid track reference attached to the jet 
WARNING : did not find any valid track reference attached to the jet 
WARNING : did not find any valid track reference attached to the jet 
WARNING : did not find any valid track reference attached to the jet 
WARNING : did not find any valid track reference attached to the jet 
WARNING : did not find any valid track reference attached to the jet 
WARNING : did not find any valid track reference attached to the jet 
WARNING : did not find any valid track reference attached to the jet 
WARNING : did not find any valid track reference attached to the jet 
WARNING : did not find any valid track reference attached to the jet 
Reader booked
Reader booked
Reader booked
Reader booked
Reader booked
Reader booked
Reader booked
Reader booked
Reader booked
%MSG-w TkTransientTrackingRecHitBuilderESProducer:  GhmZeeAnalyzer:ZeeAnalyzer  01-Apr-2014 10:34:40 EEST Run: 1 Event: 4581357
 The tracking rec hit positions and errors are not a persistent in data formats.
 They are not available from disk.
 However, TkTransientTrackingRecHitBuilderESProducer::ComputeCoarseLocalPositionFromDisk=True 
 will make the coarse estimation of this position/error available without track refit.
 Position/error obtained from rechit with already defined position/error are not recomputed.
 Position/error obtained from track refit are precise.
%MSG
Begin processing the 101st record. Run 1, Event 4581454, LumiSection 8760 at 01-Apr-2014 10:37:02.535 EEST
Begin processing the 201st record. Run 1, Event 4605612, LumiSection 8807 at 01-Apr-2014 10:39:14.515 EEST
Begin processing the 301st record. Run 1, Event 4605712, LumiSection 8807 at 01-Apr-2014 10:41:29.569 EEST
Begin processing the 401st record. Run 1, Event 4605812, LumiSection 8807 at 01-Apr-2014 10:43:53.121 EEST
Begin processing the 501st record. Run 1, Event 4605912, LumiSection 8807 at 01-Apr-2014 10:45:54.751 EEST
Begin processing the 601st record. Run 1, Event 4606012, LumiSection 8807 at 01-Apr-2014 10:48:13.877 EEST
Begin processing the 701st record. Run 1, Event 4613434, LumiSection 8822 at 01-Apr-2014 10:50:26.817 EEST
Begin processing the 801st record. Run 1, Event 4613534, LumiSection 8822 at 01-Apr-2014 10:52:46.989 EEST
Begin processing the 901st record. Run 1, Event 4613634, LumiSection 8822 at 01-Apr-2014 10:55:07.351 EEST
Begin processing the 1001st record. Run 1, Event 4613734, LumiSection 8822 at 01-Apr-2014 10:57:02.421 EEST
Begin processing the 1101st record. Run 1, Event 4613834, LumiSection 8822 at 01-Apr-2014 10:59:09.708 EEST
Begin processing the 1201st record. Run 1, Event 4630147, LumiSection 8854 at 01-Apr-2014 11:01:28.229 EEST
Begin processing the 1301st record. Run 1, Event 4630247, LumiSection 8854 at 01-Apr-2014 11:03:36.840 EEST
Begin processing the 1401st record. Run 1, Event 4630347, LumiSection 8854 at 01-Apr-2014 11:06:05.077 EEST
Begin processing the 1501st record. Run 1, Event 4630447, LumiSection 8854 at 01-Apr-2014 11:08:26.592 EEST
Begin processing the 1601st record. Run 1, Event 4630547, LumiSection 8854 at 01-Apr-2014 11:10:48.193 EEST
Begin processing the 1701st record. Run 1, Event 4636923, LumiSection 8867 at 01-Apr-2014 11:12:58.250 EEST
Begin processing the 1801st record. Run 1, Event 4637023, LumiSection 8867 at 01-Apr-2014 11:15:10.576 EEST
Begin processing the 1901st record. Run 1, Event 4637123, LumiSection 8867 at 01-Apr-2014 11:17:10.195 EEST
Begin processing the 2001st record. Run 1, Event 4637223, LumiSection 8867 at 01-Apr-2014 11:19:20.721 EEST
Begin processing the 2101st record. Run 1, Event 4637323, LumiSection 8867 at 01-Apr-2014 11:21:15.474 EEST
Begin processing the 2201st record. Run 1, Event 4637423, LumiSection 8867 at 01-Apr-2014 11:23:19.102 EEST
Begin processing the 2301st record. Run 1, Event 4640138, LumiSection 8873 at 01-Apr-2014 11:25:37.928 EEST
Begin processing the 2401st record. Run 1, Event 4640238, LumiSection 8873 at 01-Apr-2014 11:27:45.711 EEST
Begin processing the 2501st record. Run 1, Event 4640338, LumiSection 8873 at 01-Apr-2014 11:30:27.287 EEST
Begin processing the 2601st record. Run 1, Event 4640438, LumiSection 8873 at 01-Apr-2014 11:32:34.561 EEST
Begin processing the 2701st record. Run 1, Event 4640538, LumiSection 8873 at 01-Apr-2014 11:34:57.526 EEST
Begin processing the 2801st record. Run 1, Event 4651621, LumiSection 8895 at 01-Apr-2014 11:37:02.703 EEST
Begin processing the 2901st record. Run 1, Event 4651721, LumiSection 8895 at 01-Apr-2014 11:39:24.497 EEST
Begin processing the 3001st record. Run 1, Event 4651821, LumiSection 8895 at 01-Apr-2014 11:41:45.655 EEST
Begin processing the 3101st record. Run 1, Event 4651921, LumiSection 8895 at 01-Apr-2014 11:44:04.651 EEST
Begin processing the 3201st record. Run 1, Event 4652021, LumiSection 8895 at 01-Apr-2014 11:46:13.990 EEST
01-Apr-2014 11:47:26 EEST  Closed file file:/hdfs/cms/store/mc/Summer12_DR53X/WZ_TuneZ2star_8TeV_pythia6_tauola/AODSIM/PU_S10_START53_V7A-v1/0000/BA628329-5CCE-E111-B4EE-0024E8769965.root
01-Apr-2014 11:47:26 EEST  Initiating request to open file file:/hdfs/cms/store/mc/Summer12_DR53X/WZ_TuneZ2star_8TeV_pythia6_tauola/AODSIM/PU_S10_START53_V7A-v1/0000/8CBE577C-5CCE-E111-8A76-848F69FD2919.root
01-Apr-2014 11:47:27 EEST  Successfully opened file file:/hdfs/cms/store/mc/Summer12_DR53X/WZ_TuneZ2star_8TeV_pythia6_tauola/AODSIM/PU_S10_START53_V7A-v1/0000/8CBE577C-5CCE-E111-8A76-848F69FD2919.root
Begin processing the 3301st record. Run 1, Event 3458112, LumiSection 6613 at 01-Apr-2014 11:48:19.599 EEST
Begin processing the 3401st record. Run 1, Event 3458212, LumiSection 6613 at 01-Apr-2014 11:49:48.185 EEST
Begin processing the 3501st record. Run 1, Event 3458312, LumiSection 6613 at 01-Apr-2014 11:51:25.502 EEST
Begin processing the 3601st record. Run 1, Event 3458412, LumiSection 6613 at 01-Apr-2014 11:53:06.849 EEST
Begin processing the 3701st record. Run 1, Event 3458512, LumiSection 6613 at 01-Apr-2014 11:54:51.692 EEST
Begin processing the 3801st record. Run 1, Event 3495222, LumiSection 6684 at 01-Apr-2014 11:56:31.029 EEST
Begin processing the 3901st record. Run 1, Event 3495322, LumiSection 6684 at 01-Apr-2014 11:58:02.612 EEST
Begin processing the 4001st record. Run 1, Event 3495422, LumiSection 6684 at 01-Apr-2014 11:59:44.401 EEST
Begin processing the 4101st record. Run 1, Event 3495522, LumiSection 6684 at 01-Apr-2014 12:01:13.060 EEST
Begin processing the 4201st record. Run 1, Event 3495622, LumiSection 6684 at 01-Apr-2014 12:02:50.800 EEST
Begin processing the 4301st record. Run 1, Event 3495722, LumiSection 6684 at 01-Apr-2014 12:04:34.191 EEST
Begin processing the 4401st record. Run 1, Event 3506805, LumiSection 6706 at 01-Apr-2014 12:06:14.005 EEST
Begin processing the 4501st record. Run 1, Event 3506905, LumiSection 6706 at 01-Apr-2014 12:07:58.182 EEST
Begin processing the 4601st record. Run 1, Event 3507005, LumiSection 6706 at 01-Apr-2014 12:09:43.616 EEST
Begin processing the 4701st record. Run 1, Event 3507105, LumiSection 6706 at 01-Apr-2014 12:11:19.230 EEST
Begin processing the 4801st record. Run 1, Event 3507205, LumiSection 6706 at 01-Apr-2014 12:13:31.858 EEST
Begin processing the 4901st record. Run 1, Event 3516196, LumiSection 6724 at 01-Apr-2014 12:15:08.558 EEST
Begin processing the 5001st record. Run 1, Event 3516296, LumiSection 6724 at 01-Apr-2014 12:16:47.953 EEST
Begin processing the 5101st record. Run 1, Event 3516396, LumiSection 6724 at 01-Apr-2014 12:18:15.552 EEST
Begin processing the 5201st record. Run 1, Event 3516496, LumiSection 6724 at 01-Apr-2014 12:19:43.592 EEST
Begin processing the 5301st record. Run 1, Event 3516596, LumiSection 6724 at 01-Apr-2014 12:21:22.646 EEST
Begin processing the 5401st record. Run 1, Event 3518265, LumiSection 6728 at 01-Apr-2014 12:23:06.906 EEST
Begin processing the 5501st record. Run 1, Event 3518365, LumiSection 6728 at 01-Apr-2014 12:24:48.315 EEST
Begin processing the 5601st record. Run 1, Event 3518465, LumiSection 6728 at 01-Apr-2014 12:26:17.644 EEST
Begin processing the 5701st record. Run 1, Event 3518565, LumiSection 6728 at 01-Apr-2014 12:27:50.022 EEST
Begin processing the 5801st record. Run 1, Event 3518665, LumiSection 6728 at 01-Apr-2014 12:29:41.850 EEST
Begin processing the 5901st record. Run 1, Event 3521903, LumiSection 6735 at 01-Apr-2014 12:31:26.905 EEST
Begin processing the 6001st record. Run 1, Event 3522003, LumiSection 6735 at 01-Apr-2014 12:33:08.837 EEST
Begin processing the 6101st record. Run 1, Event 3522103, LumiSection 6735 at 01-Apr-2014 12:34:50.632 EEST
Begin processing the 6201st record. Run 1, Event 3522203, LumiSection 6735 at 01-Apr-2014 12:36:37.439 EEST
Begin processing the 6301st record. Run 1, Event 3522303, LumiSection 6735 at 01-Apr-2014 12:38:17.532 EEST
Begin processing the 6401st record. Run 1, Event 3522403, LumiSection 6735 at 01-Apr-2014 12:39:50.386 EEST
Begin processing the 6501st record. Run 1, Event 3524595, LumiSection 6740 at 01-Apr-2014 12:41:30.364 EEST
Begin processing the 6601st record. Run 1, Event 3524695, LumiSection 6740 at 01-Apr-2014 12:43:11.975 EEST
Begin processing the 6701st record. Run 1, Event 3524795, LumiSection 6740 at 01-Apr-2014 12:44:52.825 EEST
Begin processing the 6801st record. Run 1, Event 3524895, LumiSection 6740 at 01-Apr-2014 12:46:32.790 EEST
Begin processing the 6901st record. Run 1, Event 3524995, LumiSection 6740 at 01-Apr-2014 12:48:04.004 EEST
Begin processing the 7001st record. Run 1, Event 3550722, LumiSection 6790 at 01-Apr-2014 12:49:31.116 EEST
Begin processing the 7101st record. Run 1, Event 3550822, LumiSection 6790 at 01-Apr-2014 12:51:18.832 EEST
Begin processing the 7201st record. Run 1, Event 3550922, LumiSection 6790 at 01-Apr-2014 12:53:01.339 EEST
Begin processing the 7301st record. Run 1, Event 3551022, LumiSection 6790 at 01-Apr-2014 12:54:38.376 EEST
Begin processing the 7401st record. Run 1, Event 3551122, LumiSection 6790 at 01-Apr-2014 12:56:11.320 EEST
Begin processing the 7501st record. Run 1, Event 3567435, LumiSection 6822 at 01-Apr-2014 12:57:48.376 EEST
Begin processing the 7601st record. Run 1, Event 3567535, LumiSection 6822 at 01-Apr-2014 12:59:33.416 EEST
Begin processing the 7701st record. Run 1, Event 3567635, LumiSection 6822 at 01-Apr-2014 13:01:20.535 EEST
Begin processing the 7801st record. Run 1, Event 3567735, LumiSection 6822 at 01-Apr-2014 13:02:58.163 EEST
Begin processing the 7901st record. Run 1, Event 3567835, LumiSection 6822 at 01-Apr-2014 13:04:37.404 EEST
Begin processing the 8001st record. Run 1, Event 3569504, LumiSection 6826 at 01-Apr-2014 13:06:20.452 EEST
Begin processing the 8101st record. Run 1, Event 3569604, LumiSection 6826 at 01-Apr-2014 13:08:06.669 EEST
Begin processing the 8201st record. Run 1, Event 3569704, LumiSection 6826 at 01-Apr-2014 13:09:38.966 EEST
Begin processing the 8301st record. Run 1, Event 3569804, LumiSection 6826 at 01-Apr-2014 13:11:21.149 EEST
Begin processing the 8401st record. Run 1, Event 3569904, LumiSection 6826 at 01-Apr-2014 13:12:54.210 EEST
%MSG-e NullTransverseMomentum:  FastjetJetProducer:kt6PFJets  01-Apr-2014 13:14:10 EEST Run: 1 Event: 3569972
dropping input candidate with pt=0
%MSG
%MSG-e NullTransverseMomentum:   FastjetJetProducer:kt6PFJetsForRhoComputationVoronoi 01-Apr-2014 13:14:10 EEST  Run: 1 Event: 3569972
dropping input candidate with pt=0
%MSG
Begin processing the 8501st record. Run 1, Event 3637471, LumiSection 6956 at 01-Apr-2014 13:14:49.825 EEST
Begin processing the 8601st record. Run 1, Event 3637571, LumiSection 6956 at 01-Apr-2014 13:16:32.792 EEST
Begin processing the 8701st record. Run 1, Event 3637671, LumiSection 6956 at 01-Apr-2014 13:18:15.260 EEST
Begin processing the 8801st record. Run 1, Event 3637771, LumiSection 6956 at 01-Apr-2014 13:19:58.829 EEST
Begin processing the 8901st record. Run 1, Event 3637871, LumiSection 6956 at 01-Apr-2014 13:21:27.451 EEST
Begin processing the 9001st record. Run 1, Event 3637971, LumiSection 6956 at 01-Apr-2014 13:23:10.683 EEST
Begin processing the 9101st record. Run 1, Event 3658468, LumiSection 6996 at 01-Apr-2014 13:25:08.387 EEST
Begin processing the 9201st record. Run 1, Event 3658568, LumiSection 6996 at 01-Apr-2014 13:26:53.406 EEST
Begin processing the 9301st record. Run 1, Event 3658668, LumiSection 6996 at 01-Apr-2014 13:28:28.905 EEST
Begin processing the 9401st record. Run 1, Event 3658768, LumiSection 6996 at 01-Apr-2014 13:30:12.746 EEST
Begin processing the 9501st record. Run 1, Event 3658868, LumiSection 6996 at 01-Apr-2014 13:32:02.765 EEST
Begin processing the 9601st record. Run 1, Event 3711268, LumiSection 7097 at 01-Apr-2014 13:33:40.951 EEST
Begin processing the 9701st record. Run 1, Event 3711368, LumiSection 7097 at 01-Apr-2014 13:35:22.041 EEST
Begin processing the 9801st record. Run 1, Event 3711468, LumiSection 7097 at 01-Apr-2014 13:36:54.941 EEST
Begin processing the 9901st record. Run 1, Event 3711568, LumiSection 7097 at 01-Apr-2014 13:38:35.061 EEST
Begin processing the 10001st record. Run 1, Event 3711668, LumiSection 7097 at 01-Apr-2014 13:40:20.630 EEST
Begin processing the 10101st record. Run 1, Event 3747332, LumiSection 7166 at 01-Apr-2014 13:42:01.327 EEST
Begin processing the 10201st record. Run 1, Event 3747432, LumiSection 7166 at 01-Apr-2014 13:43:50.995 EEST
Begin processing the 10301st record. Run 1, Event 3747532, LumiSection 7166 at 01-Apr-2014 13:45:34.365 EEST
Begin processing the 10401st record. Run 1, Event 3747632, LumiSection 7166 at 01-Apr-2014 13:47:21.118 EEST
Begin processing the 10501st record. Run 1, Event 3747732, LumiSection 7166 at 01-Apr-2014 13:48:56.981 EEST
Begin processing the 10601st record. Run 1, Event 3808500, LumiSection 7283 at 01-Apr-2014 13:50:41.898 EEST
Begin processing the 10701st record. Run 1, Event 3808600, LumiSection 7283 at 01-Apr-2014 13:52:30.510 EEST
Begin processing the 10801st record. Run 1, Event 3808700, LumiSection 7283 at 01-Apr-2014 13:54:18.705 EEST
Begin processing the 10901st record. Run 1, Event 3808800, LumiSection 7283 at 01-Apr-2014 13:56:09.679 EEST
Begin processing the 11001st record. Run 1, Event 3808900, LumiSection 7283 at 01-Apr-2014 13:57:50.781 EEST
Begin processing the 11101st record. Run 1, Event 3809000, LumiSection 7283 at 01-Apr-2014 13:59:39.808 EEST
Begin processing the 11201st record. Run 1, Event 3818514, LumiSection 7302 at 01-Apr-2014 14:01:26.581 EEST
Begin processing the 11301st record. Run 1, Event 3818614, LumiSection 7302 at 01-Apr-2014 14:03:09.888 EEST
Begin processing the 11401st record. Run 1, Event 3818714, LumiSection 7302 at 01-Apr-2014 14:04:43.731 EEST
Begin processing the 11501st record. Run 1, Event 3818814, LumiSection 7302 at 01-Apr-2014 14:06:20.458 EEST
Begin processing the 11601st record. Run 1, Event 3818914, LumiSection 7302 at 01-Apr-2014 14:07:56.076 EEST
Begin processing the 11701st record. Run 1, Event 3837319, LumiSection 7338 at 01-Apr-2014 14:09:33.870 EEST
Begin processing the 11801st record. Run 1, Event 3837419, LumiSection 7338 at 01-Apr-2014 14:11:12.100 EEST
Begin processing the 11901st record. Run 1, Event 3837519, LumiSection 7338 at 01-Apr-2014 14:12:44.946 EEST
Begin processing the 12001st record. Run 1, Event 3837619, LumiSection 7338 at 01-Apr-2014 14:14:25.829 EEST
Begin processing the 12101st record. Run 1, Event 3837719, LumiSection 7338 at 01-Apr-2014 14:16:12.363 EEST
Begin processing the 12201st record. Run 1, Event 3885412, LumiSection 7430 at 01-Apr-2014 14:17:52.305 EEST
Begin processing the 12301st record. Run 1, Event 3885512, LumiSection 7430 at 01-Apr-2014 14:19:31.009 EEST
Begin processing the 12401st record. Run 1, Event 3885612, LumiSection 7430 at 01-Apr-2014 14:21:21.852 EEST
Begin processing the 12501st record. Run 1, Event 3885712, LumiSection 7430 at 01-Apr-2014 14:22:57.851 EEST
Begin processing the 12601st record. Run 1, Event 3885812, LumiSection 7430 at 01-Apr-2014 14:24:31.903 EEST
Begin processing the 12701st record. Run 1, Event 3938212, LumiSection 7531 at 01-Apr-2014 14:26:19.256 EEST
Begin processing the 12801st record. Run 1, Event 3938312, LumiSection 7531 at 01-Apr-2014 14:27:57.407 EEST
Begin processing the 12901st record. Run 1, Event 3938412, LumiSection 7531 at 01-Apr-2014 14:29:29.991 EEST
Begin processing the 13001st record. Run 1, Event 3938512, LumiSection 7531 at 01-Apr-2014 14:31:14.161 EEST
Begin processing the 13101st record. Run 1, Event 3938612, LumiSection 7531 at 01-Apr-2014 14:32:44.048 EEST
Begin processing the 13201st record. Run 1, Event 3938712, LumiSection 7531 at 01-Apr-2014 14:34:22.854 EEST
Begin processing the 13301st record. Run 1, Event 4300205, LumiSection 8223 at 01-Apr-2014 14:35:58.726 EEST
Begin processing the 13401st record. Run 1, Event 4300305, LumiSection 8223 at 01-Apr-2014 14:37:41.342 EEST
Begin processing the 13501st record. Run 1, Event 4300405, LumiSection 8223 at 01-Apr-2014 14:39:25.848 EEST
Begin processing the 13601st record. Run 1, Event 4300505, LumiSection 8223 at 01-Apr-2014 14:40:58.403 EEST
Begin processing the 13701st record. Run 1, Event 4300605, LumiSection 8223 at 01-Apr-2014 14:42:32.959 EEST
Begin processing the 13801st record. Run 1, Event 4414196, LumiSection 8441 at 01-Apr-2014 14:44:17.224 EEST
Begin processing the 13901st record. Run 1, Event 4414296, LumiSection 8441 at 01-Apr-2014 14:45:55.317 EEST
Begin processing the 14001st record. Run 1, Event 4414396, LumiSection 8441 at 01-Apr-2014 14:47:34.749 EEST
Begin processing the 14101st record. Run 1, Event 4414496, LumiSection 8441 at 01-Apr-2014 14:49:10.251 EEST
Begin processing the 14201st record. Run 1, Event 4414596, LumiSection 8441 at 01-Apr-2014 14:51:03.249 EEST
Begin processing the 14301st record. Run 1, Event 4453398, LumiSection 8516 at 01-Apr-2014 14:52:43.412 EEST
Begin processing the 14401st record. Run 1, Event 4453498, LumiSection 8516 at 01-Apr-2014 14:54:25.776 EEST
Begin processing the 14501st record. Run 1, Event 4453598, LumiSection 8516 at 01-Apr-2014 14:56:05.015 EEST
Begin processing the 14601st record. Run 1, Event 4453698, LumiSection 8516 at 01-Apr-2014 14:57:55.778 EEST
Begin processing the 14701st record. Run 1, Event 4453798, LumiSection 8516 at 01-Apr-2014 14:59:33.223 EEST
Begin processing the 14801st record. Run 1, Event 4469588, LumiSection 8547 at 01-Apr-2014 15:01:13.402 EEST
Begin processing the 14901st record. Run 1, Event 4469688, LumiSection 8547 at 01-Apr-2014 15:02:52.242 EEST
Begin processing the 15001st record. Run 1, Event 4469788, LumiSection 8547 at 01-Apr-2014 15:04:22.753 EEST
Begin processing the 15101st record. Run 1, Event 4469888, LumiSection 8547 at 01-Apr-2014 15:06:04.881 EEST
Begin processing the 15201st record. Run 1, Event 4469988, LumiSection 8547 at 01-Apr-2014 15:07:47.512 EEST
01-Apr-2014 15:09:13 EEST  Closed file file:/hdfs/cms/store/mc/Summer12_DR53X/WZ_TuneZ2star_8TeV_pythia6_tauola/AODSIM/PU_S10_START53_V7A-v1/0000/8CBE577C-5CCE-E111-8A76-848F69FD2919.root
01-Apr-2014 15:09:13 EEST  Initiating request to open file file:/hdfs/cms/store/mc/Summer12_DR53X/WZ_TuneZ2star_8TeV_pythia6_tauola/AODSIM/PU_S10_START53_V7A-v1/0000/4CC67F36-5DCE-E111-9B5F-848F69FD45A4.root
01-Apr-2014 15:09:14 EEST  Successfully opened file file:/hdfs/cms/store/mc/Summer12_DR53X/WZ_TuneZ2star_8TeV_pythia6_tauola/AODSIM/PU_S10_START53_V7A-v1/0000/4CC67F36-5DCE-E111-9B5F-848F69FD45A4.root
Begin processing the 15301st record. Run 1, Event 3477957, LumiSection 6651 at 01-Apr-2014 15:09:44.002 EEST
Begin processing the 15401st record. Run 1, Event 3478057, LumiSection 6651 at 01-Apr-2014 15:11:29.068 EEST
Begin processing the 15501st record. Run 1, Event 3478157, LumiSection 6651 at 01-Apr-2014 15:13:12.783 EEST
Begin processing the 15601st record. Run 1, Event 3478257, LumiSection 6651 at 01-Apr-2014 15:14:53.968 EEST
Begin processing the 15701st record. Run 1, Event 3478357, LumiSection 6651 at 01-Apr-2014 15:16:43.100 EEST
Begin processing the 15801st record. Run 1, Event 3478457, LumiSection 6651 at 01-Apr-2014 15:18:23.631 EEST
Begin processing the 15901st record. Run 1, Event 3484833, LumiSection 6664 at 01-Apr-2014 15:20:01.692 EEST
Begin processing the 16001st record. Run 1, Event 3484933, LumiSection 6664 at 01-Apr-2014 15:22:06.439 EEST
Begin processing the 16101st record. Run 1, Event 3485033, LumiSection 6664 at 01-Apr-2014 15:23:48.321 EEST
Begin processing the 16201st record. Run 1, Event 3485133, LumiSection 6664 at 01-Apr-2014 15:25:32.991 EEST
Begin processing the 16301st record. Run 1, Event 3485233, LumiSection 6664 at 01-Apr-2014 15:27:14.397 EEST
Begin processing the 16401st record. Run 1, Event 3488471, LumiSection 6671 at 01-Apr-2014 15:28:57.295 EEST
Begin processing the 16501st record. Run 1, Event 3488571, LumiSection 6671 at 01-Apr-2014 15:30:45.174 EEST
Begin processing the 16601st record. Run 1, Event 3488671, LumiSection 6671 at 01-Apr-2014 15:32:24.402 EEST
Begin processing the 16701st record. Run 1, Event 3488771, LumiSection 6671 at 01-Apr-2014 15:34:30.200 EEST
Begin processing the 16801st record. Run 1, Event 3488871, LumiSection 6671 at 01-Apr-2014 15:36:25.110 EEST
Begin processing the 16901st record. Run 1, Event 3495770, LumiSection 6685 at 01-Apr-2014 15:38:15.760 EEST
Begin processing the 17001st record. Run 1, Event 3495870, LumiSection 6685 at 01-Apr-2014 15:40:02.016 EEST
Begin processing the 17101st record. Run 1, Event 3495970, LumiSection 6685 at 01-Apr-2014 15:42:01.388 EEST
Begin processing the 17201st record. Run 1, Event 3496070, LumiSection 6685 at 01-Apr-2014 15:43:39.427 EEST
Begin processing the 17301st record. Run 1, Event 3496170, LumiSection 6685 at 01-Apr-2014 15:45:38.865 EEST
Begin processing the 17401st record. Run 1, Event 3500977, LumiSection 6695 at 01-Apr-2014 15:47:23.903 EEST
Begin processing the 17501st record. Run 1, Event 3501077, LumiSection 6695 at 01-Apr-2014 15:49:16.650 EEST
Begin processing the 17601st record. Run 1, Event 3501177, LumiSection 6695 at 01-Apr-2014 15:51:04.049 EEST
Begin processing the 17701st record. Run 1, Event 3501277, LumiSection 6695 at 01-Apr-2014 15:53:05.567 EEST
Begin processing the 17801st record. Run 1, Event 3501377, LumiSection 6695 at 01-Apr-2014 15:54:58.167 EEST
Begin processing the 17901st record. Run 1, Event 3501477, LumiSection 6695 at 01-Apr-2014 15:56:51.381 EEST
Begin processing the 18001st record. Run 1, Event 3502100, LumiSection 6697 at 01-Apr-2014 15:58:35.330 EEST
Begin processing the 18101st record. Run 1, Event 3502200, LumiSection 6697 at 01-Apr-2014 16:00:28.597 EEST
Begin processing the 18201st record. Run 1, Event 3502300, LumiSection 6697 at 01-Apr-2014 16:02:25.616 EEST
Begin processing the 18301st record. Run 1, Event 3502400, LumiSection 6697 at 01-Apr-2014 16:04:12.181 EEST
Begin processing the 18401st record. Run 1, Event 3502500, LumiSection 6697 at 01-Apr-2014 16:05:50.483 EEST
Begin processing the 18501st record. Run 1, Event 3503123, LumiSection 6699 at 01-Apr-2014 16:07:48.686 EEST
Begin processing the 18601st record. Run 1, Event 3503223, LumiSection 6699 at 01-Apr-2014 16:09:45.509 EEST
Begin processing the 18701st record. Run 1, Event 3503323, LumiSection 6699 at 01-Apr-2014 16:11:40.698 EEST
Begin processing the 18801st record. Run 1, Event 3503423, LumiSection 6699 at 01-Apr-2014 16:13:22.883 EEST
Begin processing the 18901st record. Run 1, Event 3503523, LumiSection 6699 at 01-Apr-2014 16:15:17.571 EEST
Begin processing the 19001st record. Run 1, Event 3531865, LumiSection 6754 at 01-Apr-2014 16:17:07.768 EEST
Begin processing the 19101st record. Run 1, Event 3531965, LumiSection 6754 at 01-Apr-2014 16:19:11.350 EEST
Begin processing the 19201st record. Run 1, Event 3532065, LumiSection 6754 at 01-Apr-2014 16:20:49.425 EEST
Begin processing the 19301st record. Run 1, Event 3532165, LumiSection 6754 at 01-Apr-2014 16:22:36.211 EEST
Begin processing the 19401st record. Run 1, Event 3532265, LumiSection 6754 at 01-Apr-2014 16:24:34.415 EEST
Begin processing the 19501st record. Run 1, Event 3538641, LumiSection 6767 at 01-Apr-2014 16:26:19.233 EEST
Begin processing the 19601st record. Run 1, Event 3538741, LumiSection 6767 at 01-Apr-2014 16:28:05.918 EEST
Begin processing the 19701st record. Run 1, Event 3538841, LumiSection 6767 at 01-Apr-2014 16:29:58.046 EEST
Begin processing the 19801st record. Run 1, Event 3538941, LumiSection 6767 at 01-Apr-2014 16:31:34.272 EEST
Begin processing the 19901st record. Run 1, Event 3539041, LumiSection 6767 at 01-Apr-2014 16:33:18.641 EEST
Begin processing the 20001st record. Run 1, Event 3539141, LumiSection 6767 at 01-Apr-2014 16:35:02.626 EEST
Begin processing the 20101st record. Run 1, Event 3560684, LumiSection 6809 at 01-Apr-2014 16:36:55.720 EEST
Begin processing the 20201st record. Run 1, Event 3560784, LumiSection 6809 at 01-Apr-2014 16:38:47.905 EEST
Begin processing the 20301st record. Run 1, Event 3560884, LumiSection 6809 at 01-Apr-2014 16:40:28.318 EEST
Begin processing the 20401st record. Run 1, Event 3560984, LumiSection 6809 at 01-Apr-2014 16:42:12.333 EEST
Begin processing the 20501st record. Run 1, Event 3561084, LumiSection 6809 at 01-Apr-2014 16:43:52.057 EEST
Begin processing the 20601st record. Run 1, Event 3566937, LumiSection 6821 at 01-Apr-2014 16:45:31.581 EEST
Begin processing the 20701st record. Run 1, Event 3567037, LumiSection 6821 at 01-Apr-2014 16:47:20.916 EEST
Begin processing the 20801st record. Run 1, Event 3567137, LumiSection 6821 at 01-Apr-2014 16:49:10.489 EEST
Begin processing the 20901st record. Run 1, Event 3567237, LumiSection 6821 at 01-Apr-2014 16:51:06.020 EEST
Begin processing the 21001st record. Run 1, Event 3567337, LumiSection 6821 at 01-Apr-2014 16:52:53.794 EEST
Begin processing the 21101st record. Run 1, Event 3589926, LumiSection 6865 at 01-Apr-2014 16:54:38.421 EEST
Begin processing the 21201st record. Run 1, Event 3590026, LumiSection 6865 at 01-Apr-2014 16:56:31.563 EEST
Begin processing the 21301st record. Run 1, Event 3590126, LumiSection 6865 at 01-Apr-2014 16:58:18.007 EEST
Begin processing the 21401st record. Run 1, Event 3590226, LumiSection 6865 at 01-Apr-2014 17:00:00.322 EEST
Begin processing the 21501st record. Run 1, Event 3590326, LumiSection 6865 at 01-Apr-2014 17:01:39.012 EEST
Begin processing the 21601st record. Run 1, Event 3606639, LumiSection 6897 at 01-Apr-2014 17:03:22.125 EEST
Begin processing the 21701st record. Run 1, Event 3606739, LumiSection 6897 at 01-Apr-2014 17:05:16.089 EEST
Begin processing the 21801st record. Run 1, Event 3606839, LumiSection 6897 at 01-Apr-2014 17:07:03.734 EEST
Begin processing the 21901st record. Run 1, Event 3606939, LumiSection 6897 at 01-Apr-2014 17:08:49.358 EEST
Begin processing the 22001st record. Run 1, Event 3607039, LumiSection 6897 at 01-Apr-2014 17:10:30.739 EEST
Begin processing the 22101st record. Run 1, Event 3616030, LumiSection 6915 at 01-Apr-2014 17:12:20.304 EEST
Begin processing the 22201st record. Run 1, Event 3616130, LumiSection 6915 at 01-Apr-2014 17:13:56.412 EEST
Begin processing the 22301st record. Run 1, Event 3616230, LumiSection 6915 at 01-Apr-2014 17:15:33.964 EEST
Begin processing the 22401st record. Run 1, Event 3616330, LumiSection 6915 at 01-Apr-2014 17:17:13.418 EEST
Begin processing the 22501st record. Run 1, Event 3616430, LumiSection 6915 at 01-Apr-2014 17:19:04.046 EEST
Begin processing the 22601st record. Run 1, Event 3616530, LumiSection 6915 at 01-Apr-2014 17:20:43.227 EEST
Begin processing the 22701st record. Run 1, Event 3643303, LumiSection 6967 at 01-Apr-2014 17:22:24.582 EEST
Begin processing the 22801st record. Run 1, Event 3643403, LumiSection 6967 at 01-Apr-2014 17:24:07.268 EEST
Begin processing the 22901st record. Run 1, Event 3643503, LumiSection 6967 at 01-Apr-2014 17:25:50.938 EEST
Begin processing the 23001st record. Run 1, Event 3643603, LumiSection 6967 at 01-Apr-2014 17:27:42.081 EEST
Begin processing the 23101st record. Run 1, Event 3643703, LumiSection 6967 at 01-Apr-2014 17:29:23.173 EEST
Begin processing the 23201st record. Run 1, Event 3664723, LumiSection 7008 at 01-Apr-2014 17:31:10.687 EEST
Begin processing the 23301st record. Run 1, Event 3664823, LumiSection 7008 at 01-Apr-2014 17:32:55.506 EEST
Begin processing the 23401st record. Run 1, Event 3664923, LumiSection 7008 at 01-Apr-2014 17:34:44.451 EEST
Begin processing the 23501st record. Run 1, Event 3665023, LumiSection 7008 at 01-Apr-2014 17:36:24.392 EEST
Begin processing the 23601st record. Run 1, Event 3665123, LumiSection 7008 at 01-Apr-2014 17:38:07.932 EEST
Begin processing the 23701st record. Run 1, Event 3687189, LumiSection 7051 at 01-Apr-2014 17:39:56.588 EEST
Begin processing the 23801st record. Run 1, Event 3687289, LumiSection 7051 at 01-Apr-2014 17:41:46.391 EEST
Begin processing the 23901st record. Run 1, Event 3687389, LumiSection 7051 at 01-Apr-2014 17:43:33.654 EEST
Begin processing the 24001st record. Run 1, Event 3687489, LumiSection 7051 at 01-Apr-2014 17:45:20.522 EEST
Begin processing the 24101st record. Run 1, Event 3687589, LumiSection 7051 at 01-Apr-2014 17:46:58.306 EEST
Begin processing the 24201st record. Run 1, Event 3709132, LumiSection 7093 at 01-Apr-2014 17:49:02.873 EEST
----- Begin Fatal Exception 01-Apr-2014 17:49:36 EEST-----------------------
An exception of category 'SimpleJetCorrectionUncertainty' occurred while
   [0] Processing run: 1 lumi: 7093 event: 3709163
   [1] Running path 'p'
   [2] Calling event method for module ShiftedPATJetProducer/'shiftedPatJetsEnUpForRawMEtSmeared'
Exception Message:
 bin variables out of range
----- End Fatal Exception -------------------------------------------------
01-Apr-2014 17:49:36 EEST  Closed file file:/hdfs/cms/store/mc/Summer12_DR53X/WZ_TuneZ2star_8TeV_pythia6_tauola/AODSIM/PU_S10_START53_V7A-v1/0000/4CC67F36-5DCE-E111-9B5F-848F69FD45A4.root
 AdvLeptonFilter : number of event failed -> 23462 on local total number ->24231
 Detail of selection over 769 events (double counting allowed) :
2e20M_ 	 ---> 335
1e20M_1m20M_ 	 ---> 95
2m20M_ 	 ---> 381
Ghm -- Event Statistics 
	number of	analyzed	events:769 / 24232
	number of	selected	events:769 / 24232
 Cross Section begin 

=============================================

MessageLogger Summary

 type     category        sev    module        subroutine        count    total
 ---- -------------------- -- ---------------- ----------------  -----    -----
    1 TkTransientTrackingR -w GhmZeeAnalyzer:Z                       1        1
    2 NullTransverseMoment -e FastjetJetProduc                       1        1
    3 NullTransverseMoment -e FastjetJetProduc                       1        1
    4 Fatal Exception      -s PostProcessPath                        1        1
    5 fileAction           -s file_close                             3        3
    6 fileAction           -s file_open                              6        6

 type    category    Examples: run/evt        run/evt          run/evt
 ---- -------------------- ---------------- ---------------- ----------------
    1 TkTransientTrackingRecHitBuilderESProducer 1/4581357                         
    2 NullTransverseMomentum 1/3569972                         
    3 NullTransverseMomentum 1/3569972                         
    4 Fatal Exception      1/3709163                         
    5 fileAction           PostProcessEvent PostProcessEvent PostEndRun
    6 fileAction           pre-events       pre-events       PostProcessEvent

Severity    # Occurrences   Total Occurrences
--------    -------------   -----------------
Warning                 1                   1
Error                   2                   2
System                 10                  10
>>> END OF printout of 352 lines from stdout+stderr
>>> ERROR: Fatal Exception from CMSSW:
----- Begin Fatal Exception 01-Apr-2014 17:49:36 EEST-----------------------
An exception of category 'SimpleJetCorrectionUncertainty' occurred while
   [0] Processing run: 1 lumi: 7093 event: 3709163
   [1] Running path 'p'
   [2] Calling event method for module ShiftedPATJetProducer/'shiftedPatJetsEnUpForRawMEtSmeared'
Exception Message:
 bin variables out of range
----- End Fatal Exception -------------------------------------------------
>>> Parse FrameworkJobReport crab_fjr.xml
Result of parsing the FrameworkJobReport crab_fjr.xml: Popularity start
lumisRange : 1::6613,6684,6706,6724,6728,6735,6740,6790,6822,6826,6956,6996,7097,7166,7283,7302,7338,7430,7531,8223,8441,8516,8547::1;1::6651,6664,6671,6685,6695,6697,6699,6754,6767,6809,6821,6865,6897,6915,6967,7008,7051,7093::2;1::8760,8807,8822,8854,8867,8873,8895::3;
lumisParentRange : 
Basename : /store/mc/Summer12_DR53X/WZ_TuneZ2star_8TeV_pythia6_tauola/AODSIM/PU_S10_START53_V7A-v1/0000/
BasenameParent : 
parentFiles : 
inputBlocks : /WZ_TuneZ2star_8TeV_pythia6_tauola/Summer12_DR53X-PU_S10_START53_V7A-v1/AODSIM#62eadc0a-ce29-11e1-b975-003048f02c8a
inputFiles : 8CBE577C-5CCE-E111-8A76-848F69FD2919.root::1::EDM::Local::1;4CC67F36-5DCE-E111-9B5F-848F69FD45A4.root::1::EDM::Local::2;BA628329-5CCE-E111-B4EE-0024E8769965.root::1::EDM::Local::3;48862D36-5DCE-E111-A821-00A0D1EEF364.root::2::Unknown::Unknown::Unknown;
Popularity stop
Extracted ExitStatus from FrameworkJobReport parsing output: 8001
>>> Executable failed  8001
ExeExitCode=8001
EXECUTABLE_EXIT_STATUS = 8001
Checking output files:  
will tar file crab_fjr_28.xml in  out_files_28
WARNING: output file CMSSW_28.stdout not found!
WARNING: output file CMSSW_28.stderr not found!
WARNING: output file Watchdog_28.log.gz not found!
>>> padding time: Wrapper lasting more than 600 seconds. No sleep required.
STOPPING WATCHDOG. CrabWatchdog PID is 30192
********** LAST 50 LINES OF WATCHDOG LOG
# RESOURCE USAGE SUMMARY FOR PROCESS ID 28278
USER       PID %CPU %MEM    VSZ   RSS TTY      STAT START   TIME COMMAND
cms041   28278  0.1  0.0   9472  1676 ?        S    10:27   0:00 /bin/sh /scratch/grid/hCjLDmTB8ojnazHbxmBd5LqoABFKDmABFKDmM0LKDmCBFKDm8RHlgm/glide_KRrXwN/execute/dir_27414/condor_exec.exe 28 4
 
# LIMITS USED BY CRAB WATCHDOG:
# RSS  (KBytes)   : 2300000
# VSZ  (KBytes)   : 100000000
# DISK (MBytes)   : 19000
# CPU TIME        : 720h:0m:0s
# WALL CLOCK TIME : 21h:50m:0s
 
# FOLLOWING PRINTOUT TRACKS MAXIMUM VALUES OF RESOURCES USE
# ONE LINE IS PRINTED EACH TIME A MAXIMUM CHANGES
# IF CHANGE WAS IN RSS OR VSZ ALSO PROCID AND COMMAND ARE PRINTED
# THERE IS NO PRINTOUT FOR CPU/WALL TIME INCREASE
 
# TIME			PID	RSS(KB)	VSZ(KB)	Dsk(MB)	tCPU(s)	tWALL(s)	COMMAND
 Apr 01 10:28:20 EEST	28278	1676	9472	0	0	0	/bin/sh /scratch/grid/hCjLDmTB8ojnazHbxmBd5LqoABFKDmABFKDmM0LKDmCBFKDm8RHlgm/glide_KRrXwN/execute/dir_27414/condor_exec.exe 28 4       
 Apr 01 10:28:20 EEST	30216	13216	82428	0	0	3	edmConfigHash pset.py         
 Apr 01 10:28:20 EEST	---	13216	82428	262	----	----	----
 Apr 01 10:29:24 EEST	---	13216	82428	266	----	----	----
 Apr 01 10:30:27 EEST	1085	41056	147896	266	5	129	cmsRun -j /scratch/grid/hCjLDmTB8ojnazHbxmBd5LqoABFKDmABFKDmM0LKDmCBFKDm8RHlgm/glide_KRrXwN/execute/dir_27414/crab_fjr_28.xml -p pset.py      
 Apr 01 10:31:33 EEST	1085	70128	173372	266	10	195	cmsRun -j /scratch/grid/hCjLDmTB8ojnazHbxmBd5LqoABFKDmABFKDmM0LKDmCBFKDm8RHlgm/glide_KRrXwN/execute/dir_27414/crab_fjr_28.xml -p pset.py      
 Apr 01 10:32:38 EEST	1085	335408	557416	266	24	260	cmsRun -j /scratch/grid/hCjLDmTB8ojnazHbxmBd5LqoABFKDmABFKDmM0LKDmCBFKDm8RHlgm/glide_KRrXwN/execute/dir_27414/crab_fjr_28.xml -p pset.py      
 Apr 01 10:33:44 EEST	1085	462376	721428	266	50	326	cmsRun -j /scratch/grid/hCjLDmTB8ojnazHbxmBd5LqoABFKDmABFKDmM0LKDmCBFKDm8RHlgm/glide_KRrXwN/execute/dir_27414/crab_fjr_28.xml -p pset.py      
 Apr 01 10:34:49 EEST	1085	936904	1263180	266	93	391	cmsRun -j /scratch/grid/hCjLDmTB8ojnazHbxmBd5LqoABFKDmABFKDmM0LKDmCBFKDm8RHlgm/glide_KRrXwN/execute/dir_27414/crab_fjr_28.xml -p pset.py      
 Apr 01 10:35:54 EEST	1085	936908	1263180	266	145	456	cmsRun -j /scratch/grid/hCjLDmTB8ojnazHbxmBd5LqoABFKDmABFKDmM0LKDmCBFKDm8RHlgm/glide_KRrXwN/execute/dir_27414/crab_fjr_28.xml -p pset.py      
 Apr 01 10:37:00 EEST	1085	939700	1263180	266	196	522	cmsRun -j /scratch/grid/hCjLDmTB8ojnazHbxmBd5LqoABFKDmABFKDmM0LKDmCBFKDm8RHlgm/glide_KRrXwN/execute/dir_27414/crab_fjr_28.xml -p pset.py      
 Apr 01 10:41:22 EEST	1085	940988	1263180	266	406	784	cmsRun -j /scratch/grid/hCjLDmTB8ojnazHbxmBd5LqoABFKDmABFKDmM0LKDmCBFKDm8RHlgm/glide_KRrXwN/execute/dir_27414/crab_fjr_28.xml -p pset.py      
 Apr 01 10:42:28 EEST	1085	943396	1263180	266	461	850	cmsRun -j /scratch/grid/hCjLDmTB8ojnazHbxmBd5LqoABFKDmABFKDmM0LKDmCBFKDm8RHlgm/glide_KRrXwN/execute/dir_27414/crab_fjr_28.xml -p pset.py      
 Apr 01 11:38:03 EEST	---	943396	1263180	267	----	----	----
 Apr 01 12:05:21 EEST	---	943396	1263180	268	----	----	----
 Apr 01 12:36:35 EEST	---	943396	1263180	269	----	----	----
 Apr 01 13:12:21 EEST	---	943396	1263180	270	----	----	----
 Apr 01 13:46:10 EEST	---	943396	1263180	271	----	----	----
 Apr 01 14:24:00 EEST	---	943396	1263180	272	----	----	----
 Apr 01 15:07:18 EEST	---	943396	1263180	273	----	----	----
 Apr 01 15:30:24 EEST	1085	943396	1264100	273	15382	18126	cmsRun -j /scratch/grid/hCjLDmTB8ojnazHbxmBd5LqoABFKDmABFKDmM0LKDmCBFKDm8RHlgm/glide_KRrXwN/execute/dir_27414/crab_fjr_28.xml -p pset.py      
 Apr 01 15:35:48 EEST	---	943396	1264100	274	----	----	----
 Apr 01 16:09:27 EEST	---	943396	1264100	275	----	----	----
 Apr 01 16:26:16 EEST	---	943396	1264100	276	----	----	----
 Apr 01 17:09:45 EEST	---	943396	1264100	277	----	----	----
 Apr 01 17:48:28 EEST	---	943396	1264100	278	----	----	----
 Apr 01 17:49:41 EEST	---	943396	1264100	279	----	----	----
 Apr 01 17:50:46 EEST	---	943396	1264100	280	----	----	----
********** WATCHDOG LOG ENDED
ZIPPING WATCHDOG LOG
Disk space used:
du -sh /scratch/grid/hCjLDmTB8ojnazHbxmBd5LqoABFKDmABFKDmM0LKDmCBFKDm8RHlgm/glide_KRrXwN/execute/dir_27414
280M	/scratch/grid/hCjLDmTB8ojnazHbxmBd5LqoABFKDmABFKDmM0LKDmCBFKDm8RHlgm/glide_KRrXwN/execute/dir_27414
Found unusual stdout, rename for OSB
`/scratch/grid/hCjLDmTB8ojnazHbxmBd5LqoABFKDmABFKDmM0LKDmCBFKDm8RHlgm/glide_KRrXwN/execute/dir_27414/_condor_stdout' -> `CMSSW_28.stdout'
Found unusual stderr, rename for OSB
`/scratch/grid/hCjLDmTB8ojnazHbxmBd5LqoABFKDmABFKDmM0LKDmCBFKDm8RHlgm/glide_KRrXwN/execute/dir_27414/_condor_stdout' -> `CMSSW_28.stderr'
crab_fjr_28.xml
CMSSW_28.stdout
CMSSW_28.stderr
Watchdog_28.log.gz
Total Output dimension: 31195
WARNING: output files size limit is set to: 50000000
Total Output dimension 31195 is fine.
JOB_EXIT_STATUS = 8001
>>> info for dashboard:
***** Cat /scratch/grid/hCjLDmTB8ojnazHbxmBd5LqoABFKDmABFKDmM0LKDmCBFKDm8RHlgm/glide_KRrXwN/execute/dir_27414/jobreport.txt *****
MonitorJobID=28_https://submit-6.t2.ucsd.edu//140401//125290.0
MonitorID=yoshin_WZ_a862sp
ExeTime=26398
ExeExitCode=8001
CrabUserCpuTime=22128.79
CrabSysCpuTime=241.19
CrabCpuPercentage=84%
CrabWrapperTime=26653
CrabStageoutTime=NULL
JobExitCode=8001
***** End Cat jobreport *****
Parameters sent to Dashboard.
